2022-07-05 00:19:00.091 Info: Memory 18% phys=16384 size=10751(65%) rss=3041(18%) swap=1(0%) file=16(0%) forest=863(5%) cache=5120(31%) registry=1(0%)
2022-07-05 00:27:32.880 Error: Exception Telemetry: XDMP-TELEM-RETRY: The maximum number of retries exceeded while connecting to Telemetry: Invalid endpoint in field: upload-endpoint
2022-07-05 00:27:32.880 Warning: Failed to complete session task
2022-07-05 00:49:00.157 Info: Memory 18% phys=16384 size=10751(65%) rss=3058(18%) swap=1(0%) file=16(0%) forest=863(5%) cache=5120(31%) registry=1(0%)
2022-07-05 01:19:00.109 Info: Memory 18% phys=16384 size=10755(65%) rss=3076(18%) swap=1(0%) file=16(0%) forest=863(5%) cache=5120(31%) registry=1(0%)
2022-07-05 01:27:31.808 Error: Exception Telemetry: XDMP-TELEM-RETRY: The maximum number of retries exceeded while connecting to Telemetry: Invalid endpoint in field: upload-endpoint
2022-07-05 01:27:31.808 Warning: Failed to complete session task
2022-07-05 01:49:00.267 Info: Memory 18% phys=16384 size=10762(65%) rss=3093(18%) swap=1(0%) file=16(0%) forest=863(5%) cache=5120(31%) registry=1(0%)
2022-07-05 02:19:00.164 Info: Memory 18% phys=16384 size=10755(65%) rss=3111(18%) swap=1(0%) file=16(0%) forest=863(5%) cache=5120(31%) registry=1(0%)
2022-07-05 02:27:31.653 Error: Exception Telemetry: XDMP-TELEM-RETRY: The maximum number of retries exceeded while connecting to Telemetry: Invalid endpoint in field: upload-endpoint
2022-07-05 02:27:31.653 Warning: Failed to complete session task
2022-07-05 02:49:00.079 Info: Memory 19% phys=16384 size=10774(65%) rss=3127(19%) swap=1(0%) file=16(0%) forest=863(5%) cache=5120(31%) registry=1(0%)
2022-07-05 03:19:00.258 Info: Memory 19% phys=16384 size=10768(65%) rss=3144(19%) swap=1(0%) file=16(0%) forest=863(5%) cache=5120(31%) registry=1(0%)
2022-07-05 03:27:32.940 Error: Exception Telemetry: XDMP-TELEM-RETRY: The maximum number of retries exceeded while connecting to Telemetry: Invalid endpoint in field: upload-endpoint
2022-07-05 03:27:32.940 Warning: Failed to complete session task
2022-07-05 03:49:00.243 Info: Memory 19% phys=16384 size=10763(65%) rss=3160(19%) swap=1(0%) file=16(0%) forest=863(5%) cache=5120(31%) registry=1(0%)
2022-07-05 04:19:00.232 Info: Memory 19% phys=16384 size=10754(65%) rss=3176(19%) swap=1(0%) file=16(0%) forest=863(5%) cache=5120(31%) registry=1(0%)
2022-07-05 04:27:32.901 Error: Exception Telemetry: XDMP-TELEM-RETRY: The maximum number of retries exceeded while connecting to Telemetry: Invalid endpoint in field: upload-endpoint
2022-07-05 04:27:32.901 Warning: Failed to complete session task
2022-07-05 04:49:00.105 Info: Memory 19% phys=16384 size=10767(65%) rss=3193(19%) swap=1(0%) file=16(0%) forest=863(5%) cache=5120(31%) registry=1(0%)
2022-07-05 05:19:00.267 Info: Memory 19% phys=16384 size=10780(65%) rss=3210(19%) swap=1(0%) file=16(0%) forest=863(5%) cache=5120(31%) registry=1(0%)
2022-07-05 05:27:32.887 Error: Exception Telemetry: XDMP-TELEM-RETRY: The maximum number of retries exceeded while connecting to Telemetry: Invalid endpoint in field: upload-endpoint
2022-07-05 05:27:32.887 Warning: Failed to complete session task
2022-07-05 05:49:00.245 Info: Memory 19% phys=16384 size=10761(65%) rss=3227(19%) swap=1(0%) file=16(0%) forest=863(5%) cache=5120(31%) registry=1(0%)
2022-07-05 06:19:00.217 Info: Memory 19% phys=16384 size=10744(65%) rss=3244(19%) swap=1(0%) file=16(0%) forest=863(5%) cache=5120(31%) registry=1(0%)
2022-07-05 06:27:32.564 Error: Exception Telemetry: XDMP-TELEM-RETRY: The maximum number of retries exceeded while connecting to Telemetry: Invalid endpoint in field: upload-endpoint
2022-07-05 06:27:32.564 Warning: Failed to complete session task
2022-07-05 06:49:00.093 Info: Memory 19% phys=16384 size=10756(65%) rss=3259(19%) swap=1(0%) file=16(0%) forest=863(5%) cache=5120(31%) registry=1(0%)
2022-07-05 07:19:00.044 Info: Memory 20% phys=16384 size=10764(65%) rss=3277(20%) swap=1(0%) file=16(0%) forest=863(5%) cache=5120(31%) registry=1(0%)
2022-07-05 07:27:32.916 Error: Exception Telemetry: XDMP-TELEM-RETRY: The maximum number of retries exceeded while connecting to Telemetry: Invalid endpoint in field: upload-endpoint
2022-07-05 07:27:32.916 Warning: Failed to complete session task
2022-07-05 07:49:00.125 Info: Memory 20% phys=16384 size=10744(65%) rss=3292(20%) swap=1(0%) file=16(0%) forest=863(5%) cache=5120(31%) registry=1(0%)
2022-07-05 08:19:00.181 Info: Memory 20% phys=16384 size=10772(65%) rss=3309(20%) swap=1(0%) file=16(0%) forest=863(5%) cache=5120(31%) registry=1(0%)
2022-07-05 08:27:32.676 Error: Exception Telemetry: XDMP-TELEM-RETRY: The maximum number of retries exceeded while connecting to Telemetry: Invalid endpoint in field: upload-endpoint
2022-07-05 08:27:32.677 Warning: Failed to complete session task
2022-07-05 08:41:00.329 Info: Saving C:\Program Files\MarkLogic\Data\Forests\Meters\000000f5
2022-07-05 08:41:02.577 Info: Saved 31 MB in 2 sec at 14 MB/sec to C:\Program Files\MarkLogic\Data\Forests\Meters\000000f5
2022-07-05 08:41:02.684 Info: Merging 44 MB from C:\Program Files\MarkLogic\Data\Forests\Meters\000000f3 and C:\Program Files\MarkLogic\Data\Forests\Meters\000000f5 to C:\Program Files\MarkLogic\Data\Forests\Meters\000000f7, timestamp=16570350604125297
2022-07-05 08:41:05.425 Info: Merged 44 MB in 3 sec at 16 MB/sec to C:\Program Files\MarkLogic\Data\Forests\Meters\000000f7
2022-07-05 08:41:08.203 Info: Deleted 31 MB at 2999 MB/sec C:\Program Files\MarkLogic\Data\Forests\Meters\000000f3
2022-07-05 08:41:08.212 Info: Deleted 31 MB at 3411 MB/sec C:\Program Files\MarkLogic\Data\Forests\Meters\000000f5
2022-07-05 08:49:00.140 Info: Memory 18% phys=16384 size=10786(65%) rss=3012(18%) swap=1(0%) file=16(0%) forest=862(5%) cache=5120(31%) registry=1(0%)
2022-07-05 08:52:49.208 Info: Forest App-Services state changed from open to start closing because shutting down
2022-07-05 08:52:49.209 Info: Database App-Services is offline
2022-07-05 08:52:49.223 Info: Forest App-Services state changed from start closing to middle closing because shutting down
2022-07-05 08:52:49.223 Info: Forest App-Services state changed from middle closing to finish closing because shutting down
2022-07-05 08:52:49.223 Info: Forest App-Services checkpoint token={fsn=-1, off=0, sk=0} lastToken={fsn=3, off=2296, sk=16173072172578918570} token<=lastToken is true savingSomething=false
2022-07-05 08:52:49.303 Info: Forest App-Services state changed from finish closing to mounted because finished closing
2022-07-05 08:52:49.304 Info: Forest App-Services state changed from mounted to unmounted
2022-07-05 08:52:49.304 Notice: Unmounted forest App-Services
2022-07-05 08:52:49.304 Info: Forest Last-Login state changed from open to start closing because shutting down
2022-07-05 08:52:49.304 Info: Database Last-Login is offline
2022-07-05 08:52:49.316 Info: Forest Last-Login state changed from start closing to middle closing because shutting down
2022-07-05 08:52:49.317 Info: Forest Last-Login state changed from middle closing to finish closing because shutting down
2022-07-05 08:52:49.317 Info: Forest Last-Login checkpoint token={fsn=-1, off=0, sk=0} lastToken={fsn=-1, off=0, sk=0} token<=lastToken is true savingSomething=false
2022-07-05 08:52:49.379 Info: Forest Last-Login state changed from finish closing to mounted because finished closing
2022-07-05 08:52:49.379 Info: Forest Last-Login state changed from mounted to unmounted
2022-07-05 08:52:49.379 Notice: Unmounted forest Last-Login
2022-07-05 08:52:49.379 Info: Forest Extensions state changed from open to start closing because shutting down
2022-07-05 08:52:49.379 Info: Database Extensions is offline
2022-07-05 08:52:49.395 Info: Forest Extensions state changed from start closing to middle closing because shutting down
2022-07-05 08:52:49.395 Info: Forest Extensions state changed from middle closing to finish closing because shutting down
2022-07-05 08:52:49.395 Info: Forest Extensions checkpoint token={fsn=-1, off=0, sk=0} lastToken={fsn=-1, off=0, sk=0} token<=lastToken is true savingSomething=false
2022-07-05 08:52:49.457 Info: Forest Extensions state changed from finish closing to mounted because finished closing
2022-07-05 08:52:49.457 Info: Forest Extensions state changed from mounted to unmounted
2022-07-05 08:52:49.457 Notice: Unmounted forest Extensions
2022-07-05 08:52:49.458 Info: Forest Fab state changed from open to start closing because shutting down
2022-07-05 08:52:49.458 Info: Database Fab is offline
2022-07-05 08:52:49.473 Info: Forest Fab state changed from start closing to middle closing because shutting down
2022-07-05 08:52:49.473 Info: Forest Fab state changed from middle closing to finish closing because shutting down
2022-07-05 08:52:49.473 Info: Forest Fab checkpoint token={fsn=-1, off=0, sk=0} lastToken={fsn=-1, off=0, sk=0} token<=lastToken is true savingSomething=false
2022-07-05 08:52:49.535 Info: Forest Fab state changed from finish closing to mounted because finished closing
2022-07-05 08:52:49.535 Info: Forest Fab state changed from mounted to unmounted
2022-07-05 08:52:49.535 Notice: Unmounted forest Fab
2022-07-05 08:52:49.536 Info: Forest Triggers state changed from open to start closing because shutting down
2022-07-05 08:52:49.536 Info: Database Triggers is offline
2022-07-05 08:52:49.551 Info: Forest Triggers state changed from start closing to middle closing because shutting down
2022-07-05 08:52:49.551 Info: Forest Triggers state changed from middle closing to finish closing because shutting down
2022-07-05 08:52:49.551 Info: Forest Triggers checkpoint token={fsn=-1, off=0, sk=0} lastToken={fsn=-1, off=0, sk=0} token<=lastToken is true savingSomething=false
2022-07-05 08:52:49.613 Info: Forest Triggers state changed from finish closing to mounted because finished closing
2022-07-05 08:52:49.613 Info: Forest Triggers state changed from mounted to unmounted
2022-07-05 08:52:49.614 Notice: Unmounted forest Triggers
2022-07-05 08:52:49.614 Info: Forest Meters state changed from open to start closing because shutting down
2022-07-05 08:52:49.614 Info: Database Meters is offline
2022-07-05 08:52:49.629 Info: Forest Meters state changed from start closing to middle closing because shutting down
2022-07-05 08:52:49.629 Info: Forest Meters state changed from middle closing to finish closing because shutting down
2022-07-05 08:52:49.629 Info: Forest Meters checkpoint token={fsn=619342, off=24968780, sk=6017859542686196759} lastToken={fsn=619248, off=22439304, sk=13562417504939264018} token<=lastToken is false savingSomething=true
2022-07-05 08:52:49.629 Info: Saving C:\Program Files\MarkLogic\Data\Forests\Meters\000000f6
2022-07-05 08:52:50.018 Info: Saved 1 MB at 3 MB/sec to C:\Program Files\MarkLogic\Data\Forests\Meters\000000f6
2022-07-05 08:52:50.083 Info: Forest Meters state changed from finish closing to mounted because finished closing
2022-07-05 08:52:50.083 Info: Forest Meters state changed from mounted to unmounted
2022-07-05 08:52:50.083 Notice: Unmounted forest Meters
2022-07-05 08:52:50.083 Info: Forest Modules state changed from open to start closing because shutting down
2022-07-05 08:52:50.083 Info: Database Modules is offline
2022-07-05 08:52:50.098 Info: Forest Modules state changed from start closing to middle closing because shutting down
2022-07-05 08:52:50.098 Info: Forest Modules state changed from middle closing to finish closing because shutting down
2022-07-05 08:52:50.098 Info: Forest Modules checkpoint token={fsn=-1, off=0, sk=0} lastToken={fsn=-1, off=0, sk=0} token<=lastToken is true savingSomething=false
2022-07-05 08:52:50.161 Info: Forest Modules state changed from finish closing to mounted because finished closing
2022-07-05 08:52:50.161 Info: Forest Modules state changed from mounted to unmounted
2022-07-05 08:52:50.161 Notice: Unmounted forest Modules
2022-07-05 08:52:50.161 Info: Forest Documents state changed from open to start closing because shutting down
2022-07-05 08:52:50.161 Info: Database Documents is offline
2022-07-05 08:52:50.177 Info: Forest Documents state changed from start closing to middle closing because shutting down
2022-07-05 08:52:50.177 Info: Forest Documents state changed from middle closing to finish closing because shutting down
2022-07-05 08:52:50.177 Info: Forest Documents checkpoint token={fsn=-1, off=0, sk=0} lastToken={fsn=-1, off=0, sk=0} token<=lastToken is true savingSomething=false
2022-07-05 08:52:50.242 Info: Forest Documents state changed from finish closing to mounted because finished closing
2022-07-05 08:52:50.242 Info: Forest Documents state changed from mounted to unmounted
2022-07-05 08:52:50.242 Notice: Unmounted forest Documents
2022-07-05 08:52:50.242 Info: Forest Schemas state changed from open to start closing because shutting down
2022-07-05 08:52:50.242 Info: Database Schemas is offline
2022-07-05 08:52:50.258 Info: Forest Schemas state changed from start closing to middle closing because shutting down
2022-07-05 08:52:50.258 Info: Forest Schemas state changed from middle closing to finish closing because shutting down
2022-07-05 08:52:50.258 Info: Forest Schemas checkpoint token={fsn=-1, off=0, sk=0} lastToken={fsn=-1, off=0, sk=0} token<=lastToken is true savingSomething=false
2022-07-05 08:52:50.320 Info: Forest Schemas state changed from finish closing to mounted because finished closing
2022-07-05 08:52:50.320 Info: Forest Schemas state changed from mounted to unmounted
2022-07-05 08:52:50.320 Notice: Unmounted forest Schemas
2022-07-05 08:52:50.320 Info: Forest Security state changed from open to start closing because shutting down
2022-07-05 08:52:50.320 Info: Database Security is offline
2022-07-05 08:52:50.336 Info: Forest Security state changed from start closing to middle closing because shutting down
2022-07-05 08:52:50.336 Info: Forest Security state changed from middle closing to finish closing because shutting down
2022-07-05 08:52:50.336 Info: Forest Security checkpoint token={fsn=-1, off=0, sk=0} lastToken={fsn=4094, off=7138172, sk=10371562342166287405} token<=lastToken is true savingSomething=false
2022-07-05 08:52:50.399 Info: Forest Security state changed from finish closing to mounted because finished closing
2022-07-05 08:52:50.399 Info: Forest Security state changed from mounted to unmounted
2022-07-05 08:52:50.399 Notice: Unmounted forest Security
2022-07-05 08:52:50.401 Notice: Stopping
