samplehost1-b.SAMPLE.com :2011 Apr 19 17:11:12 UTC: %UCSM-6-LOG_CAPACITY: [F0461][info][log-capacity][sys/chassis-1/blade-7/mgmt/log-SEL-0] Log capacity on Management Controller on server 1/7 is very-low
samplehost1-b.SAMPLE.com :2011 Apr 20 14:33:14 UTC: %UCSM-3-CONFIGURATION_FAILURE: [F0327][major][configuration-failure][org-root/ls-test] Service profile test configuration failed due to insufficient-resources,mac-address-assignment,system-uuid-as
samplehost1-b.SAMPLE.com :2011 Apr 20 20:50:25 UTC: %UCSM-3-THERMAL_PROBLEM: [F0382][major][thermal-problem][sys/chassis-1/fan-module-1-1] Fan module 1/1-1 temperature: lower-critical
samplehost1-b.SAMPLE.com :2011 Apr 20 14:33:14 UTC: %UCSM-5-UNASSOCIATED: [F0334][warning][unassociated][org-root/ls-test] Service profile test is not associated
samplehost1-b.SAMPLE.com :2011 Apr 22 16:53:18 UTC: %UCSM-6-EVENT: [E4195931][456249][transition][ucs-username\username][] [FSM:BEGIN]: Hard-reset server sys/chassis-1/blade-7(FSM:sam:dme:ComputePhysicalHardreset)
samplehost1-b.SAMPLE.com :2011 Apr 22 16:53:18 UTC: %UCSM-6-EVENT: [E4195931][456250][transition][ucs-username\username][] [FSM:STAGE:END]:(FSM-STAGE:sam:dme:ComputePhysicalHardreset:begin)
samplehost1-b.SAMPLE.com :2011 Apr 22 16:53:18 UTC: %UCSM-6-EVENT: [E4195932][456251][transition][ucs-username\username][] [FSM:STAGE:ASYNC]: Preparing to check hardware configuration server sys/chassis-1/blade-7(FSM-STAGE:sam:dme:ComputePhysicalHa
samplehost1-b.SAMPLE.com :2011 Apr 22 16:53:23 UTC: %UCSM-6-EVENT: [E4195932][456252][transition][internal][] [FSM:STAGE:STALE-SUCCESS]: Preparing to check hardware configuration server sys/chassis-1/blade-7(FSM-STAGE:sam:dme:ComputePhysicalHardres
samplehost1-b.SAMPLE.com :2011 Apr 22 16:53:23 UTC: %UCSM-6-EVENT: [E4195932][456253][transition][internal][] [FSM:STAGE:END]: Preparing to check hardware configuration server sys/chassis-1/blade-7(FSM-STAGE:sam:dme:ComputePhysicalHardreset:PreSani
samplehost1-b.SAMPLE.com :2011 Apr 25 18:27:01 UTC: %UCSM-6-EVENT: [E4196181][535831][transition][internal][] [FSM:END]: Hard-reset server sys/chassis-1/blade-7(FSM:sam:dme:ComputePhysicalHardreset)
samplehost2-b.SAMPLE.com :2020 Oct 23 06:37:20 UTC: %UCSM-6-AUDIT: [admin][ucs-SAMPLE\testuser1][deletion][web_15651_B][4580594][sys/user-ext/user-ucsc_ucs-SAMPLE\testuser1/role-read-only][sys/user-ext/user-ucsc_ucs-SAMPLE\testuser1/role-read-only][] User role read-only removed from
samplehost2-b.SAMPLE.com :2020 Oct 23 06:37:20 UTC: %UCSM-6-AUDIT: [admin][ucs-SAMPLE\testuser1][deletion][web_15651_B][4580594][sys/user-ext/user-ucsc_ucs-SAMPLE\testuser1/role-read-only][sys/user-ext/user-ucsc_ucs-SAMPLE\testuser1/role-read-only][] User role read-only removed from
samplehost2-b.SAMPLE.com :2020 Oct 23 06:37:20 UTC: %UCSM-6-AUDIT: [admin][ucs-SAMPLE\testuser1][deletion][web_15651_B][4580596][sys/user-ext/user-ucsc_ucs-SAMPLE\testuser1/role-admin][sys/user-ext/user-ucsc_ucs-SAMPLE\testuser1/role-admin][] User role admin removed from
samplehost2-b.SAMPLE.com :2020 Oct 23 06:37:20 UTC: %UCSM-6-AUDIT: [admin][ucs-SAMPLE\testuser1][deletion][web_15651_B][4580596][sys/user-ext/user-ucsc_ucs-SAMPLE\testuser1/role-admin][sys/user-ext/user-ucsc_ucs-SAMPLE\testuser1/role-admin][] User role admin removed from
samplehost3-a.SAMPLE.com :2020 Sep 23 23:17:19 UTC: %UCSM-6-AUDIT: [admin][ucs-SAMPLE\testuser2][deletion][web_36595_A][4085515][sys/user-ext/user-ucsc_sampleuser9/role-read-only][sys/user-ext/user-ucsc_sampleuser9/role-read-only][] User role read-only removed from
samplehost3-a.SAMPLE.com :2020 Sep 23 23:17:19 UTC: %UCSM-6-AUDIT: [admin][ucs-SAMPLE\testuser2][deletion][web_36595_A][4085515][sys/user-ext/user-ucsc_sampleuser9/role-read-only][sys/user-ext/user-ucsc_sampleuser9/role-read-only][] User role read-only removed from
samplehost3-a.SAMPLE.com :2020 Sep 23 23:17:19 UTC: %UCSM-6-AUDIT: [admin][ucs-SAMPLE\testuser2][deletion][web_36595_A][4085517][sys/user-ext/user-ucsc_sampleuser9/role-admin][sys/user-ext/user-ucsc_sampleuser9/role-admin][] User role admin removed from
samplehost3-a.SAMPLE.com :2020 Sep 23 23:17:19 UTC: %UCSM-6-AUDIT: [admin][ucs-SAMPLE\testuser2][deletion][web_36595_A][4085517][sys/user-ext/user-ucsc_sampleuser9/role-admin][sys/user-ext/user-ucsc_sampleuser9/role-admin][] User role admin removed from
samplehost4-a.SAMPLE.com :2020 Sep  9 03:17:01 UTC: %UCSM-6-AUDIT: [admin][ucs-SAMPLE\testuser3][deletion][web_26994_A][16891539][sys/user-ext/user-ucsc_ucs-SAMPLE\testuser3/role-read-only][sys/user-ext/user-ucsc_ucs-SAMPLE\testuser3/role-read-only][] User role read-only removed from
samplehost4-a.SAMPLE.com :2020 Sep  9 03:17:01 UTC: %UCSM-6-AUDIT: [admin][ucs-SAMPLE\testuser3][deletion][web_26994_A][16891539][sys/user-ext/user-ucsc_ucs-SAMPLE\testuser3/role-read-only][sys/user-ext/user-ucsc_ucs-SAMPLE\testuser3/role-read-only][] User role read-only removed from
samplehost4-a.SAMPLE.com :2020 Sep  9 03:17:01 UTC: %UCSM-6-AUDIT: [admin][ucs-SAMPLE\testuser3][deletion][web_26994_A][16891541][sys/user-ext/user-ucsc_ucs-SAMPLE\testuser3/role-admin][sys/user-ext/user-ucsc_ucs-SAMPLE\testuser3/role-admin][] User role admin removed from
samplehost4-a.SAMPLE.com :2020 Sep  9 03:17:01 UTC: %UCSM-6-AUDIT: [admin][ucs-SAMPLE\testuser3][deletion][web_26994_A][16891541][sys/user-ext/user-ucsc_ucs-SAMPLE\testuser3/role-admin][sys/user-ext/user-ucsc_ucs-SAMPLE\testuser3/role-admin][] User role admin removed from
samplehost5-b.SAMPLE.com :2020 Sep  9 19:54:04 UTC: %UCSM-6-AUDIT: [admin][ucs-SAMPLE\testuser1][deletion][web_55303_B][4231806][sys/user-ext/user-ucsc_sampleuser5/role-read-only][sys/user-ext/user-ucsc_sampleuser5/role-read-only][] User role read-only removed from
samplehost5-b.SAMPLE.com :2020 Sep  9 19:54:04 UTC: %UCSM-6-AUDIT: [admin][ucs-SAMPLE\testuser1][deletion][web_55303_B][4231806][sys/user-ext/user-ucsc_sampleuser5/role-read-only][sys/user-ext/user-ucsc_sampleuser5/role-read-only][] User role read-only removed from
samplehost5-b.SAMPLE.com :2020 Sep  9 19:54:04 UTC: %UCSM-6-AUDIT: [admin][ucs-SAMPLE\testuser1][deletion][web_55303_B][4231808][sys/user-ext/user-ucsc_sampleuser5/role-admin][sys/user-ext/user-ucsc_sampleuser5/role-admin][] User role admin removed from
samplehost5-b.SAMPLE.com :2020 Sep  9 19:54:04 UTC: %UCSM-6-AUDIT: [admin][ucs-SAMPLE\testuser1][deletion][web_55303_B][4231808][sys/user-ext/user-ucsc_sampleuser5/role-admin][sys/user-ext/user-ucsc_sampleuser5/role-admin][] User role admin removed from
samplehost5-b.SAMPLE.com :2020 Sep  9 19:53:38 UTC: %UCSM-6-AUDIT: [admin][ucs-SAMPLE\testuser1][deletion][web_55303_B][4231758][sys/user-ext/user-ucsc_ucs-SAMPLE\testuser1/role-read-only][sys/user-ext/user-ucsc_ucs-SAMPLE\testuser1/role-read-only][] User role read-only removed from
samplehost5-b.SAMPLE.com :2020 Sep  9 19:53:38 UTC: %UCSM-6-AUDIT: [admin][ucs-SAMPLE\testuser1][deletion][web_55303_B][4231758][sys/user-ext/user-ucsc_ucs-SAMPLE\testuser1/role-read-only][sys/user-ext/user-ucsc_ucs-SAMPLE\testuser1/role-read-only][] User role read-only removed from
samplehost5-b.SAMPLE.com :2020 Sep  9 19:53:38 UTC: %UCSM-6-AUDIT: [admin][ucs-SAMPLE\testuser1][deletion][web_55303_B][4231760][sys/user-ext/user-ucsc_ucs-SAMPLE\testuser1/role-admin][sys/user-ext/user-ucsc_ucs-SAMPLE\testuser1/role-admin][] User role admin removed from
samplehost5-b.SAMPLE.com :2020 Sep  9 19:53:38 UTC: %UCSM-6-AUDIT: [admin][ucs-SAMPLE\testuser1][deletion][web_55303_B][4231760][sys/user-ext/user-ucsc_ucs-SAMPLE\testuser1/role-admin][sys/user-ext/user-ucsc_ucs-SAMPLE\testuser1/role-admin][] User role admin removed from
samplehost55-a.SAMPLE.com :2020 Sep  4 08:31:11 UTC: %UCSM-6-AUDIT: [admin][ucs-SAMPLE\testuser4][deletion][web_15495_A][29063828][sys/user-ext/user-ucsc_ucs-SAMPLE\testuser3/role-read-only][sys/user-ext/user-ucsc_ucs-SAMPLE\testuser3/role-read-only][] User role read-only removed from
samplehost55-a.SAMPLE.com :2020 Sep  4 08:31:11 UTC: %UCSM-6-AUDIT: [admin][ucs-SAMPLE\testuser4][deletion][web_15495_A][29063828][sys/user-ext/user-ucsc_ucs-SAMPLE\testuser3/role-read-only][sys/user-ext/user-ucsc_ucs-SAMPLE\testuser3/role-read-only][] User role read-only removed from
samplehost55-a.SAMPLE.com :2020 Sep  4 08:31:11 UTC: %UCSM-6-AUDIT: [admin][ucs-SAMPLE\testuser4][deletion][web_15495_A][29063830][sys/user-ext/user-ucsc_ucs-SAMPLE\testuser3/role-admin][sys/user-ext/user-ucsc_ucs-SAMPLE\testuser3/role-admin][] User role admin removed from
samplehost55-a.SAMPLE.com :2020 Sep  4 08:31:11 UTC: %UCSM-6-AUDIT: [admin][ucs-SAMPLE\testuser4][deletion][web_15495_A][29063830][sys/user-ext/user-ucsc_ucs-SAMPLE\testuser3/role-admin][sys/user-ext/user-ucsc_ucs-SAMPLE\testuser3/role-admin][] User role admin removed from
samplehost55-a.SAMPLE.com :2020 Sep  4 08:32:49 UTC: %UCSM-6-AUDIT: [admin][ucs-SAMPLE\testuser4][deletion][web_15495_A][29063957][sys/user-ext/user-ucsc_sampleuser12/role-read-only][sys/user-ext/user-ucsc_sampleuser12/role-read-only][] User role read-only removed from
samplehost55-a.SAMPLE.com :2020 Sep  4 08:32:49 UTC: %UCSM-6-AUDIT: [admin][ucs-SAMPLE\testuser4][deletion][web_15495_A][29063957][sys/user-ext/user-ucsc_sampleuser12/role-read-only][sys/user-ext/user-ucsc_sampleuser12/role-read-only][] User role read-only removed from
samplehost55-a.SAMPLE.com :2020 Sep  4 08:31:55 UTC: %UCSM-6-AUDIT: [admin][ucs-SAMPLE\testuser4][deletion][web_15495_A][29063849][sys/user-ext/user-ucsc_sampleuser78/role-read-only][sys/user-ext/user-ucsc_sampleuser78/role-read-only][] User role read-only removed from
samplehost55-a.SAMPLE.com :2020 Sep  4 08:31:55 UTC: %UCSM-6-AUDIT: [admin][ucs-SAMPLE\testuser4][deletion][web_15495_A][29063851][sys/user-ext/user-ucsc_sampleuser78/role-admin][sys/user-ext/user-ucsc_sampleuser78/role-admin][] User role admin removed from
samplehost55-a.SAMPLE.com :2020 Sep  4 08:31:55 UTC: %UCSM-6-AUDIT: [admin][ucs-SAMPLE\testuser4][deletion][web_15495_A][29063849][sys/user-ext/user-ucsc_sampleuser78/role-read-only][sys/user-ext/user-ucsc_sampleuser78/role-read-only][] User role read-only removed from
samplehost55-a.SAMPLE.com :2020 Sep  4 08:31:55 UTC: %UCSM-6-AUDIT: [admin][ucs-SAMPLE\testuser4][deletion][web_15495_A][29063851][sys/user-ext/user-ucsc_sampleuser78/role-admin][sys/user-ext/user-ucsc_sampleuser78/role-admin][] User role admin removed from
samplehost55-a.SAMPLE.com :2020 Sep  4 08:32:33 UTC: %UCSM-6-AUDIT: [admin][ucs-SAMPLE\testuser4][deletion][web_15495_A][29063942][sys/user-ext/user-ucsc_sampleuser99/role-read-only][sys/user-ext/user-ucsc_sampleuser99/role-read-only][] User role read-only removed from
samplehost55-a.SAMPLE.com :2020 Sep  4 08:32:33 UTC: %UCSM-6-AUDIT: [admin][ucs-SAMPLE\testuser4][deletion][web_15495_A][29063942][sys/user-ext/user-ucsc_sampleuser99/role-read-only][sys/user-ext/user-ucsc_sampleuser99/role-read-only][] User role read-only removed from
samplehost55-a.SAMPLE.com :2020 Sep  4 08:32:33 UTC: %UCSM-6-AUDIT: [admin][ucs-SAMPLE\testuser4][deletion][web_15495_A][29063944][sys/user-ext/user-ucsc_sampleuser99/role-admin][sys/user-ext/user-ucsc_sampleuser99/role-admin][] User role admin removed from
samplehost55-a.SAMPLE.com :2020 Sep  4 08:32:33 UTC: %UCSM-6-AUDIT: [admin][ucs-SAMPLE\testuser4][deletion][web_15495_A][29063944][sys/user-ext/user-ucsc_sampleuser99/role-admin][sys/user-ext/user-ucsc_sampleuser99/role-admin][] User role admin removed from
samplehost46-b.SAMPLE.com :2020 Sep 15 06:29:32 GMT: %UCSM-6-AUDIT: [admin][ucs-SAMPLE\testuser4][deletion][web_48720_B][4528675][sys/user-ext/user-ucsc_ucs-SAMPLE\testuser3/role-read-only][sys/user-ext/user-ucsc_ucs-SAMPLE\testuser3/role-read-only][] User role read-only removed from
samplehost46-b.SAMPLE.com :2020 Sep 15 06:29:32 GMT: %UCSM-6-AUDIT: [admin][ucs-SAMPLE\testuser4][deletion][web_48720_B][4528675][sys/user-ext/user-ucsc_ucs-SAMPLE\testuser3/role-read-only][sys/user-ext/user-ucsc_ucs-SAMPLE\testuser3/role-read-only][] User role read-only removed from
samplehost46-b.SAMPLE.com :2020 Sep 15 06:29:32 GMT: %UCSM-6-AUDIT: [admin][ucs-SAMPLE\testuser4][deletion][web_48720_B][4528677][sys/user-ext/user-ucsc_ucs-SAMPLE\testuser3/role-admin][sys/user-ext/user-ucsc_ucs-SAMPLE\testuser3/role-admin][] User role admin removed from
samplehost46-b.SAMPLE.com :2020 Sep 15 06:29:32 GMT: %UCSM-6-AUDIT: [admin][ucs-SAMPLE\testuser4][deletion][web_48720_B][4528677][sys/user-ext/user-ucsc_ucs-SAMPLE\testuser3/role-admin][sys/user-ext/user-ucsc_ucs-SAMPLE\testuser3/role-admin][] User role admin removed from
samplehost46-b.SAMPLE.com :2020 Sep 15 06:29:38 GMT: %UCSM-6-AUDIT: [admin][ucs-SAMPLE\testuser4][deletion][web_48720_B][4528690][sys/user-ext/user-ucsc_sampleuser13/role-read-only][sys/user-ext/user-ucsc_sampleuser13/role-read-only][] User role read-only removed from
samplehost46-b.SAMPLE.com :2020 Sep 15 06:29:38 GMT: %UCSM-6-AUDIT: [admin][ucs-SAMPLE\testuser4][deletion][web_48720_B][4528690][sys/user-ext/user-ucsc_sampleuser13/role-read-only][sys/user-ext/user-ucsc_sampleuser13/role-read-only][] User role read-only removed from
samplehost46-b.SAMPLE.com :2020 Sep 15 06:29:38 GMT: %UCSM-6-AUDIT: [admin][ucs-SAMPLE\testuser4][deletion][web_48720_B][4528692][sys/user-ext/user-ucsc_sampleuser13/role-admin][sys/user-ext/user-ucsc_sampleuser13/role-admin][] User role admin removed from
samplehost46-b.SAMPLE.com :2020 Sep 15 06:29:38 GMT: %UCSM-6-AUDIT: [admin][ucs-SAMPLE\testuser4][deletion][web_48720_B][4528692][sys/user-ext/user-ucsc_sampleuser13/role-admin][sys/user-ext/user-ucsc_sampleuser13/role-admin][] User role admin removed from
samplehost46-b.SAMPLE.com :2020 Sep 15 06:29:43 GMT: %UCSM-6-AUDIT: [admin][ucs-SAMPLE\testuser4][deletion][web_48720_B][4528705][sys/user-ext/user-ucsc_sampleuser11/role-read-only][sys/user-ext/user-ucsc_sampleuser11/role-read-only][] User role read-only removed from
samplehost46-b.SAMPLE.com :2020 Sep 15 06:29:43 GMT: %UCSM-6-AUDIT: [admin][ucs-SAMPLE\testuser4][deletion][web_48720_B][4528705][sys/user-ext/user-ucsc_sampleuser11/role-read-only][sys/user-ext/user-ucsc_sampleuser11/role-read-only][] User role read-only removed from
samplehost46-b.SAMPLE.com :2020 Sep 15 06:29:43 GMT: %UCSM-6-AUDIT: [admin][ucs-SAMPLE\testuser4][deletion][web_48720_B][4528707][sys/user-ext/user-ucsc_sampleuser11/role-admin][sys/user-ext/user-ucsc_sampleuser11/role-admin][] User role admin removed from
samplehost46-b.SAMPLE.com :2020 Sep 15 06:29:43 GMT: %UCSM-6-AUDIT: [admin][ucs-SAMPLE\testuser4][deletion][web_48720_B][4528707][sys/user-ext/user-ucsc_sampleuser11/role-admin][sys/user-ext/user-ucsc_sampleuser11/role-admin][] User role admin removed from
samplehost46-b.SAMPLE.com :2020 Sep 15 06:29:49 GMT: %UCSM-6-AUDIT: [admin][ucs-SAMPLE\testuser4][deletion][web_48720_B][4528720][sys/user-ext/user-ucsc_sampleuser19/role-read-only][sys/user-ext/user-ucsc_sampleuser19/role-read-only][] User role read-only removed from
samplehost46-b.SAMPLE.com :2020 Sep 15 06:29:49 GMT: %UCSM-6-AUDIT: [admin][ucs-SAMPLE\testuser4][deletion][web_48720_B][4528720][sys/user-ext/user-ucsc_sampleuser19/role-read-only][sys/user-ext/user-ucsc_sampleuser19/role-read-only][] User role read-only removed from
samplehost46-b.SAMPLE.com :2020 Sep 15 06:29:49 GMT: %UCSM-6-AUDIT: [admin][ucs-SAMPLE\testuser4][deletion][web_48720_B][4528722][sys/user-ext/user-ucsc_sampleuser19/role-admin][sys/user-ext/user-ucsc_sampleuser19/role-admin][] User role admin removed from
samplehost46-b.SAMPLE.com :2020 Sep 15 06:29:49 GMT: %UCSM-6-AUDIT: [admin][ucs-SAMPLE\testuser4][deletion][web_48720_B][4528722][sys/user-ext/user-ucsc_sampleuser19/role-admin][sys/user-ext/user-ucsc_sampleuser19/role-admin][] User role admin removed from
samplehost46-b.SAMPLE.com :2020 Sep 15 06:29:56 GMT: %UCSM-6-AUDIT: [admin][ucs-SAMPLE\testuser4][deletion][web_48720_B][4528735][sys/user-ext/user-ucsc_sampleuser156/role-read-only][sys/user-ext/user-ucsc_sampleuser156/role-read-only][] User role read-only removed from
samplehost46-b.SAMPLE.com :2020 Sep 15 06:29:56 GMT: %UCSM-6-AUDIT: [admin][ucs-SAMPLE\testuser4][deletion][web_48720_B][4528735][sys/user-ext/user-ucsc_sampleuser156/role-read-only][sys/user-ext/user-ucsc_sampleuser156/role-read-only][] User role read-only removed from
samplehost46-b.SAMPLE.com :2020 Sep 15 06:29:56 GMT: %UCSM-6-AUDIT: [admin][ucs-SAMPLE\testuser4][deletion][web_48720_B][4528737][sys/user-ext/user-ucsc_sampleuser156/role-admin][sys/user-ext/user-ucsc_sampleuser156/role-admin][] User role admin removed from
samplehost46-b.SAMPLE.com :2020 Sep 15 06:29:56 GMT: %UCSM-6-AUDIT: [admin][ucs-SAMPLE\testuser4][deletion][web_48720_B][4528737][sys/user-ext/user-ucsc_sampleuser156/role-admin][sys/user-ext/user-ucsc_sampleuser156/role-admin][] User role admin removed from
samplehost46-b.SAMPLE.com :2020 Sep 15 06:30:02 GMT: %UCSM-6-AUDIT: [admin][ucs-SAMPLE\testuser4][deletion][web_48720_B][4528750][sys/user-ext/user-ucsc_sampleuser99/role-read-only][sys/user-ext/user-ucsc_sampleuser99/role-read-only][] User role read-only removed from
samplehost46-b.SAMPLE.com :2020 Sep 15 06:30:02 GMT: %UCSM-6-AUDIT: [admin][ucs-SAMPLE\testuser4][deletion][web_48720_B][4528750][sys/user-ext/user-ucsc_sampleuser99/role-read-only][sys/user-ext/user-ucsc_sampleuser99/role-read-only][] User role read-only removed from
samplehost46-b.SAMPLE.com :2020 Sep 15 06:30:02 GMT: %UCSM-6-AUDIT: [admin][ucs-SAMPLE\testuser4][deletion][web_48720_B][4528752][sys/user-ext/user-ucsc_sampleuser99/role-admin][sys/user-ext/user-ucsc_sampleuser99/role-admin][] User role admin removed from
samplehost46-b.SAMPLE.com :2020 Sep 15 06:30:02 GMT: %UCSM-6-AUDIT: [admin][ucs-SAMPLE\testuser4][deletion][web_48720_B][4528752][sys/user-ext/user-ucsc_sampleuser99/role-admin][sys/user-ext/user-ucsc_sampleuser99/role-admin][] User role admin removed from
samplehost75-b.SAMPLE.com :2020 Sep 25 14:13:59 UTC: %UCSM-6-AUDIT: [admin][ucs-SAMPLE\testuser5][deletion][web_48657_B][4531116][sys/user-ext/user-ucsc_ucs-SAMPLE\testuser1/role-read-only][sys/user-ext/user-ucsc_ucs-SAMPLE\testuser1/role-read-only][] User role read-only removed from
samplehost75-b.SAMPLE.com :2020 Sep 25 14:13:59 UTC: %UCSM-6-AUDIT: [admin][ucs-SAMPLE\testuser5][deletion][web_48657_B][4531116][sys/user-ext/user-ucsc_ucs-SAMPLE\testuser1/role-read-only][sys/user-ext/user-ucsc_ucs-SAMPLE\testuser1/role-read-only][] User role read-only removed from
samplehost75-b.SAMPLE.com :2020 Sep 25 14:13:59 UTC: %UCSM-6-AUDIT: [admin][ucs-SAMPLE\testuser5][deletion][web_48657_B][4531118][sys/user-ext/user-ucsc_ucs-SAMPLE\testuser1/role-admin][sys/user-ext/user-ucsc_ucs-SAMPLE\testuser1/role-admin][] User role admin removed from
samplehost75-b.SAMPLE.com :2020 Sep 25 14:13:59 UTC: %UCSM-6-AUDIT: [admin][ucs-SAMPLE\testuser5][deletion][web_48657_B][4531118][sys/user-ext/user-ucsc_ucs-SAMPLE\testuser1/role-admin][sys/user-ext/user-ucsc_ucs-SAMPLE\testuser1/role-admin][] User role admin removed from
samplehost75-b.SAMPLE.com :2020 Sep 25 14:13:59 UTC: %UCSM-6-AUDIT: [admin][ucs-SAMPLE\testuser5][deletion][web_48657_B][4531119][sys/user-ext/user-ucsc_sampleuser9/role-read-only][sys/user-ext/user-ucsc_sampleuser9/role-read-only][] User role read-only removed from
samplehost75-b.SAMPLE.com :2020 Sep 25 14:13:59 UTC: %UCSM-6-AUDIT: [admin][ucs-SAMPLE\testuser5][deletion][web_48657_B][4531119][sys/user-ext/user-ucsc_sampleuser9/role-read-only][sys/user-ext/user-ucsc_sampleuser9/role-read-only][] User role read-only removed from
samplehost75-b.SAMPLE.com :2020 Sep 25 14:13:59 UTC: %UCSM-6-AUDIT: [admin][ucs-SAMPLE\testuser5][deletion][web_48657_B][4531121][sys/user-ext/user-ucsc_sampleuser9/role-admin][sys/user-ext/user-ucsc_sampleuser9/role-admin][] User role admin removed from
samplehost75-b.SAMPLE.com :2020 Sep 25 14:13:59 UTC: %UCSM-6-AUDIT: [admin][ucs-SAMPLE\testuser5][deletion][web_48657_B][4531121][sys/user-ext/user-ucsc_sampleuser9/role-admin][sys/user-ext/user-ucsc_sampleuser9/role-admin][] User role admin removed from
samplehost22-b.SAMPLE.com :2020 Sep 25 14:26:05 UTC: %UCSM-6-AUDIT: [admin][ucs-SAMPLE\testuser5][deletion][web_9400_B][60654984][sys/user-ext/user-ucsc_ucs-SAMPLE\testuser9/role-read-only][sys/user-ext/user-ucsc_ucs-SAMPLE\testuser9/role-read-only][] User role read-only removed from
samplehost22-b.SAMPLE.com :2020 Sep 25 14:26:05 UTC: %UCSM-6-AUDIT: [admin][ucs-SAMPLE\testuser5][deletion][web_9400_B][60654984][sys/user-ext/user-ucsc_ucs-SAMPLE\testuser9/role-read-only][sys/user-ext/user-ucsc_ucs-SAMPLE\testuser9/role-read-only][] User role read-only removed from
samplehost22-b.SAMPLE.com :2020 Sep 25 14:26:05 UTC: %UCSM-6-AUDIT: [admin][ucs-SAMPLE\testuser5][deletion][web_9400_B][60654986][sys/user-ext/user-ucsc_ucs-SAMPLE\testuser9/role-admin][sys/user-ext/user-ucsc_ucs-SAMPLE\testuser9/role-admin][] User role admin removed from
samplehost22-b.SAMPLE.com :2020 Sep 25 14:26:05 UTC: %UCSM-6-AUDIT: [admin][ucs-SAMPLE\testuser5][deletion][web_9400_B][60654986][sys/user-ext/user-ucsc_ucs-SAMPLE\testuser9/role-admin][sys/user-ext/user-ucsc_ucs-SAMPLE\testuser9/role-admin][] User role admin removed from
samplehost79-a.SAMPLE.com :2020 Sep 25 14:30:09 UTC: %UCSM-6-AUDIT: [admin][ucs-SAMPLE\testuser5][deletion][web_43977_A][3966999][sys/user-ext/user-ucsc_ucs-SAMPLE\testuser7/role-read-only][sys/user-ext/user-ucsc_ucs-SAMPLE\testuser7/role-read-only][] User role read-only removed from
samplehost79-a.SAMPLE.com :2020 Sep 25 14:30:09 UTC: %UCSM-6-AUDIT: [admin][ucs-SAMPLE\testuser5][deletion][web_43977_A][3966999][sys/user-ext/user-ucsc_ucs-SAMPLE\testuser7/role-read-only][sys/user-ext/user-ucsc_ucs-SAMPLE\testuser7/role-read-only][] User role read-only removed from
samplehost79-a.SAMPLE.com :2020 Sep 25 14:30:09 UTC: %UCSM-6-AUDIT: [admin][ucs-SAMPLE\testuser5][deletion][web_43977_A][3967001][sys/user-ext/user-ucsc_ucs-SAMPLE\testuser7/role-admin][sys/user-ext/user-ucsc_ucs-SAMPLE\testuser7/role-admin][] User role admin removed from
samplehost79-a.SAMPLE.com :2020 Sep 25 14:30:09 UTC: %UCSM-6-AUDIT: [admin][ucs-SAMPLE\testuser5][deletion][web_43977_A][3967001][sys/user-ext/user-ucsc_ucs-SAMPLE\testuser7/role-admin][sys/user-ext/user-ucsc_ucs-SAMPLE\testuser7/role-admin][] User role admin removed from
samplehost79-a.SAMPLE.com :2020 Sep 25 14:30:09 UTC: %UCSM-6-AUDIT: [admin][ucs-SAMPLE\testuser5][deletion][web_43977_A][3967002][sys/user-ext/user-ucsc_ucs-SAMPLE\testuser3/role-read-only][sys/user-ext/user-ucsc_ucs-SAMPLE\testuser3/role-read-only][] User role read-only removed from
samplehost79-a.SAMPLE.com :2020 Sep 25 14:30:09 UTC: %UCSM-6-AUDIT: [admin][ucs-SAMPLE\testuser5][deletion][web_43977_A][3967002][sys/user-ext/user-ucsc_ucs-SAMPLE\testuser3/role-read-only][sys/user-ext/user-ucsc_ucs-SAMPLE\testuser3/role-read-only][] User role read-only removed from
samplehost79-a.SAMPLE.com :2020 Sep 25 14:30:09 UTC: %UCSM-6-AUDIT: [admin][ucs-SAMPLE\testuser5][deletion][web_43977_A][3967004][sys/user-ext/user-ucsc_ucs-SAMPLE\testuser3/role-admin][sys/user-ext/user-ucsc_ucs-SAMPLE\testuser3/role-admin][] User role admin removed from
samplehost79-a.SAMPLE.com :2020 Sep 25 14:30:09 UTC: %UCSM-6-AUDIT: [admin][ucs-SAMPLE\testuser5][deletion][web_43977_A][3967004][sys/user-ext/user-ucsc_ucs-SAMPLE\testuser3/role-admin][sys/user-ext/user-ucsc_ucs-SAMPLE\testuser3/role-admin][] User role admin removed from
samplehost87-a.SAMPLE.com :2020 Sep 25 14:21:13 UTC: %UCSM-6-AUDIT: [admin][ucs-SAMPLE\testuser5][deletion][web_14687_A][28253771][sys/user-ext/user-ucsc_ucs-SAMPLE\testuser9/role-read-only][sys/user-ext/user-ucsc_ucs-SAMPLE\testuser9/role-read-only][] User role read-only removed from
samplehost87-a.SAMPLE.com :2020 Sep 25 14:21:13 UTC: %UCSM-6-AUDIT: [admin][ucs-SAMPLE\testuser5][deletion][web_14687_A][28253771][sys/user-ext/user-ucsc_ucs-SAMPLE\testuser9/role-read-only][sys/user-ext/user-ucsc_ucs-SAMPLE\testuser9/role-read-only][] User role read-only removed from
samplehost87-a.SAMPLE.com :2020 Sep 25 14:21:13 UTC: %UCSM-6-AUDIT: [admin][ucs-SAMPLE\testuser5][deletion][web_14687_A][28253773][sys/user-ext/user-ucsc_ucs-SAMPLE\testuser9/role-admin][sys/user-ext/user-ucsc_ucs-SAMPLE\testuser9/role-admin][] User role admin removed from
samplehost87-a.SAMPLE.com :2020 Sep 25 14:21:13 UTC: %UCSM-6-AUDIT: [admin][ucs-SAMPLE\testuser5][deletion][web_14687_A][28253773][sys/user-ext/user-ucsc_ucs-SAMPLE\testuser9/role-admin][sys/user-ext/user-ucsc_ucs-SAMPLE\testuser9/role-admin][] User role admin removed from
samplehost87-a.SAMPLE.com :2020 Sep 25 14:21:13 UTC: %UCSM-6-AUDIT: [admin][ucs-SAMPLE\testuser5][deletion][web_14687_A][28253774][sys/user-ext/user-ucsc_ucs-SAMPLE\testuser7/role-read-only][sys/user-ext/user-ucsc_ucs-SAMPLE\testuser7/role-read-only][] User role read-only removed from
samplehost87-a.SAMPLE.com :2020 Sep 25 14:21:13 UTC: %UCSM-6-AUDIT: [admin][ucs-SAMPLE\testuser5][deletion][web_14687_A][28253774][sys/user-ext/user-ucsc_ucs-SAMPLE\testuser7/role-read-only][sys/user-ext/user-ucsc_ucs-SAMPLE\testuser7/role-read-only][] User role read-only removed from
samplehost87-a.SAMPLE.com :2020 Sep 25 14:21:13 UTC: %UCSM-6-AUDIT: [admin][ucs-SAMPLE\testuser5][deletion][web_14687_A][28253776][sys/user-ext/user-ucsc_ucs-SAMPLE\testuser7/role-admin][sys/user-ext/user-ucsc_ucs-SAMPLE\testuser7/role-admin][] User role admin removed from
samplehost87-a.SAMPLE.com :2020 Sep 25 14:21:13 UTC: %UCSM-6-AUDIT: [admin][ucs-SAMPLE\testuser5][deletion][web_14687_A][28253776][sys/user-ext/user-ucsc_ucs-SAMPLE\testuser7/role-admin][sys/user-ext/user-ucsc_ucs-SAMPLE\testuser7/role-admin][] User role admin removed from
samplehost87-a.SAMPLE.com :2020 Sep 25 14:21:13 UTC: %UCSM-6-AUDIT: [admin][ucs-SAMPLE\testuser5][deletion][web_14687_A][28253777][sys/user-ext/user-ucsc_ucs-SAMPLE\testuser3/role-read-only][sys/user-ext/user-ucsc_ucs-SAMPLE\testuser3/role-read-only][] User role read-only removed from
samplehost87-a.SAMPLE.com :2020 Sep 25 14:21:13 UTC: %UCSM-6-AUDIT: [admin][ucs-SAMPLE\testuser5][deletion][web_14687_A][28253777][sys/user-ext/user-ucsc_ucs-SAMPLE\testuser3/role-read-only][sys/user-ext/user-ucsc_ucs-SAMPLE\testuser3/role-read-only][] User role read-only removed from
samplehost87-a.SAMPLE.com :2020 Sep 25 14:21:13 UTC: %UCSM-6-AUDIT: [admin][ucs-SAMPLE\testuser5][deletion][web_14687_A][28253779][sys/user-ext/user-ucsc_ucs-SAMPLE\testuser3/role-admin][sys/user-ext/user-ucsc_ucs-SAMPLE\testuser3/role-admin][] User role admin removed from
samplehost87-a.SAMPLE.com :2020 Sep 25 14:21:13 UTC: %UCSM-6-AUDIT: [admin][ucs-SAMPLE\testuser5][deletion][web_14687_A][28253779][sys/user-ext/user-ucsc_ucs-SAMPLE\testuser3/role-admin][sys/user-ext/user-ucsc_ucs-SAMPLE\testuser3/role-admin][] User role admin removed from
samplehost0-b.SAMPLE.com :2020 Sep 25 14:23:44 UTC: %UCSM-6-AUDIT: [admin][ucs-SAMPLE\testuser5][deletion][web_196_B][27961582][sys/user-ext/user-ucsc_ucs-SAMPLE\testuser9/role-read-only][sys/user-ext/user-ucsc_ucs-SAMPLE\testuser9/role-read-only][] User role read-only removed from
samplehost0-b.SAMPLE.com :2020 Sep 25 14:23:44 UTC: %UCSM-6-AUDIT: [admin][ucs-SAMPLE\testuser5][deletion][web_196_B][27961582][sys/user-ext/user-ucsc_ucs-SAMPLE\testuser9/role-read-only][sys/user-ext/user-ucsc_ucs-SAMPLE\testuser9/role-read-only][] User role read-only removed from
samplehost0-b.SAMPLE.com :2020 Sep 25 14:23:44 UTC: %UCSM-6-AUDIT: [admin][ucs-SAMPLE\testuser5][deletion][web_196_B][27961584][sys/user-ext/user-ucsc_ucs-SAMPLE\testuser9/role-admin][sys/user-ext/user-ucsc_ucs-SAMPLE\testuser9/role-admin][] User role admin removed from
samplehost0-b.SAMPLE.com :2020 Sep 25 14:23:44 UTC: %UCSM-6-AUDIT: [admin][ucs-SAMPLE\testuser5][deletion][web_196_B][27961584][sys/user-ext/user-ucsc_ucs-SAMPLE\testuser9/role-admin][sys/user-ext/user-ucsc_ucs-SAMPLE\testuser9/role-admin][] User role admin removed from
samplehost0-b.SAMPLE.com :2020 Sep 25 14:23:44 UTC: %UCSM-6-AUDIT: [admin][ucs-SAMPLE\testuser5][deletion][web_196_B][27961585][sys/user-ext/user-ucsc_ucs-SAMPLE\sampleuser1/role-read-only][sys/user-ext/user-ucsc_ucs-SAMPLE\sampleuser1/role-read-only][] User role read-only removed from
samplehost0-b.SAMPLE.com :2020 Sep 25 14:23:44 UTC: %UCSM-6-AUDIT: [admin][ucs-SAMPLE\testuser5][deletion][web_196_B][27961585][sys/user-ext/user-ucsc_ucs-SAMPLE\sampleuser1/role-read-only][sys/user-ext/user-ucsc_ucs-SAMPLE\sampleuser1/role-read-only][] User role read-only removed from
samplehost0-b.SAMPLE.com :2020 Sep 25 14:23:44 UTC: %UCSM-6-AUDIT: [admin][ucs-SAMPLE\testuser5][deletion][web_196_B][27961587][sys/user-ext/user-ucsc_ucs-SAMPLE\sampleuser1/role-admin][sys/user-ext/user-ucsc_ucs-SAMPLE\sampleuser1/role-admin][] User role admin removed from
samplehost0-b.SAMPLE.com :2020 Sep 25 14:23:44 UTC: %UCSM-6-AUDIT: [admin][ucs-SAMPLE\testuser5][deletion][web_196_B][27961587][sys/user-ext/user-ucsc_ucs-SAMPLE\sampleuser1/role-admin][sys/user-ext/user-ucsc_ucs-SAMPLE\sampleuser1/role-admin][] User role admin removed from
samplehost0-b.SAMPLE.com :2020 Sep 25 14:23:44 UTC: %UCSM-6-AUDIT: [admin][ucs-SAMPLE\testuser5][deletion][web_196_B][27961588][sys/user-ext/user-ucsc_ucs-SAMPLE\testuser7/role-read-only][sys/user-ext/user-ucsc_ucs-SAMPLE\testuser7/role-read-only][] User role read-only removed from
samplehost0-b.SAMPLE.com :2020 Sep 25 14:23:44 UTC: %UCSM-6-AUDIT: [admin][ucs-SAMPLE\testuser5][deletion][web_196_B][27961588][sys/user-ext/user-ucsc_ucs-SAMPLE\testuser7/role-read-only][sys/user-ext/user-ucsc_ucs-SAMPLE\testuser7/role-read-only][] User role read-only removed from
samplehost0-b.SAMPLE.com :2020 Sep 25 14:23:44 UTC: %UCSM-6-AUDIT: [admin][ucs-SAMPLE\testuser5][deletion][web_196_B][27961590][sys/user-ext/user-ucsc_ucs-SAMPLE\testuser7/role-admin][sys/user-ext/user-ucsc_ucs-SAMPLE\testuser7/role-admin][] User role admin removed from
samplehost0-b.SAMPLE.com :2020 Sep 25 14:23:44 UTC: %UCSM-6-AUDIT: [admin][ucs-SAMPLE\testuser5][deletion][web_196_B][27961590][sys/user-ext/user-ucsc_ucs-SAMPLE\testuser7/role-admin][sys/user-ext/user-ucsc_ucs-SAMPLE\testuser7/role-admin][] User role admin removed from
samplehost0-b.SAMPLE.com :2020 Sep 25 14:23:44 UTC: %UCSM-6-AUDIT: [admin][ucs-SAMPLE\testuser5][deletion][web_196_B][27961591][sys/user-ext/user-ucsc_ucs-SAMPLE\testuser3/role-read-only][sys/user-ext/user-ucsc_ucs-SAMPLE\testuser3/role-read-only][] User role read-only removed from
samplehost0-b.SAMPLE.com :2020 Sep 25 14:23:44 UTC: %UCSM-6-AUDIT: [admin][ucs-SAMPLE\testuser5][deletion][web_196_B][27961591][sys/user-ext/user-ucsc_ucs-SAMPLE\testuser3/role-read-only][sys/user-ext/user-ucsc_ucs-SAMPLE\testuser3/role-read-only][] User role read-only removed from
samplehost0-b.SAMPLE.com :2020 Sep 25 14:23:44 UTC: %UCSM-6-AUDIT: [admin][ucs-SAMPLE\testuser5][deletion][web_196_B][27961593][sys/user-ext/user-ucsc_ucs-SAMPLE\testuser3/role-admin][sys/user-ext/user-ucsc_ucs-SAMPLE\testuser3/role-admin][] User role admin removed from
samplehost0-b.SAMPLE.com :2020 Sep 25 14:23:44 UTC: %UCSM-6-AUDIT: [admin][ucs-SAMPLE\testuser5][deletion][web_196_B][27961593][sys/user-ext/user-ucsc_ucs-SAMPLE\testuser3/role-admin][sys/user-ext/user-ucsc_ucs-SAMPLE\testuser3/role-admin][] User role admin removed from
samplehost11-b.SAMPLE.com :2020 Sep 25 14:24:06 UTC: %UCSM-6-AUDIT: [admin][ucs-SAMPLE\testuser5][deletion][web_42702_B][27098003][sys/user-ext/user-ucsc_ucs-SAMPLE\testuser7/role-read-only][sys/user-ext/user-ucsc_ucs-SAMPLE\testuser7/role-read-only][] User role read-only removed from
samplehost11-b.SAMPLE.com :2020 Sep 25 14:24:06 UTC: %UCSM-6-AUDIT: [admin][ucs-SAMPLE\testuser5][deletion][web_42702_B][27098003][sys/user-ext/user-ucsc_ucs-SAMPLE\testuser7/role-read-only][sys/user-ext/user-ucsc_ucs-SAMPLE\testuser7/role-read-only][] User role read-only removed from
samplehost11-b.SAMPLE.com :2020 Sep 25 14:24:06 UTC: %UCSM-6-AUDIT: [admin][ucs-SAMPLE\testuser5][deletion][web_42702_B][27098005][sys/user-ext/user-ucsc_ucs-SAMPLE\testuser7/role-admin][sys/user-ext/user-ucsc_ucs-SAMPLE\testuser7/role-admin][] User role admin removed from
samplehost11-b.SAMPLE.com :2020 Sep 25 14:24:06 UTC: %UCSM-6-AUDIT: [admin][ucs-SAMPLE\testuser5][deletion][web_42702_B][27098005][sys/user-ext/user-ucsc_ucs-SAMPLE\testuser7/role-admin][sys/user-ext/user-ucsc_ucs-SAMPLE\testuser7/role-admin][] User role admin removed from
samplehost11-b.SAMPLE.com :2020 Sep 25 14:24:06 UTC: %UCSM-6-AUDIT: [admin][ucs-SAMPLE\testuser5][deletion][web_42702_B][27098006][sys/user-ext/user-ucsc_ucs-SAMPLE\testuser3/role-read-only][sys/user-ext/user-ucsc_ucs-SAMPLE\testuser3/role-read-only][] User role read-only removed from
samplehost11-b.SAMPLE.com :2020 Sep 25 14:24:06 UTC: %UCSM-6-AUDIT: [admin][ucs-SAMPLE\testuser5][deletion][web_42702_B][27098006][sys/user-ext/user-ucsc_ucs-SAMPLE\testuser3/role-read-only][sys/user-ext/user-ucsc_ucs-SAMPLE\testuser3/role-read-only][] User role read-only removed from
samplehost11-b.SAMPLE.com :2020 Sep 25 14:24:06 UTC: %UCSM-6-AUDIT: [admin][ucs-SAMPLE\testuser5][deletion][web_42702_B][27098008][sys/user-ext/user-ucsc_ucs-SAMPLE\testuser3/role-admin][sys/user-ext/user-ucsc_ucs-SAMPLE\testuser3/role-admin][] User role admin removed from
samplehost11-b.SAMPLE.com :2020 Sep 25 14:24:06 UTC: %UCSM-6-AUDIT: [admin][ucs-SAMPLE\testuser5][deletion][web_42702_B][27098008][sys/user-ext/user-ucsc_ucs-SAMPLE\testuser3/role-admin][sys/user-ext/user-ucsc_ucs-SAMPLE\testuser3/role-admin][] User role admin removed from
samplehost1-b.SAMPLE.com :2020 Sep 25 14:01:58 UTC: %UCSM-6-AUDIT: [admin][ucs-SAMPLE\testuser5][deletion][web_17218_B][4420928][sys/user-ext/user-ucsc_anjali.aggarwal/role-read-only][sys/user-ext/user-ucsc_anjali.aggarwal/role-read-only][] User role read-only removed from
samplehost1-b.SAMPLE.com :2020 Sep 25 14:01:58 UTC: %UCSM-6-AUDIT: [admin][ucs-SAMPLE\testuser5][deletion][web_17218_B][4420928][sys/user-ext/user-ucsc_anjali.aggarwal/role-read-only][sys/user-ext/user-ucsc_anjali.aggarwal/role-read-only][] User role read-only removed from
samplehost1-b.SAMPLE.com :2020 Sep 25 14:01:58 UTC: %UCSM-6-AUDIT: [admin][ucs-SAMPLE\testuser5][deletion][web_17218_B][4420930][sys/user-ext/user-ucsc_anjali.aggarwal/role-admin][sys/user-ext/user-ucsc_anjali.aggarwal/role-admin][] User role admin removed from
samplehost1-b.SAMPLE.com :2020 Sep 25 14:01:58 UTC: %UCSM-6-AUDIT: [admin][ucs-SAMPLE\testuser5][deletion][web_17218_B][4420930][sys/user-ext/user-ucsc_anjali.aggarwal/role-admin][sys/user-ext/user-ucsc_anjali.aggarwal/role-admin][] User role admin removed from
samplehost1-b.SAMPLE.com :2020 Sep 25 14:01:06 UTC: %UCSM-6-AUDIT: [admin][ucs-SAMPLE\testuser5][deletion][web_17218_B][4420875][sys/user-ext/user-ucsc_sampleuser7/role-read-only][sys/user-ext/user-ucsc_sampleuser7/role-read-only][] User role read-only removed from
samplehost1-b.SAMPLE.com :2020 Sep 25 14:01:06 UTC: %UCSM-6-AUDIT: [admin][ucs-SAMPLE\testuser5][deletion][web_17218_B][4420875][sys/user-ext/user-ucsc_sampleuser7/role-read-only][sys/user-ext/user-ucsc_sampleuser7/role-read-only][] User role read-only removed from
samplehost1-b.SAMPLE.com :2020 Sep 25 14:01:06 UTC: %UCSM-6-AUDIT: [admin][ucs-SAMPLE\testuser5][deletion][web_17218_B][4420877][sys/user-ext/user-ucsc_sampleuser7/role-admin][sys/user-ext/user-ucsc_sampleuser7/role-admin][] User role admin removed from
samplehost1-b.SAMPLE.com :2020 Sep 25 14:01:06 UTC: %UCSM-6-AUDIT: [admin][ucs-SAMPLE\testuser5][deletion][web_17218_B][4420877][sys/user-ext/user-ucsc_sampleuser7/role-admin][sys/user-ext/user-ucsc_sampleuser7/role-admin][] User role admin removed from
samplehost1-b.SAMPLE.com :2020 Sep 25 14:01:16 UTC: %UCSM-6-AUDIT: [admin][ucs-SAMPLE\testuser5][deletion][web_17218_B][4420888][sys/user-ext/user-ucsc_sampleuser131/role-read-only][sys/user-ext/user-ucsc_sampleuser131/role-read-only][] User role read-only removed from
samplehost1-b.SAMPLE.com :2020 Sep 25 14:01:16 UTC: %UCSM-6-AUDIT: [admin][ucs-SAMPLE\testuser5][deletion][web_17218_B][4420888][sys/user-ext/user-ucsc_sampleuser131/role-read-only][sys/user-ext/user-ucsc_sampleuser131/role-read-only][] User role read-only removed from
samplehost1-b.SAMPLE.com :2020 Sep 25 14:01:16 UTC: %UCSM-6-AUDIT: [admin][ucs-SAMPLE\testuser5][deletion][web_17218_B][4420890][sys/user-ext/user-ucsc_sampleuser131/role-admin][sys/user-ext/user-ucsc_sampleuser131/role-admin][] User role admin removed from
samplehost1-b.SAMPLE.com :2020 Sep 25 14:01:16 UTC: %UCSM-6-AUDIT: [admin][ucs-SAMPLE\testuser5][deletion][web_17218_B][4420890][sys/user-ext/user-ucsc_sampleuser131/role-admin][sys/user-ext/user-ucsc_sampleuser131/role-admin][] User role admin removed from
samplehost113-a.SAMPLE.com :2020 Sep 25 14:11:56 UTC: %UCSM-6-AUDIT: [admin][ucs-SAMPLE\testuser5][deletion][web_36531_A][4399696][sys/user-ext/user-ucsc_ucs-SAMPLE\testuser1/role-read-only][sys/user-ext/user-ucsc_ucs-SAMPLE\testuser1/role-read-only][] User role read-only removed from
samplehost113-a.SAMPLE.com :2020 Sep 25 14:11:56 UTC: %UCSM-6-AUDIT: [admin][ucs-SAMPLE\testuser5][deletion][web_36531_A][4399696][sys/user-ext/user-ucsc_ucs-SAMPLE\testuser1/role-read-only][sys/user-ext/user-ucsc_ucs-SAMPLE\testuser1/role-read-only][] User role read-only removed from
samplehost113-a.SAMPLE.com :2020 Sep 25 14:11:56 UTC: %UCSM-6-AUDIT: [admin][ucs-SAMPLE\testuser5][deletion][web_36531_A][4399698][sys/user-ext/user-ucsc_ucs-SAMPLE\testuser1/role-admin][sys/user-ext/user-ucsc_ucs-SAMPLE\testuser1/role-admin][] User role admin removed from
samplehost113-a.SAMPLE.com :2020 Sep 25 14:11:56 UTC: %UCSM-6-AUDIT: [admin][ucs-SAMPLE\testuser5][deletion][web_36531_A][4399698][sys/user-ext/user-ucsc_ucs-SAMPLE\testuser1/role-admin][sys/user-ext/user-ucsc_ucs-SAMPLE\testuser1/role-admin][] User role admin removed from
samplehost1-b.SAMPLE.com :2020 Sep 25 14:01:38 UTC: %UCSM-6-AUDIT: [admin][ucs-SAMPLE\testuser5][deletion][web_17218_B][4420907][sys/user-ext/user-ucsc_ucs-SAMPLE\testuser9/role-read-only][sys/user-ext/user-ucsc_ucs-SAMPLE\testuser9/role-read-only][] User role read-only removed from
samplehost1-b.SAMPLE.com :2020 Sep 25 14:01:38 UTC: %UCSM-6-AUDIT: [admin][ucs-SAMPLE\testuser5][deletion][web_17218_B][4420907][sys/user-ext/user-ucsc_ucs-SAMPLE\testuser9/role-read-only][sys/user-ext/user-ucsc_ucs-SAMPLE\testuser9/role-read-only][] User role read-only removed from
samplehost1-b.SAMPLE.com :2020 Sep 25 14:01:38 UTC: %UCSM-6-AUDIT: [admin][ucs-SAMPLE\testuser5][deletion][web_17218_B][4420909][sys/user-ext/user-ucsc_ucs-SAMPLE\testuser9/role-admin][sys/user-ext/user-ucsc_ucs-SAMPLE\testuser9/role-admin][] User role admin removed from
samplehost1-b.SAMPLE.com :2020 Sep 25 14:01:38 UTC: %UCSM-6-AUDIT: [admin][ucs-SAMPLE\testuser5][deletion][web_17218_B][4420909][sys/user-ext/user-ucsc_ucs-SAMPLE\testuser9/role-admin][sys/user-ext/user-ucsc_ucs-SAMPLE\testuser9/role-admin][] User role admin removed from
samplehost039-b.SAMPLE.com :2020 Sep 25 13:43:37 UTC: %UCSM-6-AUDIT: [admin][ucs-SAMPLE\testuser6][deletion][web_39657_B][10776771][sys/user-ext/user-ucsc_ucs-SAMPLE\sampleuser5/role-read-only][sys/user-ext/user-ucsc_ucs-SAMPLE\sampleuser5/role-read-only][] User role read-only removed from
samplehost039-b.SAMPLE.com :2020 Sep 25 13:43:37 UTC: %UCSM-6-AUDIT: [admin][ucs-SAMPLE\testuser6][deletion][web_39657_B][10776771][sys/user-ext/user-ucsc_ucs-SAMPLE\sampleuser5/role-read-only][sys/user-ext/user-ucsc_ucs-SAMPLE\sampleuser5/role-read-only][] User role read-only removed from
samplehost039-b.SAMPLE.com :2020 Sep 25 13:43:37 UTC: %UCSM-6-AUDIT: [admin][ucs-SAMPLE\testuser6][deletion][web_39657_B][10776773][sys/user-ext/user-ucsc_ucs-SAMPLE\sampleuser5/role-admin][sys/user-ext/user-ucsc_ucs-SAMPLE\sampleuser5/role-admin][] User role admin removed from
samplehost039-b.SAMPLE.com :2020 Sep 25 13:43:37 UTC: %UCSM-6-AUDIT: [admin][ucs-SAMPLE\testuser6][deletion][web_39657_B][10776773][sys/user-ext/user-ucsc_ucs-SAMPLE\sampleuser5/role-admin][sys/user-ext/user-ucsc_ucs-SAMPLE\sampleuser5/role-admin][] User role admin removed from
samplehost039-b.SAMPLE.com :2020 Sep 25 13:43:31 UTC: %UCSM-6-AUDIT: [admin][ucs-SAMPLE\testuser6][deletion][web_39657_B][10776758][sys/user-ext/user-ucsc_ucs-SAMPLE\testuser9/role-read-only][sys/user-ext/user-ucsc_ucs-SAMPLE\testuser9/role-read-only][] User role read-only removed from
samplehost039-b.SAMPLE.com :2020 Sep 25 13:43:31 UTC: %UCSM-6-AUDIT: [admin][ucs-SAMPLE\testuser6][deletion][web_39657_B][10776758][sys/user-ext/user-ucsc_ucs-SAMPLE\testuser9/role-read-only][sys/user-ext/user-ucsc_ucs-SAMPLE\testuser9/role-read-only][] User role read-only removed from
samplehost039-b.SAMPLE.com :2020 Sep 25 13:43:31 UTC: %UCSM-6-AUDIT: [admin][ucs-SAMPLE\testuser6][deletion][web_39657_B][10776760][sys/user-ext/user-ucsc_ucs-SAMPLE\testuser9/role-admin][sys/user-ext/user-ucsc_ucs-SAMPLE\testuser9/role-admin][] User role admin removed from
samplehost039-b.SAMPLE.com :2020 Sep 25 13:43:31 UTC: %UCSM-6-AUDIT: [admin][ucs-SAMPLE\testuser6][deletion][web_39657_B][10776760][sys/user-ext/user-ucsc_ucs-SAMPLE\testuser9/role-admin][sys/user-ext/user-ucsc_ucs-SAMPLE\testuser9/role-admin][] User role admin removed from
samplehost75-b.SAMPLE.com :2020 Sep 25 14:06:21 UTC: %UCSM-6-AUDIT: [admin][ucs-SAMPLE\testuser5][deletion][web_48657_B][4531057][sys/user-ext/user-ucsc_ucs-SAMPLE\testuser9/role-read-only][sys/user-ext/user-ucsc_ucs-SAMPLE\testuser9/role-read-only][] User role read-only removed from
samplehost75-b.SAMPLE.com :2020 Sep 25 14:06:21 UTC: %UCSM-6-AUDIT: [admin][ucs-SAMPLE\testuser5][deletion][web_48657_B][4531057][sys/user-ext/user-ucsc_ucs-SAMPLE\testuser9/role-read-only][sys/user-ext/user-ucsc_ucs-SAMPLE\testuser9/role-read-only][] User role read-only removed from
samplehost75-b.SAMPLE.com :2020 Sep 25 14:06:21 UTC: %UCSM-6-AUDIT: [admin][ucs-SAMPLE\testuser5][deletion][web_48657_B][4531059][sys/user-ext/user-ucsc_ucs-SAMPLE\testuser9/role-admin][sys/user-ext/user-ucsc_ucs-SAMPLE\testuser9/role-admin][] User role admin removed from
samplehost75-b.SAMPLE.com :2020 Sep 25 14:06:21 UTC: %UCSM-6-AUDIT: [admin][ucs-SAMPLE\testuser5][deletion][web_48657_B][4531059][sys/user-ext/user-ucsc_ucs-SAMPLE\testuser9/role-admin][sys/user-ext/user-ucsc_ucs-SAMPLE\testuser9/role-admin][] User role admin removed from
samplehost75-b.SAMPLE.com :2020 Sep 25 14:06:21 UTC: %UCSM-6-AUDIT: [admin][ucs-SAMPLE\testuser5][deletion][web_48657_B][4531060][sys/user-ext/user-ucsc_ucs-SAMPLE\testuser7/role-read-only][sys/user-ext/user-ucsc_ucs-SAMPLE\testuser7/role-read-only][] User role read-only removed from
samplehost75-b.SAMPLE.com :2020 Sep 25 14:06:21 UTC: %UCSM-6-AUDIT: [admin][ucs-SAMPLE\testuser5][deletion][web_48657_B][4531060][sys/user-ext/user-ucsc_ucs-SAMPLE\testuser7/role-read-only][sys/user-ext/user-ucsc_ucs-SAMPLE\testuser7/role-read-only][] User role read-only removed from
samplehost75-b.SAMPLE.com :2020 Sep 25 14:06:21 UTC: %UCSM-6-AUDIT: [admin][ucs-SAMPLE\testuser5][deletion][web_48657_B][4531062][sys/user-ext/user-ucsc_ucs-SAMPLE\testuser7/role-admin][sys/user-ext/user-ucsc_ucs-SAMPLE\testuser7/role-admin][] User role admin removed from
samplehost75-b.SAMPLE.com :2020 Sep 25 14:06:21 UTC: %UCSM-6-AUDIT: [admin][ucs-SAMPLE\testuser5][deletion][web_48657_B][4531062][sys/user-ext/user-ucsc_ucs-SAMPLE\testuser7/role-admin][sys/user-ext/user-ucsc_ucs-SAMPLE\testuser7/role-admin][] User role admin removed from
samplehost75-b.SAMPLE.com :2020 Sep 25 14:06:21 UTC: %UCSM-6-AUDIT: [admin][ucs-SAMPLE\testuser5][deletion][web_48657_B][4531063][sys/user-ext/user-ucsc_sampleuser131/role-read-only][sys/user-ext/user-ucsc_sampleuser131/role-read-only][] User role read-only removed from
samplehost75-b.SAMPLE.com :2020 Sep 25 14:06:21 UTC: %UCSM-6-AUDIT: [admin][ucs-SAMPLE\testuser5][deletion][web_48657_B][4531063][sys/user-ext/user-ucsc_sampleuser131/role-read-only][sys/user-ext/user-ucsc_sampleuser131/role-read-only][] User role read-only removed from
samplehost75-b.SAMPLE.com :2020 Sep 25 14:06:21 UTC: %UCSM-6-AUDIT: [admin][ucs-SAMPLE\testuser5][deletion][web_48657_B][4531065][sys/user-ext/user-ucsc_sampleuser131/role-admin][sys/user-ext/user-ucsc_sampleuser131/role-admin][] User role admin removed from
samplehost75-b.SAMPLE.com :2020 Sep 25 14:06:21 UTC: %UCSM-6-AUDIT: [admin][ucs-SAMPLE\testuser5][deletion][web_48657_B][4531065][sys/user-ext/user-ucsc_sampleuser131/role-admin][sys/user-ext/user-ucsc_sampleuser131/role-admin][] User role admin removed from
samplehost75-b.SAMPLE.com :2020 Sep 25 14:06:21 UTC: %UCSM-6-AUDIT: [admin][ucs-SAMPLE\testuser5][deletion][web_48657_B][4531066][sys/user-ext/user-ucsc_sampleuser7/role-read-only][sys/user-ext/user-ucsc_sampleuser7/role-read-only][] User role read-only removed from
samplehost75-b.SAMPLE.com :2020 Sep 25 14:06:21 UTC: %UCSM-6-AUDIT: [admin][ucs-SAMPLE\testuser5][deletion][web_48657_B][4531066][sys/user-ext/user-ucsc_sampleuser7/role-read-only][sys/user-ext/user-ucsc_sampleuser7/role-read-only][] User role read-only removed from
samplehost75-b.SAMPLE.com :2020 Sep 25 14:06:21 UTC: %UCSM-6-AUDIT: [admin][ucs-SAMPLE\testuser5][deletion][web_48657_B][4531068][sys/user-ext/user-ucsc_sampleuser7/role-admin][sys/user-ext/user-ucsc_sampleuser7/role-admin][] User role admin removed from
samplehost75-b.SAMPLE.com :2020 Sep 25 14:06:21 UTC: %UCSM-6-AUDIT: [admin][ucs-SAMPLE\testuser5][deletion][web_48657_B][4531068][sys/user-ext/user-ucsc_sampleuser7/role-admin][sys/user-ext/user-ucsc_sampleuser7/role-admin][] User role admin removed from
samplehost75-b.SAMPLE.com :2020 Sep 25 14:06:21 UTC: %UCSM-6-AUDIT: [admin][ucs-SAMPLE\testuser5][deletion][web_48657_B][4531069][sys/user-ext/user-ucsc_sampleuser6/role-read-only][sys/user-ext/user-ucsc_sampleuser6/role-read-only][] User role read-only removed from
samplehost75-b.SAMPLE.com :2020 Sep 25 14:06:21 UTC: %UCSM-6-AUDIT: [admin][ucs-SAMPLE\testuser5][deletion][web_48657_B][4531069][sys/user-ext/user-ucsc_sampleuser6/role-read-only][sys/user-ext/user-ucsc_sampleuser6/role-read-only][] User role read-only removed from
samplehost75-b.SAMPLE.com :2020 Sep 25 14:06:21 UTC: %UCSM-6-AUDIT: [admin][ucs-SAMPLE\testuser5][deletion][web_48657_B][4531071][sys/user-ext/user-ucsc_sampleuser6/role-admin][sys/user-ext/user-ucsc_sampleuser6/role-admin][] User role admin removed from
samplehost75-b.SAMPLE.com :2020 Sep 25 14:06:21 UTC: %UCSM-6-AUDIT: [admin][ucs-SAMPLE\testuser5][deletion][web_48657_B][4531071][sys/user-ext/user-ucsc_sampleuser6/role-admin][sys/user-ext/user-ucsc_sampleuser6/role-admin][] User role admin removed from
samplehost113-a.SAMPLE.com :2020 Sep 25 14:08:19 UTC: %UCSM-6-AUDIT: [admin][ucs-SAMPLE\testuser5][deletion][web_36531_A][4399655][sys/user-ext/user-ucsc_sampleuser4/role-read-only][sys/user-ext/user-ucsc_sampleuser4/role-read-only][] User role read-only removed from
samplehost113-a.SAMPLE.com :2020 Sep 25 14:08:19 UTC: %UCSM-6-AUDIT: [admin][ucs-SAMPLE\testuser5][deletion][web_36531_A][4399655][sys/user-ext/user-ucsc_sampleuser4/role-read-only][sys/user-ext/user-ucsc_sampleuser4/role-read-only][] User role read-only removed from
samplehost113-a.SAMPLE.com :2020 Sep 25 14:08:19 UTC: %UCSM-6-AUDIT: [admin][ucs-SAMPLE\testuser5][deletion][web_36531_A][4399657][sys/user-ext/user-ucsc_sampleuser4/role-admin][sys/user-ext/user-ucsc_sampleuser4/role-admin][] User role admin removed from
samplehost113-a.SAMPLE.com :2020 Sep 25 14:08:19 UTC: %UCSM-6-AUDIT: [admin][ucs-SAMPLE\testuser5][deletion][web_36531_A][4399657][sys/user-ext/user-ucsc_sampleuser4/role-admin][sys/user-ext/user-ucsc_sampleuser4/role-admin][] User role admin removed from
samplehost1-b.SAMPLE.com :2020 Sep 25 14:13:24 UTC: %UCSM-6-AUDIT: [admin][ucs-SAMPLE\testuser5][deletion][web_17218_B][4421020][sys/user-ext/user-ucsc_ucs-SAMPLE\sampleuser3/role-read-only][sys/user-ext/user-ucsc_ucs-SAMPLE\sampleuser3/role-read-only][] User role read-only removed from
samplehost1-b.SAMPLE.com :2020 Sep 25 14:13:24 UTC: %UCSM-6-AUDIT: [admin][ucs-SAMPLE\testuser5][deletion][web_17218_B][4421020][sys/user-ext/user-ucsc_ucs-SAMPLE\sampleuser3/role-read-only][sys/user-ext/user-ucsc_ucs-SAMPLE\sampleuser3/role-read-only][] User role read-only removed from
samplehost1-b.SAMPLE.com :2011 May 15 10:19:14 UTC: %UCSM-6-AUDIT: [session][internal][creation][] Web B: remote user ibm logged in from 172.25.206.73
samplehost1-b.SAMPLE.com :2011 Apr 22 16:53:18 UTC: %UCSM-6-AUDIT: [admin][ucs-username\username][modification][] server 1/7 power-cycle/reset action requested: hard-reset-immediate
samplehost1-b.SAMPLE.com :2011 Apr 20 14:33:14 UTC: %UCSM-6-AUDIT: [admin][username][creation][] service profile test created
samplehost1-b.SAMPLE.com :2011 Apr 20 14:33:14 UTC: %UCSM-6-AUDIT: [admin][username][creation][] service profile Power MO created
samplehost1-b.SAMPLE.com :2011 Apr 20 14:33:14 UTC: %UCSM-6-AUDIT: [admin][username][creation][] Ether vnic eth1 created
samplehost1-b.SAMPLE.com :2011 Apr 20 14:33:14 UTC: %UCSM-6-AUDIT: [admin][username][creation][] Ethernet interface created