SAMPLEHOST0001 Skipping device naa.60000970000292605361533031323730 either due to VSI read error or abnormal state
SAMPLEHOST0001 Skipping device naa.60000970000292605361533031423439 either due to VSI read error or abnormal state
SAMPLEHOST0001 Skipping device naa.60000970000292605361533031423444 either due to VSI read error or abnormal state
SAMPLEHOST0001 Skipping device naa.60000970000292605361533031323637 either due to VSI read error or abnormal state
SAMPLEHOST0001 Skipping device naa.60000970000292605361533030424336 either due to VSI read error or abnormal state
SAMPLEHOST0002 Skipping device naa.60000970000292605361533031323730 either due to VSI read error or abnormal state
SAMPLEHOST0002 info vpxa[9B66B70] [Originator@6876 sub=VpxaHalResourcePool opID=SWI-1263f955] GetOverrideFailureCount() = 0 MAX_CONSECUTIVE_OVERRIDE_FAILURES = 3
SAMPLEHOST0002 IpmiIfcSensorGetThresholds: Sensor Number = 0x21, failed send cc = 0xc3
SAMPLEHOST0003 IpmiIfcSensorGetThresholds: getHysteresis(132, 16, true) returned cc = 203
SAMPLEHOST0003 IpmiIfcSensorGetThresholds: getHysteresis(132, 16, true) returned cc = 203
SAMPLEHOST0003 info vpxa[72BEB70] [Originator@6876 sub=VpxaHalResourcePool opID=SWI-19708715] GetOverrideFailureCount() = 0 MAX_CONSECUTIVE_OVERRIDE_FAILURES = 3   
SAMPLEHOST0004 Skipping device naa.60000970000292605361533030424341 either due to VSI read error or abnormal state
SAMPLEHOST0004 Skipping device naa.60000970000292605361533031323730 either due to VSI read error or abnormal state
SAMPLEHOST0004 Skipping device naa.60000970000292605361533031314636 either due to VSI read error or abnormal state
SAMPLEHOST0004 Skipping device naa.60000970000292605361533031423439 either due to VSI read error or abnormal state
SAMPLEHOST0004 Skipping device naa.60000970000292605361533031314645 either due to VSI read error or abnormal state
SAMPLEHOST0004 Skipping device naa.60000970000292605361533031423444 either due to VSI read error or abnormal state
SAMPLEHOST0004 Skipping device naa.60000970000292605361533030424341 either due to VSI read error or abnormal state
SAMPLEHOST0004 Skipping device naa.60000970000292605361533031323730 either due to VSI read error or abnormal state
SAMPLEHOST0004 Skipping device naa.60000970000292605361533031314636 either due to VSI read error or abnormal state
SAMPLEHOST0004 Skipping device naa.60000970000292605361533031423439 either due to VSI read error or abnormal state
SAMPLEHOST0004 Skipping device naa.60000970000292605361533031314645 either due to VSI read error or abnormal state
SAMPLEHOST0004 Skipping device naa.60000970000292605361533031423444 either due to VSI read error or abnormal state
SAMPLEHOST0004 IpmiIfcSensorGetThresholds: getHysteresis(0, 0, true) returned cc = 203
SAMPLEHOST0004 IpmiIfcSensorGetThresholds: getHysteresis(0, 0, true) returned cc = 203
SAMPLEHOST0005 IpmiIfcSensorGetThresholds: getHysteresis(192, 17, true) returned cc = 203
SAMPLEHOST0005 IpmiIfcSensorGetThresholds: getHysteresis(192, 17, true) returned cc = 203
SAMPLEHOST0005 IpmiIfcSensorGetThresholds: getHysteresis(192, 17, true) returned cc = 203
SAMPLEHOST0005 IpmiIfcSensorGetThresholds: getHysteresis(192, 17, true) returned cc = 203
SAMPLEHOST0005 Skipping device naa.60000970000292605361533030424341 either due to VSI read error or abnormal state
SAMPLEHOST0005 Skipping device naa.60000970000292605361533031323730 either due to VSI read error or abnormal state
SAMPLEHOST0005 Skipping device naa.60000970000292605361533031314636 either due to VSI read error or abnormal state
SAMPLEHOST0005 Skipping device naa.60000970000292605361533031423439 either due to VSI read error or abnormal state
SAMPLEHOST0005 Skipping device naa.60000970000292605361533031314645 either due to VSI read error or abnormal state
SAMPLEHOST0005 Skipping device naa.60000970000292605361533031423444 either due to VSI read error or abnormal state
SAMPLEHOST0005 IpmiIfcSensorGetThresholds: Sensor Number = 0x21, failed send cc = 0xc3
SAMPLEHOST0006.sample.com info vpxa[758CB70] [Originator@6876 sub=vpxLro opID=330ebd8-12] [VpxLRO] -- BEGIN lro-150682 -- vpxa -- vpxapi.VpxaService.queryBatchPerformanceStatistics -- 5245fd50-dea4-6d3f-f1ca-b878576f45a6
SAMPLEHOST0006.sample.com info hostd[10481B70] [Originator@6876 sub=Hostsvc.DvsTracker opID=ab73dcbc user=vpxuser] FetchUplinkDVPortgroups: Appended uplinkPg for dvs 50 33 0a a7 d5 34 2d a0-99 52 6e c5 8f c7 1e 41 portgroup dvportgroup-89934
SAMPLEHOST0006.sample.com info hostd[10481B70] [Originator@6876 sub=Hostsvc.DvsTracker opID=ab73dcbc user=vpxuser] FetchUplinkDVPortgroups: Appended uplinkPg for dvs 50 33 97 b4 96 b1 c5 42-c7 0e 58 7f 3e ec 29 45 portgroup dvportgroup-114164
SAMPLEHOST0006.sample.com info hostd[10481B70] [Originator@6876 sub=Hostsvc.DvsTracker opID=ab73dcbc user=vpxuser] FetchUplinkDVPortgroups: Appended uplinkPg for dvs 50 33 c3 27 21 a5 ce 21-08 37 8f 0b 9e c7 94 ba portgroup dvportgroup-89936
SAMPLEHOST0006.sample.com info hostd[10481B70] [Originator@6876 sub=Hostsvc.DvsTracker opID=ab73dcbc user=vpxuser] FetchUplinkDVPortgroups: Appended uplinkPg for dvs 50 33 c7 24 e5 61 1f 96-b6 42 bf 52 18 97 f4 2d portgroup dvportgroup-114166
SAMPLEHOST0006.sample.com info hostd[10481B70] [Originator@6876 sub=Hostsvc.DvsTracker opID=ab73dcbc user=vpxuser] FetchUplinkDVPortgroups: added 6 items
SAMPLEHOST0008 Skipping device naa.6000144000000010a00cbd8559574a7d either due to VSI read error or abnormal state
SAMPLEHOST0008 Skipping device naa.6000144000000010a00cbd8559574a7f either due to VSI read error or abnormal state
SAMPLEHOST0008 Skipping device naa.6000144000000010a00cbd8559575345 either due to VSI read error or abnormal state
SAMPLEHOST0008 Skipping device naa.6000144000000010a00cbd8559574a81 either due to VSI read error or abnormal state
SAMPLEHOST0008 Skipping device naa.6000144000000010a00cbd85595752ba either due to VSI read error or abnormal state
SAMPLEHOST0008 Skipping device naa.6000144000000010a00cbd85595752bc either due to VSI read error or abnormal state
SAMPLEHOST009 warning fdm[8250B70] [Originator@6876 sub=Cluster] [HostPing::Ping] sendto[ipv4] 10.107.51.214: Host is down
SAMPLEHOST009 IpmiIfcSensorGetThresholds: getHysteresis(24, 12, true) returned cc = 203
SAMPLEHOST009 warning fdm[810BB70] [Originator@6876 sub=Cluster] [HostPing::Ping] sendto[ipv4] 10.107.51.214: Host is down
SAMPLEHOST0021 cpu28:65933)<NMLX_INF> nmlx5_core: vmnic0: nmlx5_en_PrintFilterOpInfo - (nmlx5_core_en_multiq.c:1583) filter MAC Only removed from FT[NON-TUNNEL: idx 26] queue [1]
SAMPLEHOST0021 cpu28:65933)<NMLX_INF> nmlx5_core: vmnic0: nmlx5_en_PrintFilterOpInfo - (nmlx5_core_en_multiq.c:1600) filter info: MAC 00:50:56:a7:51:a3
SAMPLEHOST0021 cpu28:65933)<NMLX_INF> nmlx5_core: vmnic0: nmlx5_en_PrintFilterOpInfo - (nmlx5_core_en_multiq.c:1583) filter MAC Only applied on FT[NON-TUNNEL: idx 26] queue [0]
SAMPLEHOST0021 cpu28:65933)<NMLX_INF> nmlx5_core: vmnic0: nmlx5_en_PrintFilterOpInfo - (nmlx5_core_en_multiq.c:1600) filter info: MAC 00:50:56:a7:51:a3
SAMPLEHOST0021 info vpxa[102E1B70] [Originator@6876 sub=vpxLro opID=HB-host-142278@3429892-48312a44-f] [VpxLRO] -- BEGIN session[52ad7951-bc59-c623-3df8-7feea3da3c32]5237d512-3b33-e8ce-57d2-2e2541991904 -- vpxa -- vpxapi.VpxaService.retrieveChanges -- 52ad7951-bc59-c623-3df8-7feea3da3c32
SAMPLEHOST0021 IpmiIfcSensorGetThresholds: getHysteresis(0, 0, true) returned cc = 203
SAMPLEHOST0021 IpmiIfcSensorGetThresholds: getHysteresis(0, 0, true) returned cc = 203
SAMPLEHOST0021 IpmiIfcSensorGetThresholds: getHysteresis(0, 0, true) returned cc = 203
SAMPLEHOST0021 IpmiIfcSensorGetThresholds: getHysteresis(0, 0, true) returned cc = 203
SAMPLEHOST0021 IpmiIfcSensorGetThresholds: getHysteresis(0, 0, true) returned cc = 203
SAMPLEHOST0021 IpmiIfcSensorGetThresholds: getHysteresis(0, 0, true) returned cc = 203
SAMPLEHOST0021 cpu32:65933)<NMLX_INF> nmlx5_core: vmnic11: nmlx5_en_PrintFilterOpInfo - (nmlx5_core_en_multiq.c:1583) filter MAC Only removed from FT[NON-TUNNEL: idx 31] queue [2]
SAMPLEHOST0021 cpu32:65933)<NMLX_INF> nmlx5_core: vmnic11: nmlx5_en_PrintFilterOpInfo - (nmlx5_core_en_multiq.c:1600) filter info: MAC 00:50:56:b9:00:5d
SAMPLEHOST0021 cpu32:65933)<NMLX_INF> nmlx5_core: vmnic11: nmlx5_en_PrintFilterOpInfo - (nmlx5_core_en_multiq.c:1583) filter MAC Only applied on FT[NON-TUNNEL: idx 31] queue [0]
SAMPLEHOST0021 cpu32:65933)<NMLX_INF> nmlx5_core: vmnic11: nmlx5_en_PrintFilterOpInfo - (nmlx5_core_en_multiq.c:1600) filter info: MAC 00:50:56:b9:00:5d
SAMPLEHOST0021 [netlogon] Looking for a DC in domain 'SMPL.samplecompanyGROUP.NET', site '<null>' with flags 100
SAMPLEHOST0021 [netlogon] Looking for a DC in domain 'SMPL.samplecompanygroup.net', site '<null>' with flags 100
SAMPLEHOST0021 [netlogon] Looking for a DC in domain 'SMPL.samplecompanygroup.net', site '<null>' with flags 140
SAMPLEHOST0021 [netlogon] Looking for a DC in domain 'consignia.com', site '<null>' with flags 100
SAMPLEHOST0021 [netlogon] Looking for a DC in domain 'consignia.com', site '<null>' with flags 140
SAMPLEHOST0021 [netlogon] Looking for a DC in domain 'AUTOMIS', site '<null>' with flags 100
SAMPLEHOST0021 [netlogon] Looking for a DC in domain '<null>', site '<null>' with flags 140
SAMPLEHOST0021 [netlogon] Looking for a DC in domain 'uk.consignia.com', site '<null>' with flags 100
SAMPLEHOST0021 [netlogon] Looking for a DC in domain 'consignia.com', site '<null>' with flags 140
SAMPLEHOST0021 [netlogon] Looking for a DC in domain 'ukdev.uk.consignia.com', site '<null>' with flags 100
SAMPLEHOST0021 [netlogon] Looking for a DC in domain 'consignia.com', site '<null>' with flags 140
SAMPLEHOST0021 [netlogon] Looking for a DC in domain 'SMPL.samplecompanyGROUP.NET', site '<null>' with flags 0
SAMPLEHOST0021 cpu1:65933)<NMLX_INF> nmlx5_core: vmnic0: nmlx5_en_PrintFilterOpInfo - (nmlx5_core_en_multiq.c:1583) filter MAC Only removed from FT[NON-TUNNEL: idx 26] queue [1]
SAMPLEHOST0021 cpu1:65933)<NMLX_INF> nmlx5_core: vmnic0: nmlx5_en_PrintFilterOpInfo - (nmlx5_core_en_multiq.c:1600) filter info: MAC 00:50:56:a7:51:a3
SAMPLEHOST0021 cpu1:65933)<NMLX_INF> nmlx5_core: vmnic0: nmlx5_en_PrintFilterOpInfo - (nmlx5_core_en_multiq.c:1583) filter MAC Only applied on FT[NON-TUNNEL: idx 26] queue [0]
SAMPLEHOST0021 cpu1:65933)<NMLX_INF> nmlx5_core: vmnic0: nmlx5_en_PrintFilterOpInfo - (nmlx5_core_en_multiq.c:1600) filter info: MAC 00:50:56:a7:51:a3
SAMPLEHOST0021 cpu36:65933)<NMLX_INF> nmlx5_core: vmnic0: nmlx5_en_PrintFilterOpInfo - (nmlx5_core_en_multiq.c:1583) filter MAC Only removed from FT[NON-TUNNEL: idx 26] queue [1]
SAMPLEHOST0021 cpu36:65933)<NMLX_INF> nmlx5_core: vmnic0: nmlx5_en_PrintFilterOpInfo - (nmlx5_core_en_multiq.c:1600) filter info: MAC 00:50:56:a7:51:a3
SAMPLEHOST0021 cpu36:65933)<NMLX_INF> nmlx5_core: vmnic0: nmlx5_en_PrintFilterOpInfo - (nmlx5_core_en_multiq.c:1583) filter MAC Only applied on FT[NON-TUNNEL: idx 26] queue [0]
SAMPLEHOST0021 cpu36:65933)<NMLX_INF> nmlx5_core: vmnic0: nmlx5_en_PrintFilterOpInfo - (nmlx5_core_en_multiq.c:1600) filter info: MAC 00:50:56:a7:51:a3
SAMPLEHOST0021 cpu28:65933)<NMLX_INF> nmlx5_core: vmnic0: nmlx5_en_PrintFilterOpInfo - (nmlx5_core_en_multiq.c:1583) filter MAC Only removed from FT[NON-TUNNEL: idx 26] queue [0]
SAMPLEHOST0021 cpu28:65933)<NMLX_INF> nmlx5_core: vmnic0: nmlx5_en_PrintFilterOpInfo - (nmlx5_core_en_multiq.c:1600) filter info: MAC 00:50:56:a7:51:a3
SAMPLEHOST0021 cpu28:65933)<NMLX_INF> nmlx5_core: vmnic0: nmlx5_en_PrintFilterOpInfo - (nmlx5_core_en_multiq.c:1583) filter MAC Only applied on FT[NON-TUNNEL: idx 26] queue [1]
SAMPLEHOST0021 cpu28:65933)<NMLX_INF> nmlx5_core: vmnic0: nmlx5_en_PrintFilterOpInfo - (nmlx5_core_en_multiq.c:1600) filter info: MAC 00:50:56:a7:51:a3
SAMPLEHOST0021 IpmiIfcSensorGetThresholds: getHysteresis(0, 0, true) returned cc = 203
SAMPLEHOST0021 IpmiIfcSensorGetThresholds: getHysteresis(0, 0, true) returned cc = 203
SAMPLEHOST0021 cpu2:65933)<NMLX_INF> nmlx5_core: vmnic11: nmlx5_en_PrintFilterOpInfo - (nmlx5_core_en_multiq.c:1583) filter MAC Only removed from FT[NON-TUNNEL: idx 45] queue [4]
SAMPLEHOST0021 cpu2:65933)<NMLX_INF> nmlx5_core: vmnic11: nmlx5_en_PrintFilterOpInfo - (nmlx5_core_en_multiq.c:1600) filter info: MAC 00:50:56:a7:37:69
SAMPLEHOST0021 cpu2:65933)<NMLX_INF> nmlx5_core: vmnic11: nmlx5_en_PrintFilterOpInfo - (nmlx5_core_en_multiq.c:1583) filter MAC Only applied on FT[NON-TUNNEL: idx 45] queue [0]
SAMPLEHOST0021 cpu2:65933)<NMLX_INF> nmlx5_core: vmnic11: nmlx5_en_PrintFilterOpInfo - (nmlx5_core_en_multiq.c:1600) filter info: MAC 00:50:56:a7:37:69
SAMPLEHOST0021 IpmiIfcSensorGetThresholds: getHysteresis(0, 0, true) returned cc = 203
SAMPLEHOST0021 IpmiIfcSensorGetThresholds: getHysteresis(0, 0, true) returned cc = 203
SAMPLEHOST0021 IpmiIfcSensorGetThresholds: getHysteresis(0, 0, true) returned cc = 203
SAMPLEHOST0021 info vpxa[DEC9B70] [Originator@6876 sub=vpxLro opID=HB-host-142278@3429324-3830041e-e6] [VpxLRO] -- BEGIN session[52ad7951-bc59-c623-3df8-7feea3da3c32]5274a964-2a71-e090-c27a-7743cd079d67 -- vpxa -- vpxapi.VpxaService.retrieveChanges -- 52ad7951-bc59-c623-3df8-7feea3da3c32
SAMPLEHOST0021 info vpxa[F05DB70] [Originator@6876 sub=vpxLro opID=HB-host-142278@3429324-3830041e-e6-SWI-be28feb] [VpxLroList::ForgetTask] Unregistering vim.Task:session[52ad7951-bc59-c623-3df8-7feea3da3c32]521ea5f1-9160-060e-ca6f-1633a5a0953e
SAMPLEHOST0021 info vpxa[DEC9B70] [Originator@6876 sub=vpxLro opID=HB-host-142278@3429324-3830041e-e6] [VpxLRO] -- FINISH session[52ad7951-bc59-c623-3df8-7feea3da3c32]5274a964-2a71-e090-c27a-7743cd079d67
SAMPLEHOST0021 info vpxa[ED0BB70] [Originator@6876 sub=vpxLro opID=HB-host-142278@3429324-3830041e-45] [VpxLRO] -- BEGIN lro-1859700 -- session[52ad7951-bc59-c623-3df8-7feea3da3c32]52d8c89c-2636-23a7-0a06-ac5cc121192f -- vmodl.query.PropertyCollector.Filter.destroy -- 52ad7951-bc59-c623-3df8-7feea3da3c32
SAMPLEHOST0021 info vpxa[ED0BB70] [Originator@6876 sub=vpxLro opID=HB-host-142278@3429324-3830041e-45] [VpxLRO] -- FINISH lro-1859700
SAMPLEHOST0021 IpmiIfcSensorGetThresholds: getHysteresis(0, 0, true) returned cc = 203
SAMPLEHOST0021 IpmiIfcSensorGetThresholds: getHysteresis(0, 0, true) returned cc = 203
SAMPLEHOST0021 cpu0:65933)<NMLX_INF> nmlx5_core: vmnic0: nmlx5_en_PrintFilterOpInfo - (nmlx5_core_en_multiq.c:1583) filter MAC Only removed from FT[NON-TUNNEL: idx 26] queue [0]
SAMPLEHOST0021 cpu0:65933)<NMLX_INF> nmlx5_core: vmnic0: nmlx5_en_PrintFilterOpInfo - (nmlx5_core_en_multiq.c:1600) filter info: MAC 00:50:56:a7:51:a3
SAMPLEHOST0021 cpu0:65933)<NMLX_INF> nmlx5_core: vmnic0: nmlx5_en_PrintFilterOpInfo - (nmlx5_core_en_multiq.c:1583) filter MAC Only applied on FT[NON-TUNNEL: idx 26] queue [1]
SAMPLEHOST0021 cpu0:65933)<NMLX_INF> nmlx5_core: vmnic0: nmlx5_en_PrintFilterOpInfo - (nmlx5_core_en_multiq.c:1600) filter info: MAC 00:50:56:a7:51:a3
SAMPLEHOST0021 IpmiIfcSensorGetThresholds: getHysteresis(0, 0, true) returned cc = 203
SAMPLEHOST0022.sample.com info vpxa[7E1AB70] [Originator@6876 sub=vpxLro opID=3d786b15-bc] [VpxLRO] -- BEGIN lro-2372301 -- vpxa -- vpxapi.VpxaService.queryBatchPerformanceStatistics -- 5206c336-5126-0689-f047-d811913e8897
SAMPLEHOST0023.sample.com IpmiIfcSensorGetThresholds: getHysteresis(0, 0, true) returned cc = 203
SAMPLEHOST0023.sample.com IpmiIfcSensorGetThresholds: getHysteresis(0, 0, true) returned cc = 203
SAMPLEHOST0023.sample.com IpmiIfcSensorGetThresholds: getHysteresis(0, 0, true) returned cc = 203
SAMPLEHOST0023.sample.com IpmiIfcSensorGetThresholds: getHysteresis(0, 0, true) returned cc = 203
SAMPLEHOST0024.sample.com cpu133:65933)<NMLX_INF> nmlx5_core: vmnic11: nmlx5_en_PrintFilterOpInfo - (nmlx5_core_en_multiq.c:1583) filter MAC Only removed from FT[NON-TUNNEL: idx 23] queue [1]
SAMPLEHOST0024.sample.com cpu133:65933)<NMLX_INF> nmlx5_core: vmnic11: nmlx5_en_PrintFilterOpInfo - (nmlx5_core_en_multiq.c:1600) filter info: MAC 00:50:56:a7:45:68
SAMPLEHOST0024.sample.com cpu133:65933)<NMLX_INF> nmlx5_core: vmnic11: nmlx5_en_PrintFilterOpInfo - (nmlx5_core_en_multiq.c:1583) filter MAC Only applied on FT[NON-TUNNEL: idx 23] queue [0]
SAMPLEHOST0024.sample.com cpu133:65933)<NMLX_INF> nmlx5_core: vmnic11: nmlx5_en_PrintFilterOpInfo - (nmlx5_core_en_multiq.c:1600) filter info: MAC 00:50:56:a7:45:68
SAMPLEHOST0024.sample.com IpmiIfcSensorGetThresholds: getHysteresis(88, 21, true) returned cc = 203
SAMPLEHOST0024.sample.com IpmiIfcSensorGetThresholds: getHysteresis(88, 21, true) returned cc = 203
SAMPLEHOST0024.sample.com info vpxa[D089B70] [Originator@6876 sub=vpxLro opID=HB-host-89929@3678594-5d55f348-40] [VpxLRO] -- BEGIN session[52908bc7-673e-dc2f-8726-70d13fe8ef72]521881cd-707e-cf9b-01c4-f0fd16d7444d -- vpxa -- vpxapi.VpxaService.retrieveChanges -- 52908bc7-673e-dc2f-8726-70d13fe8ef72
SAMPLEHOST0024.sample.com info vpxa[C860B70] [Originator@6876 sub=vpxLro opID=HB-host-89929@3678594-5d55f348-40-SWI-2adf377d] [VpxLroList::ForgetTask] Unregistering vim.Task:session[52908bc7-673e-dc2f-8726-70d13fe8ef72]5294c880-f544-733a-01fe-08e916a76a56
SAMPLEHOST0024.sample.com info vpxa[D089B70] [Originator@6876 sub=vpxLro opID=HB-host-89929@3678594-5d55f348-40] [VpxLRO] -- FINISH session[52908bc7-673e-dc2f-8726-70d13fe8ef72]521881cd-707e-cf9b-01c4-f0fd16d7444d
SAMPLEHOST0024.sample.com info vpxa[7825B70] [Originator@6876 sub=vpxLro opID=HB-host-89929@3678594-5d55f348-89] [VpxLRO] -- BEGIN lro-2082961 -- session[52908bc7-673e-dc2f-8726-70d13fe8ef72]52484a86-fdbc-8a16-f0b4-d486e4121775 -- vmodl.query.PropertyCollector.Filter.destroy -- 52908bc7-673e-dc2f-8726-70d13fe8ef72
SAMPLEHOST0024.sample.com info vpxa[7825B70] [Originator@6876 sub=vpxLro opID=HB-host-89929@3678594-5d55f348-89] [VpxLRO] -- FINISH lro-2082961
SAMPLEHOST0024.sample.com IpmiIfcSensorGetThresholds: getHysteresis(0, 0, true) returned cc = 203
SAMPLEHOST0024.sample.com IpmiIfcSensorGetThresholds: getHysteresis(0, 0, true) returned cc = 203
SAMPLEHOST0024.sample.com cpu167:65933)<NMLX_INF> nmlx5_core: vmnic1: nmlx5_en_PrintFilterOpInfo - (nmlx5_core_en_multiq.c:1583) filter MAC Only removed from FT[NON-TUNNEL: idx 20] queue [0]
SAMPLEHOST0024.sample.com cpu167:65933)<NMLX_INF> nmlx5_core: vmnic1: nmlx5_en_PrintFilterOpInfo - (nmlx5_core_en_multiq.c:1600) filter info: MAC 00:50:56:b3:69:21 
SAMPLEHOST0024.sample.com cpu167:65933)<NMLX_INF> nmlx5_core: vmnic1: nmlx5_en_PrintFilterOpInfo - (nmlx5_core_en_multiq.c:1583) filter MAC Only applied on FT[NON-TUNNEL: idx 20] queue [2]
SAMPLEHOST0024.sample.com cpu167:65933)<NMLX_INF> nmlx5_core: vmnic1: nmlx5_en_PrintFilterOpInfo - (nmlx5_core_en_multiq.c:1600) filter info: MAC 00:50:56:b3:69:21 
SAMPLEHOST0024.sample.com IpmiIfcSensorGetThresholds: getHysteresis(0, 0, true) returned cc = 203
SAMPLEHOST0024.sample.com IpmiIfcSensorGetThresholds: getHysteresis(0, 0, true) returned cc = 203
SAMPLEHOST0024.sample.com IpmiIfcSensorGetThresholds: getHysteresis(0, 0, true) returned cc = 203
SAMPLEHOST0024.sample.com IpmiIfcSensorGetThresholds: getHysteresis(0, 0, true) returned cc = 203
SAMPLEHOST0024.sample.com IpmiIfcSensorGetThresholds: getHysteresis(0, 0, true) returned cc = 203
SAMPLEHOST0024.sample.com IpmiIfcSensorGetThresholds: getHysteresis(0, 0, true) returned cc = 203
SAMPLEHOST0024.sample.com IpmiIfcSensorGetThresholds: getHysteresis(0, 0, true) returned cc = 203
SAMPLEHOST0024.sample.com IpmiIfcSensorGetThresholds: getHysteresis(0, 0, true) returned cc = 203
SAMPLEHOST0024.sample.com info vpxa[7867B70] [Originator@6876 sub=vpxLro opID=HB-host-89929@3678597-21215b69-c5] [VpxLRO] -- BEGIN session[52908bc7-673e-dc2f-8726-70d13fe8ef72]52dcd2ee-9c15-0b56-1253-3e6814564278 -- vpxa -- vpxapi.VpxaService.retrieveChanges -- 52908bc7-673e-dc2f-8726-70d13fe8ef72
SAMPLEHOST0024.sample.com info vpxa[7F3EB70] [Originator@6876 sub=vpxLro opID=HB-host-89929@3678597-21215b69-c5-SWI-25737434] [VpxLroList::ForgetTask] Unregistering vim.Task:session[52908bc7-673e-dc2f-8726-70d13fe8ef72]520c1c1c-c2d4-cc0c-1067-45a2db867f6f
SAMPLEHOST0024.sample.com warning hostd[15981B70] [Originator@6876 sub=VigorStatsProvider(342159352)] AddVirtualMachine: VM '19' already registered
SAMPLEHOST0024.sample.com warning hostd[15981B70] [Originator@6876 sub=VigorStatsProvider(342159352)] AddVirtualMachine: VM '21' already registered
SAMPLEHOST0024.sample.com warning hostd[15981B70] [Originator@6876 sub=VigorStatsProvider(342159352)] AddVirtualMachine: VM '27' already registered
SAMPLEHOST0024.sample.com warning hostd[15981B70] [Originator@6876 sub=VigorStatsProvider(342159352)] AddVirtualMachine: VM '28' already registered
SAMPLEHOST0024.sample.com warning hostd[15981B70] [Originator@6876 sub=VigorStatsProvider(342159352)] AddVirtualMachine: VM '31' already registered
SAMPLEHOST0024.sample.com warning hostd[15981B70] [Originator@6876 sub=VigorStatsProvider(342159352)] AddVirtualMachine: VM '32' already registered
SAMPLEHOST0024.sample.com warning hostd[15981B70] [Originator@6876 sub=VigorStatsProvider(342159352)] AddVirtualMachine: VM '34' already registered
SAMPLEHOST0024.sample.com warning hostd[15981B70] [Originator@6876 sub=VigorStatsProvider(342159352)] AddVirtualMachine: VM '37' already registered
SAMPLEHOST0024.sample.com warning hostd[15981B70] [Originator@6876 sub=VigorStatsProvider(342159352)] AddVirtualMachine: VM '38' already registered
SAMPLEHOST0024.sample.com warning hostd[15981B70] [Originator@6876 sub=VigorStatsProvider(342159352)] AddVirtualMachine: VM '4' already registered
SAMPLEHOST0024.sample.com warning hostd[15981B70] [Originator@6876 sub=VigorStatsProvider(342159352)] AddVirtualMachine: VM '41' already registered
SAMPLEHOST0024.sample.com warning hostd[15981B70] [Originator@6876 sub=VigorStatsProvider(342159352)] AddVirtualMachine: VM '42' already registered
SAMPLEHOST0024.sample.com warning hostd[15981B70] [Originator@6876 sub=VigorStatsProvider(342159352)] AddVirtualMachine: VM '44' already registered
SAMPLEHOST0024.sample.com warning hostd[15981B70] [Originator@6876 sub=VigorStatsProvider(342159352)] AddVirtualMachine: VM '47' already registered
SAMPLEHOST0024.sample.com warning hostd[15981B70] [Originator@6876 sub=VigorStatsProvider(342159352)] AddVirtualMachine: VM '52' already registered
SAMPLEHOST0024.sample.com warning hostd[15981B70] [Originator@6876 sub=VigorStatsProvider(342159352)] AddVirtualMachine: VM '54' already registered
SAMPLEHOST0024.sample.com warning hostd[15981B70] [Originator@6876 sub=VigorStatsProvider(342159352)] AddVirtualMachine: VM '55' already registered
SAMPLEHOST0024.sample.com warning hostd[15981B70] [Originator@6876 sub=VigorStatsProvider(342159352)] AddVirtualMachine: VM '56' already registered
SAMPLEHOST0024.sample.com warning hostd[15981B70] [Originator@6876 sub=VigorStatsProvider(342159352)] AddVirtualMachine: VM '57' already registered
SAMPLEHOST0024.sample.com warning hostd[15981B70] [Originator@6876 sub=VigorStatsProvider(342159352)] AddVirtualMachine: VM '61' already registered
SAMPLEHOST0024.sample.com warning hostd[15981B70] [Originator@6876 sub=VigorStatsProvider(342159352)] AddVirtualMachine: VM '62' already registered
SAMPLEHOST0024.sample.com warning hostd[15981B70] [Originator@6876 sub=VigorStatsProvider(342159352)] AddVirtualMachine: VM '63' already registered
SAMPLEHOST0024.sample.com warning hostd[15981B70] [Originator@6876 sub=VigorStatsProvider(342159352)] AddVirtualMachine: VM '64' already registered
SAMPLEHOST0024.sample.com warning hostd[15981B70] [Originator@6876 sub=VigorStatsProvider(342159352)] AddVirtualMachine: VM '66' already registered
SAMPLEHOST0024.sample.com warning hostd[15981B70] [Originator@6876 sub=VigorStatsProvider(342159352)] AddVirtualMachine: VM '68' already registered
SAMPLEHOST0024.sample.com warning hostd[15981B70] [Originator@6876 sub=VigorStatsProvider(342159352)] AddVirtualMachine: VM '73' already registered
SAMPLEHOST0024.sample.com warning hostd[15981B70] [Originator@6876 sub=VigorStatsProvider(342159352)] AddVirtualMachine: VM '74' already registered
SAMPLEHOST0024.sample.com warning hostd[15981B70] [Originator@6876 sub=VigorStatsProvider(342159352)] AddVirtualMachine: VM '9' already registered
SAMPLEHOST0024.sample.com [netlogon] Looking for a DC in domain 'SMPL.samplecompanyGROUP.NET', site '<null>' with flags 100
SAMPLEHOST0024.sample.com [netlogon] Looking for a DC in domain 'SMPL.samplecompanygroup.net', site '<null>' with flags 100
SAMPLEHOST0024.sample.com [netlogon] Looking for a DC in domain 'SMPL.samplecompanygroup.net', site '<null>' with flags 140
SAMPLEHOST0024.sample.com [netlogon] Looking for a DC in domain 'consignia.com', site '<null>' with flags 100
SAMPLEHOST0024.sample.com [netlogon] Looking for a DC in domain 'consignia.com', site '<null>' with flags 140
SAMPLEHOST0024.sample.com [netlogon] Looking for a DC in domain 'AUTOMIS', site '<null>' with flags 100
SAMPLEHOST0024.sample.com [netlogon] Looking for a DC in domain '<null>', site '<null>' with flags 140
SAMPLEHOST0024.sample.com [netlogon] Looking for a DC in domain 'uk.consignia.com', site '<null>' with flags 100
SAMPLEHOST0024.sample.com [netlogon] Looking for a DC in domain 'consignia.com', site '<null>' with flags 140
SAMPLEHOST0024.sample.com [netlogon] Looking for a DC in domain 'ukdev.uk.consignia.com', site '<null>' with flags 100
SAMPLEHOST0024.sample.com [netlogon] Looking for a DC in domain 'consignia.com', site '<null>' with flags 140
SAMPLEHOST0024.sample.com [netlogon] Looking for a DC in domain 'SMPL.samplecompanyGROUP.NET', site '<null>' with flags 0
SAMPLEHOST0024.sample.com IpmiIfcSensorGetThresholds: getHysteresis(0, 0, true) returned cc = 203
SAMPLEHOST0024.sample.com IpmiIfcSensorGetThresholds: getHysteresis(0, 0, true) returned cc = 203
SAMPLEHOST0025.sample.com info vpxa[949FB70] [Originator@6876 sub=vpxLro opID=330ebd8-8b] [VpxLRO] -- BEGIN lro-2031826 -- vpxa -- vpxapi.VpxaService.queryBatchPerformanceStatistics -- 5252d6c7-35cf-e898-7c03-f4c3138e324a
SAMPLEHOST0025.sample.com [netlogon] Determining the current time for domain 'SMPL.samplecompanyGROUP.NET'
SAMPLEHOST0025.sample.com [netlogon] Looking for a DC in domain 'SMPL.samplecompanyGROUP.NET', site '<null>' with flags 10
SAMPLEHOST0025.sample.com info vpxa[978EB70] [Originator@6876 sub=vpxLro opID=HB-host-89907@4284782-3df6cef7-4c] [VpxLRO] -- BEGIN session[5252d6c7-35cf-e898-7c03-f4c3138e324a]52ebf0dd-b837-1ff2-c50b-873327bcdc44 -- vpxa -- vpxapi.VpxaService.retrieveChanges -- 5252d6c7-35cf-e898-7c03-f4c3138e324a
SAMPLEHOST0025.sample.com info vpxa[9586B70] [Originator@6876 sub=vpxLro opID=HB-host-89907@4284782-3df6cef7-4c-SWI-476abd28] [VpxLroList::ForgetTask] Unregistering vim.Task:session[5252d6c7-35cf-e898-7c03-f4c3138e324a]52bf5d7c-136c-b9e6-814c-2d10161e620a
SAMPLEHOST0025.sample.com info hostd[17285B70] [Originator@6876 sub=VsanSimsStubImpl opID=7e1a1ac6 user=vpxuser] Calling vim.host.VsanSystem.GetConfig
SAMPLEHOST0025.sample.com info vpxa[A52AB70] [Originator@6876 sub=vpxLro opID=HB-host-89907@4284786-907f7cb-5e] [VpxLRO] -- BEGIN session[5252d6c7-35cf-e898-7c03-f4c3138e324a]52065a39-9755-2e27-da5a-979ee414fabb -- vpxa -- vpxapi.VpxaService.retrieveChanges -- 5252d6c7-35cf-e898-7c03-f4c3138e324a
SAMPLEHOST0025.sample.com info vpxa[A4C7B70] [Originator@6876 sub=vpxLro opID=HB-host-89907@4284786-907f7cb-5e-SWI-4fa71227] [VpxLroList::ForgetTask] Unregistering vim.Task:session[5252d6c7-35cf-e898-7c03-f4c3138e324a]52ebf0dd-b837-1ff2-c50b-873327bcdc44
SAMPLEHOST0025.sample.com info vpxa[A52AB70] [Originator@6876 sub=vpxLro opID=HB-host-89907@4284786-907f7cb-5e] [VpxLRO] -- FINISH session[5252d6c7-35cf-e898-7c03-f4c3138e324a]52065a39-9755-2e27-da5a-979ee414fabb
SAMPLEHOST0025.sample.com info vpxa[943CB70] [Originator@6876 sub=vpxLro opID=HB-host-89907@4284786-907f7cb-71] [VpxLRO] -- BEGIN lro-2031825 -- session[5252d6c7-35cf-e898-7c03-f4c3138e324a]52a16664-d6a9-e578-46be-9960481fda3f -- vmodl.query.PropertyCollector.Filter.destroy -- 5252d6c7-35cf-e898-7c03-f4c3138e324a
SAMPLEHOST0025.sample.com info vpxa[943CB70] [Originator@6876 sub=vpxLro opID=HB-host-89907@4284786-907f7cb-71] [VpxLRO] -- FINISH lro-2031825
SAMPLEHOST0025.sample.com info vpxa[A509B70] [Originator@6876 sub=vpxLro opID=HB-host-89907@4284808-144b0fee-5a] [VpxLRO] -- BEGIN session[5252d6c7-35cf-e898-7c03-f4c3138e324a]526ce429-cd62-b12b-9adf-6f0fddec3162 -- vpxa -- vpxapi.VpxaService.retrieveChanges -- 5252d6c7-35cf-e898-7c03-f4c3138e324a
SAMPLEHOST0025.sample.com info vpxa[943CB70] [Originator@6876 sub=vpxLro opID=HB-host-89907@4284808-144b0fee-5a-SWI-2bd6294e] [VpxLroList::ForgetTask] Unregistering vim.Task:session[5252d6c7-35cf-e898-7c03-f4c3138e324a]52c3f387-8649-7af2-0f26-22048ed6713d
SAMPLEHOST0025.sample.com info vpxa[A509B70] [Originator@6876 sub=vpxLro opID=HB-host-89907@4284808-144b0fee-5a] [VpxLRO] -- FINISH session[5252d6c7-35cf-e898-7c03-f4c3138e324a]526ce429-cd62-b12b-9adf-6f0fddec3162
SAMPLEHOST0026.sample.com Skipping device naa.60000970000297700435533030314242 either due to VSI read error or abnormal state
SAMPLEHOST0026.sample.com Skipping device naa.60000970000297700435533030333435 either due to VSI read error or abnormal state
SAMPLEHOST0027.sample.com IpmiIfcSensorGetThresholds: getHysteresis(3, 25, true) returned cc = 203
SAMPLEHOST0028.sample.com cpu44:65933)<NMLX_INF> nmlx5_core: vmnic11: nmlx5_en_PrintFilterOpInfo - (nmlx5_core_en_multiq.c:1583) filter MAC Only removed from FT[NON-TUNNEL: idx 15] queue [3]
SAMPLEHOST0028.sample.com cpu44:65933)<NMLX_INF> nmlx5_core: vmnic11: nmlx5_en_PrintFilterOpInfo - (nmlx5_core_en_multiq.c:1600) filter info: MAC 00:50:56:a7:4a:eb 
SAMPLEHOST0028.sample.com cpu44:65933)<NMLX_INF> nmlx5_core: vmnic11: nmlx5_en_PrintFilterOpInfo - (nmlx5_core_en_multiq.c:1583) filter MAC Only applied on FT[NON-TUNNEL: idx 15] queue [0]
SAMPLEHOST0028.sample.com cpu44:65933)<NMLX_INF> nmlx5_core: vmnic11: nmlx5_en_PrintFilterOpInfo - (nmlx5_core_en_multiq.c:1600) filter info: MAC 00:50:56:a7:4a:eb 
SAMPLEHOST0028.sample.com Skipping device naa.60000970000297700435533030314242 either due to VSI read error or abnormal state
SAMPLEHOST0028.sample.com Skipping device naa.60000970000297700435533030333437 either due to VSI read error or abnormal state
SAMPLEHOST0028.sample.com info vpxa[10F90B70] [Originator@6876 sub=vpxLro opID=HB-host-89894@478460-3ebdba25-7a] [VpxLRO] -- BEGIN session[527301e5-7f3b-2e0e-82e7-3c56e7cc6b70]5208ea75-9f2d-4144-ab0f-405144cbce6d -- vpxa -- vpxapi.VpxaService.retrieveChanges -- 527301e5-7f3b-2e0e-82e7-3c56e7cc6b70
SAMPLEHOST0028.sample.com info vpxa[10581B70] [Originator@6876 sub=vpxLro opID=HB-host-89894@478460-3ebdba25-7a-SWI-1a691df1] [VpxLroList::ForgetTask] Unregistering vim.Task:session[527301e5-7f3b-2e0e-82e7-3c56e7cc6b70]5238ef95-179a-3a04-d6b0-c2ba81a055ce
SAMPLEHOST0028.sample.com info vpxa[10F90B70] [Originator@6876 sub=vpxLro opID=HB-host-89894@478460-3ebdba25-7a] [VpxLRO] -- FINISH session[527301e5-7f3b-2e0e-82e7-3c56e7cc6b70]5208ea75-9f2d-4144-ab0f-405144cbce6d
SAMPLEHOST0028.sample.com info vpxa[10DA1B70] [Originator@6876 sub=vpxLro opID=HB-host-89894@478460-3ebdba25-42] [VpxLRO] -- BEGIN lro-849913 -- session[527301e5-7f3b-2e0e-82e7-3c56e7cc6b70]52457931-06f5-ed8f-0956-8aa92e97e990 -- vmodl.query.PropertyCollector.Filter.destroy -- 527301e5-7f3b-2e0e-82e7-3c56e7cc6b70
SAMPLEHOST0028.sample.com info vpxa[10DA1B70] [Originator@6876 sub=vpxLro opID=HB-host-89894@478460-3ebdba25-42] [VpxLRO] -- FINISH lro-849913
SAMPLEHOST0028.sample.com IpmiIfcSensorGetThresholds: getHysteresis(0, 0, true) returned cc = 203
SAMPLEHOST0028.sample.com IpmiIfcSensorGetThresholds: getHysteresis(0, 0, true) returned cc = 203
SAMPLEHOST0028.sample.com IpmiIfcSensorGetThresholds: getHysteresis(0, 0, true) returned cc = 203
SAMPLEHOST0028.sample.com IpmiIfcSensorGetThresholds: getHysteresis(0, 0, true) returned cc = 203
SAMPLEHOST0028.sample.com IpmiIfcSensorGetThresholds: getHysteresis(0, 0, true) returned cc = 203
SAMPLEHOST0028.sample.com IpmiIfcSensorGetThresholds: getHysteresis(0, 0, true) returned cc = 203
SAMPLEHOST0028.sample.com IpmiIfcSensorGetThresholds: getHysteresis(0, 0, true) returned cc = 203
SAMPLEHOST0028.sample.com IpmiIfcSensorGetThresholds: getHysteresis(0, 0, true) returned cc = 203
SAMPLEHOST0028.sample.com IpmiIfcSensorGetThresholds: getHysteresis(0, 0, true) returned cc = 203
SAMPLEHOST0028.sample.com IpmiIfcSensorGetThresholds: getHysteresis(0, 0, true) returned cc = 203
SAMPLEHOST0028.sample.com IpmiIfcSensorGetThresholds: getHysteresis(0, 0, true) returned cc = 203
SAMPLEHOST0028.sample.com IpmiIfcSensorGetThresholds: getHysteresis(0, 0, true) returned cc = 203
SAMPLEHOST0028.sample.com IpmiIfcSensorGetThresholds: getHysteresis(0, 0, true) returned cc = 203
SAMPLEHOST0029.sample.com IpmiIfcSensorGetThresholds: getHysteresis(147, 21, true) returned cc = 203
SAMPLEHOST0029.sample.com IpmiIfcSensorGetThresholds: getHysteresis(147, 21, true) returned cc = 203
SAMPLEHOST0029.sample.com IpmiIfcSensorGetThresholds: getHysteresis(147, 21, true) returned cc = 203
SAMPLEHOST0029.sample.com IpmiIfcSensorGetThresholds: getHysteresis(147, 21, true) returned cc = 203
SAMPLEHOST0029.sample.com IpmiIfcSensorGetThresholds: getHysteresis(147, 21, true) returned cc = 203
SAMPLEHOST0030.sample.com Skipping device naa.60000970000297700435533030314242 either due to VSI read error or abnormal state
SAMPLEHOST0030.sample.com Skipping device naa.60000970000297700435533030314242 either due to VSI read error or abnormal state
SAMPLEHOST0030.sample.com IpmiIfcSensorGetThresholds: getHysteresis(188, 255, true) returned cc = 203
SAMPLEHOST0030.sample.com IpmiIfcSensorGetThresholds: getHysteresis(188, 255, true) returned cc = 203
SAMPLEHOST0030.sample.com IpmiIfcSensorGetThresholds: getHysteresis(188, 255, true) returned cc = 203
SAMPLEHOST0030.sample.com IpmiIfcSensorGetThresholds: getHysteresis(188, 255, true) returned cc = 203
SAMPLEHOST0010.sample.com Skipping device naa.60000970000297700435533030314242 either due to VSI read error or abnormal state
SAMPLEHOST0032.sample.com IpmiIfcSensorGetThresholds: getHysteresis(0, 0, true) returned cc = 203
SAMPLEHOST0032.sample.com IpmiIfcSensorGetThresholds: getHysteresis(0, 0, true) returned cc = 203
SAMPLEHOST0032.sample.com Skipping device naa.60000970000297700435533030314242 either due to VSI read error or abnormal state
SAMPLEHOST0033.sample.com IpmiIfcSensorGetThresholds: getHysteresis(172, 26, true) returned cc = 203
SAMPLEHOST0033.sample.com IpmiIfcSensorGetThresholds: getHysteresis(172, 26, true) returned cc = 203
SAMPLEHOST0033.sample.com IpmiIfcSensorGetThresholds: getHysteresis(172, 26, true) returned cc = 203
SAMPLEHOST0033.sample.com IpmiIfcSensorGetThresholds: getHysteresis(172, 26, true) returned cc = 203
SAMPLEHOST0033.sample.com IpmiIfcSensorGetThresholds: getHysteresis(172, 26, true) returned cc = 203
SAMPLEHOST0033.sample.com IpmiIfcSensorGetThresholds: getHysteresis(172, 26, true) returned cc = 203
SAMPLEHOST0033.sample.com IpmiIfcSensorGetThresholds: getHysteresis(172, 26, true) returned cc = 203
SAMPLEHOST0034.sample.com Skipping device naa.60000970000297700435533030314242 either due to VSI read error or abnormal state
SAMPLEHOST0034.sample.com warning hostd[16A01B70] [Originator@6876 sub=Statssvc.vim.PerformanceManager] Calculated read I/O size 1047835 for scsi0:2 is out of range -- 1047835,prevBytes = 835565523968 curBytes = 838487938048 prevCommands = 1185932curCommands = 1188721
SAMPLEHOST0034.sample.com warning hostd[16A01B70] [Originator@6876 sub=Statssvc.vim.PerformanceManager] Calculated read I/O size 1048576 for scsi0:2 is out of range -- 1048576,prevBytes = 10994129446912 curBytes = 10998025955328 prevCommands = 20176056curCommands = 20179772
SAMPLEHOST0034.sample.com Skipping device naa.60000970000297700435533030314242 either due to VSI read error or abnormal state
SAMPLEHOST0035.sample.com info vpxa[879FB70] [Originator@6876 sub=vpxLro opID=8c802d1-c7] [VpxLRO] -- BEGIN lro-785839 -- vpxa -- vpxapi.VpxaService.queryBatchPerformanceStatistics -- 5252c8d9-50d5-9cee-9c95-d8bb616e7199
SAMPLEHOST0035.sample.com IpmiIfcSensorGetThresholds: getHysteresis(0, 0, true) returned cc = 203
SAMPLEHOST0035.sample.com [netlogon] Looking for a DC in domain 'SMPL.samplecompanyGROUP.NET', site '<null>' with flags 100
SAMPLEHOST0035.sample.com [netlogon] Looking for a DC in domain 'SMPL.samplecompanygroup.net', site '<null>' with flags 100
SAMPLEHOST0035.sample.com [netlogon] Looking for a DC in domain 'SMPL.samplecompanygroup.net', site '<null>' with flags 140
SAMPLEHOST0035.sample.com [netlogon] Looking for a DC in domain 'consignia.com', site '<null>' with flags 100
SAMPLEHOST0035.sample.com [netlogon] Looking for a DC in domain 'consignia.com', site '<null>' with flags 140
SAMPLEHOST0035.sample.com [netlogon] Looking for a DC in domain 'AUTOMIS', site '<null>' with flags 100
SAMPLEHOST0035.sample.com [netlogon] Looking for a DC in domain '<null>', site '<null>' with flags 140
SAMPLEHOST0035.sample.com [netlogon] Looking for a DC in domain 'uk.consignia.com', site '<null>' with flags 100
SAMPLEHOST0035.sample.com [netlogon] Looking for a DC in domain 'consignia.com', site '<null>' with flags 140
SAMPLEHOST0035.sample.com [netlogon] Looking for a DC in domain 'ukdev.uk.consignia.com', site '<null>' with flags 100
SAMPLEHOST0035.sample.com [netlogon] Looking for a DC in domain 'consignia.com', site '<null>' with flags 140
SAMPLEHOST0035.sample.com [netlogon] Looking for a DC in domain 'SMPL.samplecompanyGROUP.NET', site '<null>' with flags 0
SAMPLEHOST0035.sample.com info hostd[159C2B70] [Originator@6876 sub=VsanSimsStubImpl opID=ee42937d user=vpxuser] Calling vim.host.VsanSystem.GetConfig
SAMPLEHOST0035.sample.com IpmiIfcSensorGetThresholds: getHysteresis(0, 0, true) returned cc = 203
SAMPLEHOST0035.sample.com IpmiIfcSensorGetThresholds: getHysteresis(0, 0, true) returned cc = 203
SAMPLEHOST0035.sample.com IpmiIfcSensorGetThresholds: getHysteresis(0, 0, true) returned cc = 203
SAMPLEHOST0035.sample.com IpmiIfcSensorGetThresholds: getHysteresis(0, 0, true) returned cc = 203
SAMPLEHOST0035.sample.com Skipping device naa.60000970000297700435533030314242 either due to VSI read error or abnormal state
SAMPLEHOST0035.sample.com IpmiIfcSensorGetThresholds: getHysteresis(0, 0, true) returned cc = 203
SAMPLEHOST0035.sample.com warning hostd[13FF4B70] [Originator@6876 sub=VigorStatsProvider(351290536)] AddVirtualMachine: VM '105' already registered
SAMPLEHOST0035.sample.com warning hostd[13FF4B70] [Originator@6876 sub=VigorStatsProvider(351290536)] AddVirtualMachine: VM '110' already registered
SAMPLEHOST0035.sample.com warning hostd[13FF4B70] [Originator@6876 sub=VigorStatsProvider(351290536)] AddVirtualMachine: VM '111' already registered
SAMPLEHOST0035.sample.com warning hostd[13FF4B70] [Originator@6876 sub=VigorStatsProvider(351290536)] AddVirtualMachine: VM '112' already registered
SAMPLEHOST0035.sample.com warning hostd[13FF4B70] [Originator@6876 sub=VigorStatsProvider(351290536)] AddVirtualMachine: VM '121' already registered
SAMPLEHOST0035.sample.com warning hostd[13FF4B70] [Originator@6876 sub=VigorStatsProvider(351290536)] AddVirtualMachine: VM '13' already registered
SAMPLEHOST0035.sample.com warning hostd[13FF4B70] [Originator@6876 sub=VigorStatsProvider(351290536)] AddVirtualMachine: VM '143' already registered
SAMPLEHOST0035.sample.com warning hostd[13FF4B70] [Originator@6876 sub=VigorStatsProvider(351290536)] AddVirtualMachine: VM '145' already registered
SAMPLEHOST0035.sample.com warning hostd[13FF4B70] [Originator@6876 sub=VigorStatsProvider(351290536)] AddVirtualMachine: VM '157' already registered
SAMPLEHOST0035.sample.com warning hostd[13FF4B70] [Originator@6876 sub=VigorStatsProvider(351290536)] AddVirtualMachine: VM '158' already registered
SAMPLEHOST0035.sample.com warning hostd[13FF4B70] [Originator@6876 sub=VigorStatsProvider(351290536)] AddVirtualMachine: VM '159' already registered
SAMPLEHOST0035.sample.com warning hostd[13FF4B70] [Originator@6876 sub=VigorStatsProvider(351290536)] AddVirtualMachine: VM '167' already registered
SAMPLEHOST0035.sample.com warning hostd[13FF4B70] [Originator@6876 sub=VigorStatsProvider(351290536)] AddVirtualMachine: VM '168' already registered
SAMPLEHOST0035.sample.com warning hostd[13FF4B70] [Originator@6876 sub=VigorStatsProvider(351290536)] AddVirtualMachine: VM '178' already registered
SAMPLEHOST0035.sample.com warning hostd[13FF4B70] [Originator@6876 sub=VigorStatsProvider(351290536)] AddVirtualMachine: VM '181' already registered
SAMPLEHOST0035.sample.com warning hostd[13FF4B70] [Originator@6876 sub=VigorStatsProvider(351290536)] AddVirtualMachine: VM '200' already registered
SAMPLEHOST0035.sample.com warning hostd[13FF4B70] [Originator@6876 sub=VigorStatsProvider(351290536)] AddVirtualMachine: VM '202' already registered
SAMPLEHOST0035.sample.com warning hostd[13FF4B70] [Originator@6876 sub=VigorStatsProvider(351290536)] AddVirtualMachine: VM '205' already registered
SAMPLEHOST0035.sample.com warning hostd[13FF4B70] [Originator@6876 sub=VigorStatsProvider(351290536)] AddVirtualMachine: VM '208' already registered
SAMPLEHOST0035.sample.com warning hostd[13FF4B70] [Originator@6876 sub=VigorStatsProvider(351290536)] AddVirtualMachine: VM '239' already registered
SAMPLEHOST0035.sample.com warning hostd[13FF4B70] [Originator@6876 sub=VigorStatsProvider(351290536)] AddVirtualMachine: VM '244' already registered
SAMPLEHOST0035.sample.com warning hostd[13FF4B70] [Originator@6876 sub=VigorStatsProvider(351290536)] AddVirtualMachine: VM '247' already registered
SAMPLEHOST0035.sample.com warning hostd[13FF4B70] [Originator@6876 sub=VigorStatsProvider(351290536)] AddVirtualMachine: VM '256' already registered
SAMPLEHOST0035.sample.com warning hostd[13FF4B70] [Originator@6876 sub=VigorStatsProvider(351290536)] AddVirtualMachine: VM '259' already registered
SAMPLEHOST0035.sample.com warning hostd[13FF4B70] [Originator@6876 sub=VigorStatsProvider(351290536)] AddVirtualMachine: VM '26' already registered
SAMPLEHOST0035.sample.com warning hostd[13FF4B70] [Originator@6876 sub=VigorStatsProvider(351290536)] AddVirtualMachine: VM '261' already registered
SAMPLEHOST0035.sample.com warning hostd[13FF4B70] [Originator@6876 sub=VigorStatsProvider(351290536)] AddVirtualMachine: VM '263' already registered
SAMPLEHOST0035.sample.com warning hostd[13FF4B70] [Originator@6876 sub=VigorStatsProvider(351290536)] AddVirtualMachine: VM '264' already registered
SAMPLEHOST0035.sample.com warning hostd[13FF4B70] [Originator@6876 sub=VigorStatsProvider(351290536)] AddVirtualMachine: VM '265' already registered
SAMPLEHOST0035.sample.com warning hostd[13FF4B70] [Originator@6876 sub=VigorStatsProvider(351290536)] AddVirtualMachine: VM '266' already registered
SAMPLEHOST0035.sample.com warning hostd[13FF4B70] [Originator@6876 sub=VigorStatsProvider(351290536)] AddVirtualMachine: VM '268' already registered
SAMPLEHOST0035.sample.com warning hostd[13FF4B70] [Originator@6876 sub=VigorStatsProvider(351290536)] AddVirtualMachine: VM '270' already registered
SAMPLEHOST0035.sample.com warning hostd[13FF4B70] [Originator@6876 sub=VigorStatsProvider(351290536)] AddVirtualMachine: VM '272' already registered
SAMPLEHOST0035.sample.com warning hostd[13FF4B70] [Originator@6876 sub=VigorStatsProvider(351290536)] AddVirtualMachine: VM '306' already registered
SAMPLEHOST0035.sample.com warning hostd[13FF4B70] [Originator@6876 sub=VigorStatsProvider(351290536)] AddVirtualMachine: VM '308' already registered
SAMPLEHOST0035.sample.com warning hostd[13FF4B70] [Originator@6876 sub=VigorStatsProvider(351290536)] AddVirtualMachine: VM '309' already registered
SAMPLEHOST0035.sample.com warning hostd[13FF4B70] [Originator@6876 sub=VigorStatsProvider(351290536)] AddVirtualMachine: VM '315' already registered
SAMPLEHOST0035.sample.com warning hostd[13FF4B70] [Originator@6876 sub=VigorStatsProvider(351290536)] AddVirtualMachine: VM '34' already registered
SAMPLEHOST0035.sample.com warning hostd[13FF4B70] [Originator@6876 sub=VigorStatsProvider(351290536)] AddVirtualMachine: VM '358' already registered
SAMPLEHOST0035.sample.com warning hostd[13FF4B70] [Originator@6876 sub=VigorStatsProvider(351290536)] AddVirtualMachine: VM '365' already registered
SAMPLEHOST0035.sample.com warning hostd[13FF4B70] [Originator@6876 sub=VigorStatsProvider(351290536)] AddVirtualMachine: VM '37' already registered
SAMPLEHOST0035.sample.com warning hostd[13FF4B70] [Originator@6876 sub=VigorStatsProvider(351290536)] AddVirtualMachine: VM '374' already registered
SAMPLEHOST0035.sample.com warning hostd[13FF4B70] [Originator@6876 sub=VigorStatsProvider(351290536)] AddVirtualMachine: VM '391' already registered
SAMPLEHOST0035.sample.com warning hostd[13FF4B70] [Originator@6876 sub=VigorStatsProvider(351290536)] AddVirtualMachine: VM '4' already registered
SAMPLEHOST0035.sample.com warning hostd[13FF4B70] [Originator@6876 sub=VigorStatsProvider(351290536)] AddVirtualMachine: VM '426' already registered
SAMPLEHOST0035.sample.com warning hostd[13FF4B70] [Originator@6876 sub=VigorStatsProvider(351290536)] AddVirtualMachine: VM '428' already registered
SAMPLEHOST0035.sample.com warning hostd[13FF4B70] [Originator@6876 sub=VigorStatsProvider(351290536)] AddVirtualMachine: VM '50' already registered
SAMPLEHOST0035.sample.com warning hostd[13FF4B70] [Originator@6876 sub=VigorStatsProvider(351290536)] AddVirtualMachine: VM '56' already registered
SAMPLEHOST0035.sample.com warning hostd[13FF4B70] [Originator@6876 sub=VigorStatsProvider(351290536)] AddVirtualMachine: VM '63' already registered
SAMPLEHOST0035.sample.com warning hostd[13FF4B70] [Originator@6876 sub=VigorStatsProvider(351290536)] AddVirtualMachine: VM '79' already registered
SAMPLEHOST0035.sample.com warning hostd[13FF4B70] [Originator@6876 sub=VigorStatsProvider(351290536)] AddVirtualMachine: VM '81' already registered
SAMPLEHOST0035.sample.com warning hostd[13FF4B70] [Originator@6876 sub=VigorStatsProvider(351290536)] AddVirtualMachine: VM '84' already registered
SAMPLEHOST0035.sample.com warning hostd[13FF4B70] [Originator@6876 sub=VigorStatsProvider(351290536)] AddVirtualMachine: VM '87' already registered
SAMPLEHOST0035.sample.com warning hostd[13FF4B70] [Originator@6876 sub=VigorStatsProvider(351290536)] AddVirtualMachine: VM '90' already registered
SAMPLEHOST0035.sample.com IpmiIfcSensorGetThresholds: getHysteresis(0, 0, true) returned cc = 203
SAMPLEHOST0035.sample.com IpmiIfcSensorGetThresholds: getHysteresis(0, 0, true) returned cc = 203
SAMPLEHOST0035.sample.com IpmiIfcSensorGetThresholds: getHysteresis(0, 0, true) returned cc = 203
SAMPLEHOST0036.sample.com info vpxa[6058B70] [Originator@6876 sub=vpxLro opID=cbb38b-f2] [VpxLRO] -- BEGIN lro-1212082 -- vpxa -- vpxapi.VpxaService.queryBatchPerformanceStatistics -- 528aafbe-33c7-c62d-b0fa-e3a24ed1ed9e
SAMPLEHOST0036.sample.com info vpxa[6058B70] [Originator@6876 sub=vpxLro opID=HB-host-89901@584940-5eae078b-64] [VpxLRO] -- BEGIN session[528aafbe-33c7-c62d-b0fa-e3a24ed1ed9e]5295917c-9b1f-1041-8edc-659f61856229 -- vpxa -- vpxapi.VpxaService.retrieveChanges -- 528aafbe-33c7-c62d-b0fa-e3a24ed1ed9e
SAMPLEHOST0036.sample.com info vpxa[5999B70] [Originator@6876 sub=vpxLro opID=HB-host-89901@584940-5eae078b-64-SWI-11c9c943] [VpxLroList::ForgetTask] Unregistering vim.Task:session[528aafbe-33c7-c62d-b0fa-e3a24ed1ed9e]52510e45-ec0b-875a-a914-6ca103306775
SAMPLEHOST0036.sample.com info vpxa[6058B70] [Originator@6876 sub=vpxLro opID=HB-host-89901@584940-5eae078b-64] [VpxLRO] -- FINISH session[528aafbe-33c7-c62d-b0fa-e3a24ed1ed9e]5295917c-9b1f-1041-8edc-659f61856229
SAMPLEHOST0036.sample.com info vpxa[60FDB70] [Originator@6876 sub=vpxLro opID=HB-host-89901@584940-5eae078b-18] [VpxLRO] -- BEGIN lro-1212086 -- session[528aafbe-33c7-c62d-b0fa-e3a24ed1ed9e]52003717-71fa-1d32-ce99-c8cba3111cb2 -- vmodl.query.PropertyCollector.Filter.destroy -- 528aafbe-33c7-c62d-b0fa-e3a24ed1ed9e
SAMPLEHOST0036.sample.com info vpxa[60FDB70] [Originator@6876 sub=vpxLro opID=HB-host-89901@584940-5eae078b-18] [VpxLRO] -- FINISH lro-1212086
SAMPLEHOST0036.sample.com IpmiIfcSensorGetThresholds: getHysteresis(44, 21, true) returned cc = 203
SAMPLEHOST0036.sample.com IpmiIfcSensorGetThresholds: getHysteresis(44, 21, true) returned cc = 203
SAMPLEHOST0036.sample.com IpmiIfcSensorGetThresholds: getHysteresis(44, 21, true) returned cc = 203
SAMPLEHOST0036.sample.com IpmiIfcSensorGetThresholds: getHysteresis(44, 21, true) returned cc = 203
SAMPLEHOST0036.sample.com IpmiIfcSensorGetThresholds: getHysteresis(44, 21, true) returned cc = 203
SAMPLEHOST0036.sample.com Skipping device naa.60000970000297700435533030314242 either due to VSI read error or abnormal state
SAMPLEHOST0036.sample.com IpmiIfcSensorGetThresholds: getHysteresis(44, 21, true) returned cc = 203
SAMPLEHOST0036.sample.com IpmiIfcSensorGetThresholds: getHysteresis(44, 21, true) returned cc = 203
SAMPLEHOST0036.sample.com IpmiIfcSensorGetThresholds: getHysteresis(44, 21, true) returned cc = 203
SAMPLEHOST0036.sample.com IpmiIfcSensorGetThresholds: getHysteresis(44, 21, true) returned cc = 203
SAMPLEHOST0036.sample.com IpmiIfcSensorGetThresholds: getHysteresis(44, 21, true) returned cc = 203
SAMPLEHOST0036.sample.com IpmiIfcSensorGetThresholds: getHysteresis(44, 21, true) returned cc = 203
SAMPLEHOST0036.sample.com Skipping device naa.60000970000297700435533030314242 either due to VSI read error or abnormal state
SAMPLEHOST0036.sample.com info hostd[15640B70] [Originator@6876 sub=VsanSimsStubImpl opID=f4d2c4ed user=vpxuser] Calling vim.host.VsanSystem.GetConfig
SAMPLEHOST0036.sample.com warning vpxa[59DBB70] [Originator@6876 sub=VpxProfiler] InvokeWithOpId [TotalTime] took 3136 ms
SAMPLEHOST0037.sample.com info hostd[18D40B70] [Originator@6876 sub=Hostsvc.DvsTracker opID=3c238c38 user=vpxuser] FetchUplinkDVPortgroups: Appended uplinkPg for dvs 50 33 0a a7 d5 34 2d a0-99 52 6e c5 8f c7 1e 41 portgroup dvportgroup-89934
SAMPLEHOST0037.sample.com info hostd[18D40B70] [Originator@6876 sub=Hostsvc.DvsTracker opID=3c238c38 user=vpxuser] FetchUplinkDVPortgroups: Appended uplinkPg for dvs 50 33 c3 27 21 a5 ce 21-08 37 8f 0b 9e c7 94 ba portgroup dvportgroup-89936
SAMPLEHOST0037.sample.com info hostd[18D40B70] [Originator@6876 sub=Hostsvc.DvsTracker opID=3c238c38 user=vpxuser] FetchUplinkDVPortgroups: added 57 items
SAMPLEHOST0037.sample.com info vpxa[9422B70] [Originator@6876 sub=vpxLro opID=HB-host-89902@455562-5bf8183c-4f] [VpxLRO] -- BEGIN session[52d16561-8b85-ceed-b46d-be4ae8ca7158]52365859-fa35-c3de-dd2d-8e3f141ab7b4 -- vpxa -- vpxapi.VpxaService.retrieveChanges -- 52d16561-8b85-ceed-b46d-be4ae8ca7158
SAMPLEHOST0037.sample.com info vpxa[94A6B70] [Originator@6876 sub=vpxLro opID=HB-host-89902@455562-5bf8183c-4f-SWI-6a5e4ee0] [VpxLroList::ForgetTask] Unregistering vim.Task:session[52d16561-8b85-ceed-b46d-be4ae8ca7158]528f6711-81a5-4a84-8d82-4bdfeb6e7768
SAMPLEHOST0038.sample.com info vpxa[6E98B70] [Originator@6876 sub=vpxLro opID=1d7a6648-9d] [VpxLRO] -- BEGIN lro-698730 -- vpxa -- vpxapi.VpxaService.queryBatchPerformanceStatistics -- 520c0970-4bac-6106-c33c-230a31a2ddb2
SAMPLEHOST0038.sample.com warning hostd[191C2B70] [Originator@6876 sub=VigorStatsProvider(409264032)] AddVirtualMachine: VM '143' already registered
SAMPLEHOST0038.sample.com warning hostd[191C2B70] [Originator@6876 sub=VigorStatsProvider(409264032)] AddVirtualMachine: VM '162' already registered
SAMPLEHOST0038.sample.com warning hostd[191C2B70] [Originator@6876 sub=VigorStatsProvider(409264032)] AddVirtualMachine: VM '214' already registered
SAMPLEHOST0038.sample.com warning hostd[191C2B70] [Originator@6876 sub=VigorStatsProvider(409264032)] AddVirtualMachine: VM '216' already registered
SAMPLEHOST0038.sample.com warning hostd[191C2B70] [Originator@6876 sub=VigorStatsProvider(409264032)] AddVirtualMachine: VM '228' already registered
SAMPLEHOST0038.sample.com warning hostd[191C2B70] [Originator@6876 sub=VigorStatsProvider(409264032)] AddVirtualMachine: VM '246' already registered
SAMPLEHOST0038.sample.com warning hostd[191C2B70] [Originator@6876 sub=VigorStatsProvider(409264032)] AddVirtualMachine: VM '267' already registered
SAMPLEHOST0038.sample.com warning hostd[191C2B70] [Originator@6876 sub=VigorStatsProvider(409264032)] AddVirtualMachine: VM '268' already registered
SAMPLEHOST0038.sample.com warning hostd[191C2B70] [Originator@6876 sub=VigorStatsProvider(409264032)] AddVirtualMachine: VM '279' already registered
SAMPLEHOST0038.sample.com warning hostd[191C2B70] [Originator@6876 sub=VigorStatsProvider(409264032)] AddVirtualMachine: VM '305' already registered
SAMPLEHOST0038.sample.com warning hostd[191C2B70] [Originator@6876 sub=VigorStatsProvider(409264032)] AddVirtualMachine: VM '320' already registered
SAMPLEHOST0038.sample.com warning hostd[191C2B70] [Originator@6876 sub=VigorStatsProvider(409264032)] AddVirtualMachine: VM '345' already registered
SAMPLEHOST0038.sample.com warning hostd[191C2B70] [Originator@6876 sub=VigorStatsProvider(409264032)] AddVirtualMachine: VM '35' already registered
SAMPLEHOST0038.sample.com warning hostd[191C2B70] [Originator@6876 sub=VigorStatsProvider(409264032)] AddVirtualMachine: VM '38' already registered
SAMPLEHOST0038.sample.com warning hostd[191C2B70] [Originator@6876 sub=VigorStatsProvider(409264032)] AddVirtualMachine: VM '43' already registered
SAMPLEHOST0038.sample.com warning hostd[191C2B70] [Originator@6876 sub=VigorStatsProvider(409264032)] AddVirtualMachine: VM '45' already registered
SAMPLEHOST0038.sample.com warning hostd[191C2B70] [Originator@6876 sub=VigorStatsProvider(409264032)] AddVirtualMachine: VM '55' already registered
SAMPLEHOST0038.sample.com warning hostd[191C2B70] [Originator@6876 sub=VigorStatsProvider(409264032)] AddVirtualMachine: VM '57' already registered
SAMPLEHOST0038.sample.com warning hostd[191C2B70] [Originator@6876 sub=VigorStatsProvider(409264032)] AddVirtualMachine: VM '58' already registered
SAMPLEHOST0038.sample.com warning hostd[191C2B70] [Originator@6876 sub=VigorStatsProvider(409264032)] AddVirtualMachine: VM '61' already registered
SAMPLEHOST0038.sample.com warning hostd[191C2B70] [Originator@6876 sub=VigorStatsProvider(409264032)] AddVirtualMachine: VM '66' already registered
SAMPLEHOST0038.sample.com warning hostd[191C2B70] [Originator@6876 sub=VigorStatsProvider(409264032)] AddVirtualMachine: VM '67' already registered
SAMPLEHOST0038.sample.com warning hostd[191C2B70] [Originator@6876 sub=VigorStatsProvider(409264032)] AddVirtualMachine: VM '68' already registered
SAMPLEHOST0038.sample.com warning hostd[191C2B70] [Originator@6876 sub=VigorStatsProvider(409264032)] AddVirtualMachine: VM '7' already registered
SAMPLEHOST0038.sample.com warning hostd[191C2B70] [Originator@6876 sub=VigorStatsProvider(409264032)] AddVirtualMachine: VM '72' already registered
SAMPLEHOST0038.sample.com warning hostd[191C2B70] [Originator@6876 sub=VigorStatsProvider(409264032)] AddVirtualMachine: VM '74' already registered
SAMPLEHOST0038.sample.com warning hostd[191C2B70] [Originator@6876 sub=VigorStatsProvider(409264032)] AddVirtualMachine: VM '77' already registered
SAMPLEHOST0038.sample.com warning hostd[191C2B70] [Originator@6876 sub=VigorStatsProvider(409264032)] AddVirtualMachine: VM '78' already registered
SAMPLEHOST0038.sample.com warning hostd[191C2B70] [Originator@6876 sub=VigorStatsProvider(409264032)] AddVirtualMachine: VM '79' already registered
SAMPLEHOST0038.sample.com warning hostd[191C2B70] [Originator@6876 sub=VigorStatsProvider(409264032)] AddVirtualMachine: VM '86' already registered
SAMPLEHOST0038.sample.com warning hostd[191C2B70] [Originator@6876 sub=VigorStatsProvider(409264032)] AddVirtualMachine: VM '95' already registered
SAMPLEHOST0038.sample.com Skipping device naa.60000970000297700435533030314242 either due to VSI read error or abnormal state
SAMPLEHOST0038.sample.com Skipping device naa.60000970000297700435533030314242 either due to VSI read error or abnormal state
SAMPLEHOST0038.sample.com cpu53:65933)<NMLX_INF> nmlx5_core: vmnic1: nmlx5_en_PrintFilterOpInfo - (nmlx5_core_en_multiq.c:1583) filter MAC Only removed from FT[NON-TUNNEL: idx 13] queue [2]
SAMPLEHOST0038.sample.com cpu53:65933)<NMLX_INF> nmlx5_core: vmnic1: nmlx5_en_PrintFilterOpInfo - (nmlx5_core_en_multiq.c:1600) filter info: MAC 00:50:56:a7:18:3f  
SAMPLEHOST0038.sample.com cpu53:65933)<NMLX_INF> nmlx5_core: vmnic1: nmlx5_en_PrintFilterOpInfo - (nmlx5_core_en_multiq.c:1583) filter MAC Only applied on FT[NON-TUNNEL: idx 13] queue [0]
SAMPLEHOST0038.sample.com cpu53:65933)<NMLX_INF> nmlx5_core: vmnic1: nmlx5_en_PrintFilterOpInfo - (nmlx5_core_en_multiq.c:1600) filter info: MAC 00:50:56:a7:18:3f  
SAMPLEHOST0039.sample.com warning hostd[16580B70] [Originator@6876 sub=VigorStatsProvider(342174104)] AddVirtualMachine: VM '100' already registered
SAMPLEHOST0039.sample.com warning hostd[16580B70] [Originator@6876 sub=VigorStatsProvider(342174104)] AddVirtualMachine: VM '101' already registered
SAMPLEHOST0039.sample.com warning hostd[16580B70] [Originator@6876 sub=VigorStatsProvider(342174104)] AddVirtualMachine: VM '102' already registered
SAMPLEHOST0039.sample.com warning hostd[16580B70] [Originator@6876 sub=VigorStatsProvider(342174104)] AddVirtualMachine: VM '106' already registered
SAMPLEHOST0039.sample.com warning hostd[16580B70] [Originator@6876 sub=VigorStatsProvider(342174104)] AddVirtualMachine: VM '109' already registered
SAMPLEHOST0039.sample.com warning hostd[16580B70] [Originator@6876 sub=VigorStatsProvider(342174104)] AddVirtualMachine: VM '111' already registered
SAMPLEHOST0039.sample.com warning hostd[16580B70] [Originator@6876 sub=VigorStatsProvider(342174104)] AddVirtualMachine: VM '112' already registered
SAMPLEHOST0039.sample.com warning hostd[16580B70] [Originator@6876 sub=VigorStatsProvider(342174104)] AddVirtualMachine: VM '114' already registered
SAMPLEHOST0039.sample.com warning hostd[16580B70] [Originator@6876 sub=VigorStatsProvider(342174104)] AddVirtualMachine: VM '118' already registered
SAMPLEHOST0039.sample.com warning hostd[16580B70] [Originator@6876 sub=VigorStatsProvider(342174104)] AddVirtualMachine: VM '120' already registered
SAMPLEHOST0039.sample.com warning hostd[16580B70] [Originator@6876 sub=VigorStatsProvider(342174104)] AddVirtualMachine: VM '126' already registered
SAMPLEHOST0039.sample.com warning hostd[16580B70] [Originator@6876 sub=VigorStatsProvider(342174104)] AddVirtualMachine: VM '128' already registered
SAMPLEHOST0039.sample.com warning hostd[16580B70] [Originator@6876 sub=VigorStatsProvider(342174104)] AddVirtualMachine: VM '139' already registered
SAMPLEHOST0039.sample.com warning hostd[16580B70] [Originator@6876 sub=VigorStatsProvider(342174104)] AddVirtualMachine: VM '148' already registered
SAMPLEHOST0039.sample.com warning hostd[16580B70] [Originator@6876 sub=VigorStatsProvider(342174104)] AddVirtualMachine: VM '159' already registered
SAMPLEHOST0039.sample.com warning hostd[16580B70] [Originator@6876 sub=VigorStatsProvider(342174104)] AddVirtualMachine: VM '16' already registered
SAMPLEHOST0039.sample.com warning hostd[16580B70] [Originator@6876 sub=VigorStatsProvider(342174104)] AddVirtualMachine: VM '160' already registered
SAMPLEHOST0039.sample.com warning hostd[16580B70] [Originator@6876 sub=VigorStatsProvider(342174104)] AddVirtualMachine: VM '161' already registered
SAMPLEHOST0039.sample.com warning hostd[16580B70] [Originator@6876 sub=VigorStatsProvider(342174104)] AddVirtualMachine: VM '177' already registered
SAMPLEHOST0039.sample.com warning hostd[16580B70] [Originator@6876 sub=VigorStatsProvider(342174104)] AddVirtualMachine: VM '182' already registered
SAMPLEHOST0039.sample.com warning hostd[16580B70] [Originator@6876 sub=VigorStatsProvider(342174104)] AddVirtualMachine: VM '186' already registered
SAMPLEHOST0039.sample.com warning hostd[16580B70] [Originator@6876 sub=VigorStatsProvider(342174104)] AddVirtualMachine: VM '190' already registered
SAMPLEHOST0039.sample.com warning hostd[16580B70] [Originator@6876 sub=VigorStatsProvider(342174104)] AddVirtualMachine: VM '191' already registered
SAMPLEHOST0039.sample.com warning hostd[16580B70] [Originator@6876 sub=VigorStatsProvider(342174104)] AddVirtualMachine: VM '192' already registered
SAMPLEHOST0039.sample.com warning hostd[16580B70] [Originator@6876 sub=VigorStatsProvider(342174104)] AddVirtualMachine: VM '213' already registered
SAMPLEHOST0039.sample.com warning hostd[16580B70] [Originator@6876 sub=VigorStatsProvider(342174104)] AddVirtualMachine: VM '22' already registered
SAMPLEHOST0039.sample.com warning hostd[16580B70] [Originator@6876 sub=VigorStatsProvider(342174104)] AddVirtualMachine: VM '234' already registered
SAMPLEHOST0039.sample.com warning hostd[16580B70] [Originator@6876 sub=VigorStatsProvider(342174104)] AddVirtualMachine: VM '245' already registered
SAMPLEHOST0039.sample.com warning hostd[16580B70] [Originator@6876 sub=VigorStatsProvider(342174104)] AddVirtualMachine: VM '246' already registered
SAMPLEHOST0039.sample.com warning hostd[16580B70] [Originator@6876 sub=VigorStatsProvider(342174104)] AddVirtualMachine: VM '247' already registered
SAMPLEHOST0039.sample.com warning hostd[16580B70] [Originator@6876 sub=VigorStatsProvider(342174104)] AddVirtualMachine: VM '273' already registered
SAMPLEHOST0039.sample.com warning hostd[16580B70] [Originator@6876 sub=VigorStatsProvider(342174104)] AddVirtualMachine: VM '275' already registered
SAMPLEHOST0039.sample.com warning hostd[16580B70] [Originator@6876 sub=VigorStatsProvider(342174104)] AddVirtualMachine: VM '276' already registered
SAMPLEHOST0039.sample.com warning hostd[16580B70] [Originator@6876 sub=VigorStatsProvider(342174104)] AddVirtualMachine: VM '279' already registered
SAMPLEHOST0039.sample.com warning hostd[16580B70] [Originator@6876 sub=VigorStatsProvider(342174104)] AddVirtualMachine: VM '282' already registered
SAMPLEHOST0039.sample.com warning hostd[16580B70] [Originator@6876 sub=VigorStatsProvider(342174104)] AddVirtualMachine: VM '348' already registered
SAMPLEHOST0039.sample.com warning hostd[16580B70] [Originator@6876 sub=VigorStatsProvider(342174104)] AddVirtualMachine: VM '375' already registered
SAMPLEHOST0039.sample.com warning hostd[16580B70] [Originator@6876 sub=VigorStatsProvider(342174104)] AddVirtualMachine: VM '376' already registered
SAMPLEHOST0039.sample.com warning hostd[16580B70] [Originator@6876 sub=VigorStatsProvider(342174104)] AddVirtualMachine: VM '46' already registered
SAMPLEHOST0039.sample.com warning hostd[16580B70] [Originator@6876 sub=VigorStatsProvider(342174104)] AddVirtualMachine: VM '70' already registered
SAMPLEHOST0039.sample.com warning hostd[16580B70] [Originator@6876 sub=VigorStatsProvider(342174104)] AddVirtualMachine: VM '74' already registered
SAMPLEHOST0039.sample.com warning hostd[16580B70] [Originator@6876 sub=VigorStatsProvider(342174104)] AddVirtualMachine: VM '91' already registered
SAMPLEHOST0039.sample.com warning hostd[16580B70] [Originator@6876 sub=VigorStatsProvider(342174104)] AddVirtualMachine: VM '94' already registered
SAMPLEHOST0039.sample.com warning hostd[16580B70] [Originator@6876 sub=VigorStatsProvider(342174104)] AddVirtualMachine: VM '97' already registered
SAMPLEHOST0039.sample.com info vpxa[C535B70] [Originator@6876 sub=vpxLro opID=1d7a6648-85] [VpxLRO] -- BEGIN lro-722675 -- vpxa -- vpxapi.VpxaService.queryBatchPerformanceStatistics -- 527cebd4-63ed-8972-3593-3b9ea527e12a
SAMPLEHOST0039.sample.com Skipping device naa.60000970000297700435533030314242 either due to VSI read error or abnormal state
SAMPLEHOST0040.sample.com info vpxa[2B642B70] [Originator@6876 sub=vpxLro opID=330ebd8-f6] [VpxLRO] -- BEGIN lro-953850 -- vpxa -- vpxapi.VpxaService.queryBatchPerformanceStatistics -- 52215810-38af-0428-8b56-23043301ccbd
SAMPLEHOST0040.sample.com IPMI SEL sync took 0 seconds 0 sel records, last 27
SAMPLEHOST0040.sample.com info hostd[10340B70] [Originator@6876 sub=Libs opID=4d273333] NetstackInstanceImpl: congestion control algorithm: newreno
SAMPLEHOST0040.sample.com info hostd[10340B70] [Originator@6876 sub=VsanSimsStubImpl opID=4d273333] Calling vim.host.VsanSystemEx.GetVsanRuntimeInfo
SAMPLEHOST0041 IPMI SEL sync took 0 seconds 0 sel records, last 11
SAMPLEHOST0041 info hostd[10281B70] [Originator@6876 sub=Libs opID=782de41c] NetstackInstanceImpl: congestion control algorithm: newreno
SAMPLEHOST0041 info hostd[10281B70] [Originator@6876 sub=VsanSimsStubImpl opID=782de41c] Calling vim.host.VsanSystemEx.GetVsanRuntimeInfo
SAMPLEHOST0042 [netlogon] Looking for a DC in domain 'SMPL.samplecompanyGROUP.NET', site '<null>' with flags 100
SAMPLEHOST0042 [netlogon] Looking for a DC in domain 'SMPL.samplecompanygroup.net', site '<null>' with flags 100
SAMPLEHOST0042 [netlogon] Looking for a DC in domain 'SMPL.samplecompanygroup.net', site '<null>' with flags 140
SAMPLEHOST0042 [netlogon] Looking for a DC in domain 'consignia.com', site '<null>' with flags 100
SAMPLEHOST0042 [netlogon] Looking for a DC in domain 'consignia.com', site '<null>' with flags 140
SAMPLEHOST0042 [netlogon] Looking for a DC in domain 'AUTOMIS', site '<null>' with flags 100
SAMPLEHOST0042 [netlogon] Looking for a DC in domain '<null>', site '<null>' with flags 140
SAMPLEHOST0042 [netlogon] Looking for a DC in domain 'uk.consignia.com', site '<null>' with flags 100
SAMPLEHOST0042 [netlogon] Looking for a DC in domain 'consignia.com', site '<null>' with flags 140
SAMPLEHOST0042 [netlogon] Looking for a DC in domain 'ukdev.uk.consignia.com', site '<null>' with flags 100
SAMPLEHOST0042 [netlogon] Looking for a DC in domain 'consignia.com', site '<null>' with flags 140
SAMPLEHOST0042 [netlogon] Looking for a DC in domain 'SMPL.samplecompanyGROUP.NET', site '<null>' with flags 0
SAMPLEHOST0043 IpmiIfcSensorGetThresholds: getHysteresis(0, 0, true) returned cc = 203
SAMPLEHOST0043 IpmiIfcSensorGetThresholds: getHysteresis(0, 0, true) returned cc = 203
SAMPLEHOST0043 IpmiIfcSensorGetThresholds: getHysteresis(0, 0, true) returned cc = 203
SAMPLEHOST0043 IpmiIfcSensorGetThresholds: getHysteresis(0, 0, true) returned cc = 203
SAMPLEHOST0043 IpmiIfcSensorGetThresholds: getHysteresis(0, 0, true) returned cc = 203
SAMPLEHOST0043 IpmiIfcSensorGetThresholds: getHysteresis(0, 0, true) returned cc = 203
SAMPLEHOST0044 IpmiIfcSensorGetThresholds: getHysteresis(122, 10, true) returned cc = 203
SAMPLEHOST0044 IpmiIfcSensorGetThresholds: getHysteresis(122, 10, true) returned cc = 203
SAMPLEHOST0044 IpmiIfcSensorGetThresholds: getHysteresis(122, 10, true) returned cc = 203
SAMPLEHOST0044 IpmiIfcSensorGetThresholds: getHysteresis(122, 10, true) returned cc = 203
SAMPLEHOST0044 IpmiIfcSensorGetThresholds: getHysteresis(122, 10, true) returned cc = 203
SAMPLEHOST0044 IpmiIfcSensorGetThresholds: getHysteresis(122, 10, true) returned cc = 203
SAMPLEHOST0044 IpmiIfcSensorGetThresholds: getHysteresis(122, 10, true) returned cc = 203
SAMPLEHOST0044 IpmiIfcSensorGetThresholds: getHysteresis(122, 10, true) returned cc = 203
SAMPLEHOST0044 IpmiIfcSensorGetThresholds: getHysteresis(122, 10, true) returned cc = 203
SAMPLEHOST0044 IpmiIfcSensorGetThresholds: getHysteresis(122, 10, true) returned cc = 203
SAMPLEHOST0044 IpmiIfcSensorGetThresholds: getHysteresis(122, 10, true) returned cc = 203
SAMPLEHOST0044 IpmiIfcSensorGetThresholds: getHysteresis(122, 10, true) returned cc = 203
SAMPLEHOST0046 cpu8:65933)<NMLX_INF> nmlx5_core: vmnic1: nmlx5_en_PrintFilterOpInfo - (nmlx5_core_en_multiq.c:1583) filter MAC Only removed from FT[NON-TUNNEL: idx 18] queue [0]
SAMPLEHOST0046 cpu8:65933)<NMLX_INF> nmlx5_core: vmnic1: nmlx5_en_PrintFilterOpInfo - (nmlx5_core_en_multiq.c:1600) filter info: MAC 00:50:56:b9:54:f8
SAMPLEHOST0046 cpu8:65933)<NMLX_INF> nmlx5_core: vmnic1: nmlx5_en_PrintFilterOpInfo - (nmlx5_core_en_multiq.c:1583) filter MAC Only removed from FT[NON-TUNNEL: idx 22] queue [1]
SAMPLEHOST0046 cpu8:65933)<NMLX_INF> nmlx5_core: vmnic1: nmlx5_en_PrintFilterOpInfo - (nmlx5_core_en_multiq.c:1600) filter info: MAC 00:50:56:b9:32:0b
SAMPLEHOST0046 cpu8:65933)<NMLX_INF> nmlx5_core: vmnic1: nmlx5_en_PrintFilterOpInfo - (nmlx5_core_en_multiq.c:1583) filter MAC Only applied on FT[NON-TUNNEL: idx 18] queue [0]
SAMPLEHOST0046 cpu8:65933)<NMLX_INF> nmlx5_core: vmnic1: nmlx5_en_PrintFilterOpInfo - (nmlx5_core_en_multiq.c:1600) filter info: MAC 00:50:56:b9:32:0b
SAMPLEHOST0046 cpu8:65933)<NMLX_INF> nmlx5_core: vmnic1: nmlx5_en_PrintFilterOpInfo - (nmlx5_core_en_multiq.c:1583) filter MAC Only applied on FT[NON-TUNNEL: idx 22] queue [4]
SAMPLEHOST0046 cpu8:65933)<NMLX_INF> nmlx5_core: vmnic1: nmlx5_en_PrintFilterOpInfo - (nmlx5_core_en_multiq.c:1600) filter info: MAC 00:50:56:b9:54:f8
SAMPLEHOST0046 warning hostd[D281B70] [Originator@6876 sub=Statssvc.vim.PerformanceManager] Calculated write I/O size 768504 for scsi0:1 is out of range -- 768504,prevBytes = 290175704064 curBytes = 290277915136 prevCommands = 471693curCommands = 471826
SAMPLEHOST0047 IpmiIfcSensorGetThresholds: Sensor Number = 0xa7, failed send cc = 0xc3
SAMPLEHOST0047 IpmiIfcSensorGetThresholds: Sensor Number = 0x3f, failed send cc = 0xc3
SAMPLEHOST0047 IpmiIfcSensorGetReading: Sensor Number 0x89, failed send cc = 0xc3
SAMPLEHOST0047 IpmiIfcSensorGetReading: Sensor Number 0x0, failed send cc = 0xc3
SAMPLEHOST0047 IpmiIfcSensorGetReading: Sensor Number 0x7, failed send cc = 0xc3
SAMPLEHOST0048 IpmiIfcSensorGetThresholds: Sensor Number = 0x75, failed send cc = 0xc3
SAMPLEHOST0048 IpmiIfcSensorGetReading: Sensor Number 0x7d, failed send cc = 0xc3
SAMPLEHOST0049 IpmiIfcSensorGetThresholds: Sensor Number = 0x73, failed send cc = 0xc3
SAMPLEHOST0051 info vpxa[A67FB70] [Originator@6876 sub=vpxLro opID=3d786b15-db] [VpxLRO] -- BEGIN lro-176054 -- vpxa -- vpxapi.VpxaService.queryBatchPerformanceStatistics -- 527f5139-c681-b931-dbc9-3c61c89d98c6
SAMPLEHOST0051 info vpxa[A67FB70] [Originator@6876 sub=vpxLro opID=3d786b15-db] [VpxLRO] -- FINISH lro-176054
SAMPLEHOST0051 info vpxa[A4D2B70] [Originator@6876 sub=VpxaHalResourcePool opID=SWI-1f3701f0] GetOverrideFailureCount() = 0 MAX_CONSECUTIVE_OVERRIDE_FAILURES = 3   
SAMPLEHOST0051 IpmiIfcSensorGetThresholds: getHysteresis(0, 0, true) returned cc = 203
SAMPLEHOST0051 IpmiIfcSensorGetThresholds: getHysteresis(0, 0, true) returned cc = 203
SAMPLEHOST0051 IpmiIfcSensorGetThresholds: getHysteresis(0, 0, true) returned cc = 203
SAMPLEHOST0051 IpmiIfcSensorGetThresholds: getHysteresis(0, 0, true) returned cc = 203
SAMPLEHOST0051 IPMI SEL sync took 0 seconds 0 sel records, last 48891
SAMPLEHOST0051 info hostd[17985B70] [Originator@6876 sub=Libs opID=46406ff9] NetstackInstanceImpl: congestion control algorithm: newreno
SAMPLEHOST0051 info hostd[17985B70] [Originator@6876 sub=VsanSimsStubImpl opID=46406ff9] Calling vim.host.VsanSystemEx.GetVsanRuntimeInfo
SAMPLEHOST0051 cpu18:65757)<NMLX_INF> nmlx5_core: vmnic11: nmlx5_en_PrintFilterOpInfo - (nmlx5_core_en_multiq.c:1583) filter MAC Only removed from FT[NON-TUNNEL: idx 7] queue [0]
SAMPLEHOST0051 cpu18:65757)<NMLX_INF> nmlx5_core: vmnic11: nmlx5_en_PrintFilterOpInfo - (nmlx5_core_en_multiq.c:1600) filter info: MAC 00:50:56:95:45:96
SAMPLEHOST0051 cpu18:65757)<NMLX_INF> nmlx5_core: vmnic11: nmlx5_en_PrintFilterOpInfo - (nmlx5_core_en_multiq.c:1583) filter MAC Only applied on FT[NON-TUNNEL: idx 7] queue [1]
SAMPLEHOST0051 cpu18:65757)<NMLX_INF> nmlx5_core: vmnic11: nmlx5_en_PrintFilterOpInfo - (nmlx5_core_en_multiq.c:1600) filter info: MAC 00:50:56:95:45:96
SAMPLEHOST0052 IpmiIfcSensorGetThresholds: getHysteresis(156, 22, true) returned cc = 203
SAMPLEHOST0052 IpmiIfcSensorGetThresholds: getHysteresis(156, 22, true) returned cc = 203
SAMPLEHOST0052 IpmiIfcSensorGetThresholds: getHysteresis(156, 22, true) returned cc = 203
SAMPLEHOST0052 IpmiIfcSensorGetThresholds: getHysteresis(156, 22, true) returned cc = 203
SAMPLEHOST0052 IpmiIfcSensorGetThresholds: getHysteresis(156, 22, true) returned cc = 203
SAMPLEHOST0052 IpmiIfcSensorGetThresholds: getHysteresis(156, 22, true) returned cc = 203
SAMPLEHOST0052 IpmiIfcSensorGetThresholds: getHysteresis(156, 22, true) returned cc = 203
SAMPLEHOST0052 cpu25:1040586)WARNING: vmw_psp_rr: psp_rrSelectPathToActivate:1101: Could not select path for device "Unregistered Device".
SAMPLEHOST0052 cpu25:1040586)WARNING: NMP: nmpPathClaimEnd:1217: Device, seen through path vmhba3:C0:T1:L0 is not registered (no active paths)
SAMPLEHOST0052 cpu25:1040586)WARNING: vmw_psp_rr: psp_rrSelectPathToActivate:1101: Could not select path for device "Unregistered Device".
SAMPLEHOST0052 cpu25:1040586)WARNING: NMP: nmpPathClaimEnd:1217: Device, seen through path vmhba3:C0:T2:L0 is not registered (no active paths)
SAMPLEHOST0052 cpu25:1040586)WARNING: vmw_psp_rr: psp_rrSelectPathToActivate:1101: Could not select path for device "Unregistered Device".
SAMPLEHOST0052 cpu25:1040586)WARNING: NMP: nmpPathClaimEnd:1217: Device, seen through path vmhba2:C0:T3:L0 is not registered (no active paths)
SAMPLEHOST0052 cpu25:1040586)WARNING: vmw_psp_rr: psp_rrSelectPathToActivate:1101: Could not select path for device "Unregistered Device".
SAMPLEHOST0052 cpu25:1040586)WARNING: NMP: nmpPathClaimEnd:1217: Device, seen through path vmhba2:C0:T0:L0 is not registered (no active paths)
SAMPLEHOST0052 cpu25:1040586)WARNING: vmw_psp_rr: psp_rrSelectPathToActivate:1101: Could not select path for device "Unregistered Device".
SAMPLEHOST0052 cpu25:1040586)WARNING: NMP: nmpPathClaimEnd:1217: Device, seen through path vmhba5:C0:T0:L0 is not registered (no active paths)
SAMPLEHOST0052 cpu25:1040586)WARNING: vmw_psp_rr: psp_rrSelectPathToActivate:1101: Could not select path for device "Unregistered Device".
SAMPLEHOST0052 cpu25:1040586)WARNING: NMP: nmpPathClaimEnd:1217: Device, seen through path vmhba4:C0:T2:L0 is not registered (no active paths)
SAMPLEHOST0052 cpu25:1040586)WARNING: vmw_psp_rr: psp_rrSelectPathToActivate:1101: Could not select path for device "Unregistered Device".
SAMPLEHOST0052 cpu25:1040586)WARNING: NMP: nmpPathClaimEnd:1217: Device, seen through path vmhba5:C0:T1:L0 is not registered (no active paths)
SAMPLEHOST0052 cpu25:1040586)WARNING: vmw_psp_rr: psp_rrSelectPathToActivate:1101: Could not select path for device "Unregistered Device".
SAMPLEHOST0052 cpu25:1040586)WARNING: NMP: nmpPathClaimEnd:1217: Device, seen through path vmhba4:C0:T0:L0 is not registered (no active paths)
SAMPLEHOST0052 cpu48:1040342)WARNING: vmw_psp_rr: psp_rrSelectPathToActivate:1101: Could not select path for device "Unregistered Device".
SAMPLEHOST0052 cpu48:1040342)WARNING: NMP: nmpPathClaimEnd:1217: Device, seen through path vmhba3:C0:T1:L0 is not registered (no active paths)
SAMPLEHOST0052 cpu48:1040342)WARNING: vmw_psp_rr: psp_rrSelectPathToActivate:1101: Could not select path for device "Unregistered Device".
SAMPLEHOST0052 cpu48:1040342)WARNING: NMP: nmpPathClaimEnd:1217: Device, seen through path vmhba3:C0:T2:L0 is not registered (no active paths)
SAMPLEHOST0052 cpu48:1040342)WARNING: vmw_psp_rr: psp_rrSelectPathToActivate:1101: Could not select path for device "Unregistered Device".
SAMPLEHOST0052 cpu48:1040342)WARNING: NMP: nmpPathClaimEnd:1217: Device, seen through path vmhba2:C0:T3:L0 is not registered (no active paths)
SAMPLEHOST0052 cpu48:1040342)WARNING: vmw_psp_rr: psp_rrSelectPathToActivate:1101: Could not select path for device "Unregistered Device".
SAMPLEHOST0052 cpu48:1040342)WARNING: NMP: nmpPathClaimEnd:1217: Device, seen through path vmhba2:C0:T0:L0 is not registered (no active paths)
SAMPLEHOST0052 cpu48:1040342)WARNING: vmw_psp_rr: psp_rrSelectPathToActivate:1101: Could not select path for device "Unregistered Device".
SAMPLEHOST0052 cpu48:1040342)WARNING: NMP: nmpPathClaimEnd:1217: Device, seen through path vmhba5:C0:T0:L0 is not registered (no active paths)
SAMPLEHOST0052 cpu48:1040342)WARNING: vmw_psp_rr: psp_rrSelectPathToActivate:1101: Could not select path for device "Unregistered Device".
SAMPLEHOST0052 cpu48:1040342)WARNING: NMP: nmpPathClaimEnd:1217: Device, seen through path vmhba4:C0:T2:L0 is not registered (no active paths)
SAMPLEHOST0052 cpu48:1040342)WARNING: vmw_psp_rr: psp_rrSelectPathToActivate:1101: Could not select path for device "Unregistered Device".
SAMPLEHOST0052 cpu48:1040342)WARNING: NMP: nmpPathClaimEnd:1217: Device, seen through path vmhba5:C0:T1:L0 is not registered (no active paths)
SAMPLEHOST0052 cpu48:1040342)WARNING: vmw_psp_rr: psp_rrSelectPathToActivate:1101: Could not select path for device "Unregistered Device".
SAMPLEHOST0052 cpu48:1040342)WARNING: NMP: nmpPathClaimEnd:1217: Device, seen through path vmhba4:C0:T0:L0 is not registered (no active paths)
SAMPLEHOST0052 cpu22:1041048)WARNING: vmw_psp_rr: psp_rrSelectPathToActivate:1101: Could not select path for device "Unregistered Device".
SAMPLEHOST0052 cpu22:1041048)WARNING: NMP: nmpPathClaimEnd:1217: Device, seen through path vmhba3:C0:T1:L0 is not registered (no active paths)
SAMPLEHOST0052 cpu22:1041048)WARNING: vmw_psp_rr: psp_rrSelectPathToActivate:1101: Could not select path for device "Unregistered Device".
SAMPLEHOST0052 cpu22:1041048)WARNING: NMP: nmpPathClaimEnd:1217: Device, seen through path vmhba3:C0:T2:L0 is not registered (no active paths)
SAMPLEHOST0052 cpu22:1041048)WARNING: vmw_psp_rr: psp_rrSelectPathToActivate:1101: Could not select path for device "Unregistered Device".
SAMPLEHOST0052 cpu22:1041048)WARNING: NMP: nmpPathClaimEnd:1217: Device, seen through path vmhba2:C0:T3:L0 is not registered (no active paths)
SAMPLEHOST0052 cpu22:1041048)WARNING: vmw_psp_rr: psp_rrSelectPathToActivate:1101: Could not select path for device "Unregistered Device".
SAMPLEHOST0052 cpu22:1041048)WARNING: NMP: nmpPathClaimEnd:1217: Device, seen through path vmhba2:C0:T0:L0 is not registered (no active paths)
SAMPLEHOST0052 cpu22:1041048)WARNING: vmw_psp_rr: psp_rrSelectPathToActivate:1101: Could not select path for device "Unregistered Device".
SAMPLEHOST0052 cpu22:1041048)WARNING: NMP: nmpPathClaimEnd:1217: Device, seen through path vmhba5:C0:T0:L0 is not registered (no active paths)
SAMPLEHOST0052 cpu22:1041048)WARNING: vmw_psp_rr: psp_rrSelectPathToActivate:1101: Could not select path for device "Unregistered Device".
SAMPLEHOST0052 cpu22:1041048)WARNING: NMP: nmpPathClaimEnd:1217: Device, seen through path vmhba4:C0:T2:L0 is not registered (no active paths)
SAMPLEHOST0052 cpu22:1041048)WARNING: vmw_psp_rr: psp_rrSelectPathToActivate:1101: Could not select path for device "Unregistered Device".
SAMPLEHOST0052 cpu22:1041048)WARNING: NMP: nmpPathClaimEnd:1217: Device, seen through path vmhba5:C0:T1:L0 is not registered (no active paths)
SAMPLEHOST0052 cpu22:1041048)WARNING: vmw_psp_rr: psp_rrSelectPathToActivate:1101: Could not select path for device "Unregistered Device".
SAMPLEHOST0052 cpu22:1041048)WARNING: NMP: nmpPathClaimEnd:1217: Device, seen through path vmhba4:C0:T0:L0 is not registered (no active paths)
SAMPLEHOST0052 cpu23:1038849)WARNING: vmw_psp_rr: psp_rrSelectPathToActivate:1101: Could not select path for device "Unregistered Device".
SAMPLEHOST0052 cpu23:1038849)WARNING: NMP: nmpPathClaimEnd:1217: Device, seen through path vmhba3:C0:T1:L0 is not registered (no active paths)
SAMPLEHOST0052 cpu23:1038849)WARNING: vmw_psp_rr: psp_rrSelectPathToActivate:1101: Could not select path for device "Unregistered Device".
SAMPLEHOST0052 cpu23:1038849)WARNING: NMP: nmpPathClaimEnd:1217: Device, seen through path vmhba3:C0:T2:L0 is not registered (no active paths)
SAMPLEHOST0052 cpu23:1038849)WARNING: vmw_psp_rr: psp_rrSelectPathToActivate:1101: Could not select path for device "Unregistered Device".
SAMPLEHOST0052 cpu23:1038849)WARNING: NMP: nmpPathClaimEnd:1217: Device, seen through path vmhba2:C0:T3:L0 is not registered (no active paths)
SAMPLEHOST0052 cpu23:1038849)WARNING: vmw_psp_rr: psp_rrSelectPathToActivate:1101: Could not select path for device "Unregistered Device".
SAMPLEHOST0052 cpu23:1038849)WARNING: NMP: nmpPathClaimEnd:1217: Device, seen through path vmhba2:C0:T0:L0 is not registered (no active paths)
SAMPLEHOST0052 cpu23:1038849)WARNING: vmw_psp_rr: psp_rrSelectPathToActivate:1101: Could not select path for device "Unregistered Device".
SAMPLEHOST0052 cpu23:1038849)WARNING: NMP: nmpPathClaimEnd:1217: Device, seen through path vmhba5:C0:T0:L0 is not registered (no active paths)
SAMPLEHOST0052 cpu23:1038849)WARNING: vmw_psp_rr: psp_rrSelectPathToActivate:1101: Could not select path for device "Unregistered Device".
SAMPLEHOST0052 cpu23:1038849)WARNING: NMP: nmpPathClaimEnd:1217: Device, seen through path vmhba4:C0:T2:L0 is not registered (no active paths)
SAMPLEHOST0052 cpu23:1038849)WARNING: vmw_psp_rr: psp_rrSelectPathToActivate:1101: Could not select path for device "Unregistered Device".
SAMPLEHOST0052 cpu23:1038849)WARNING: NMP: nmpPathClaimEnd:1217: Device, seen through path vmhba5:C0:T1:L0 is not registered (no active paths)
SAMPLEHOST0052 cpu23:1038849)WARNING: vmw_psp_rr: psp_rrSelectPathToActivate:1101: Could not select path for device "Unregistered Device".
SAMPLEHOST0052 cpu23:1038849)WARNING: NMP: nmpPathClaimEnd:1217: Device, seen through path vmhba4:C0:T0:L0 is not registered (no active paths)
SAMPLEHOST0052 cpu21:1040225)WARNING: vmw_psp_rr: psp_rrSelectPathToActivate:1101: Could not select path for device "Unregistered Device".
SAMPLEHOST0052 cpu21:1040225)WARNING: NMP: nmpPathClaimEnd:1217: Device, seen through path vmhba3:C0:T1:L0 is not registered (no active paths)
SAMPLEHOST0052 cpu21:1040225)WARNING: vmw_psp_rr: psp_rrSelectPathToActivate:1101: Could not select path for device "Unregistered Device".
SAMPLEHOST0052 cpu21:1040225)WARNING: NMP: nmpPathClaimEnd:1217: Device, seen through path vmhba3:C0:T2:L0 is not registered (no active paths)
SAMPLEHOST0052 cpu21:1040225)WARNING: vmw_psp_rr: psp_rrSelectPathToActivate:1101: Could not select path for device "Unregistered Device".
SAMPLEHOST0052 cpu21:1040225)WARNING: NMP: nmpPathClaimEnd:1217: Device, seen through path vmhba2:C0:T3:L0 is not registered (no active paths)
SAMPLEHOST0052 cpu21:1040225)WARNING: vmw_psp_rr: psp_rrSelectPathToActivate:1101: Could not select path for device "Unregistered Device".
SAMPLEHOST0052 cpu21:1040225)WARNING: NMP: nmpPathClaimEnd:1217: Device, seen through path vmhba2:C0:T0:L0 is not registered (no active paths)
SAMPLEHOST0052 cpu21:1040225)WARNING: vmw_psp_rr: psp_rrSelectPathToActivate:1101: Could not select path for device "Unregistered Device".
SAMPLEHOST0052 cpu21:1040225)WARNING: NMP: nmpPathClaimEnd:1217: Device, seen through path vmhba5:C0:T0:L0 is not registered (no active paths)
SAMPLEHOST0052 cpu21:1040225)WARNING: vmw_psp_rr: psp_rrSelectPathToActivate:1101: Could not select path for device "Unregistered Device".
SAMPLEHOST0052 cpu21:1040225)WARNING: NMP: nmpPathClaimEnd:1217: Device, seen through path vmhba4:C0:T2:L0 is not registered (no active paths)
SAMPLEHOST0052 cpu21:1040225)WARNING: vmw_psp_rr: psp_rrSelectPathToActivate:1101: Could not select path for device "Unregistered Device".
SAMPLEHOST0052 cpu21:1040225)WARNING: NMP: nmpPathClaimEnd:1217: Device, seen through path vmhba5:C0:T1:L0 is not registered (no active paths)
SAMPLEHOST0052 cpu21:1040225)WARNING: vmw_psp_rr: psp_rrSelectPathToActivate:1101: Could not select path for device "Unregistered Device".
SAMPLEHOST0052 cpu21:1040225)WARNING: NMP: nmpPathClaimEnd:1217: Device, seen through path vmhba4:C0:T0:L0 is not registered (no active paths)
SAMPLEHOST0052 cpu49:1039937)WARNING: vmw_psp_rr: psp_rrSelectPathToActivate:1101: Could not select path for device "Unregistered Device".
SAMPLEHOST0052 cpu49:1039937)WARNING: NMP: nmpPathClaimEnd:1217: Device, seen through path vmhba3:C0:T1:L0 is not registered (no active paths)
SAMPLEHOST0052 cpu49:1039937)WARNING: vmw_psp_rr: psp_rrSelectPathToActivate:1101: Could not select path for device "Unregistered Device".
SAMPLEHOST0052 cpu49:1039937)WARNING: NMP: nmpPathClaimEnd:1217: Device, seen through path vmhba3:C0:T2:L0 is not registered (no active paths)
SAMPLEHOST0052 cpu49:1039937)WARNING: vmw_psp_rr: psp_rrSelectPathToActivate:1101: Could not select path for device "Unregistered Device".
SAMPLEHOST0052 cpu49:1039937)WARNING: NMP: nmpPathClaimEnd:1217: Device, seen through path vmhba2:C0:T3:L0 is not registered (no active paths)
SAMPLEHOST0052 cpu49:1039937)WARNING: vmw_psp_rr: psp_rrSelectPathToActivate:1101: Could not select path for device "Unregistered Device".
SAMPLEHOST0052 cpu49:1039937)WARNING: NMP: nmpPathClaimEnd:1217: Device, seen through path vmhba2:C0:T0:L0 is not registered (no active paths)
SAMPLEHOST0052 cpu49:1039937)WARNING: vmw_psp_rr: psp_rrSelectPathToActivate:1101: Could not select path for device "Unregistered Device".
SAMPLEHOST0052 cpu49:1039937)WARNING: NMP: nmpPathClaimEnd:1217: Device, seen through path vmhba5:C0:T0:L0 is not registered (no active paths)
SAMPLEHOST0052 cpu49:1039937)WARNING: vmw_psp_rr: psp_rrSelectPathToActivate:1101: Could not select path for device "Unregistered Device".
SAMPLEHOST0052 cpu49:1039937)WARNING: NMP: nmpPathClaimEnd:1217: Device, seen through path vmhba4:C0:T2:L0 is not registered (no active paths)
SAMPLEHOST0052 cpu49:1039937)WARNING: vmw_psp_rr: psp_rrSelectPathToActivate:1101: Could not select path for device "Unregistered Device".
SAMPLEHOST0052 cpu49:1039937)WARNING: NMP: nmpPathClaimEnd:1217: Device, seen through path vmhba5:C0:T1:L0 is not registered (no active paths)
SAMPLEHOST0052 cpu49:1039937)WARNING: vmw_psp_rr: psp_rrSelectPathToActivate:1101: Could not select path for device "Unregistered Device".
SAMPLEHOST0052 cpu49:1039937)WARNING: NMP: nmpPathClaimEnd:1217: Device, seen through path vmhba4:C0:T0:L0 is not registered (no active paths)
SAMPLEHOST0052 warning hostd[16540B70] [Originator@6876 sub=VigorStatsProvider(370520368)] AddVirtualMachine: VM '8' already registered
SAMPLEHOST0052 warning hostd[16540B70] [Originator@6876 sub=VigorStatsProvider(370520368)] AddVirtualMachine: VM '9' already registered
SAMPLEHOST0052 IpmiIfcSensorGetThresholds: getHysteresis(156, 22, true) returned cc = 203
SAMPLEHOST0052 IpmiIfcSensorGetThresholds: getHysteresis(156, 22, true) returned cc = 203
SAMPLEHOST0052 IpmiIfcSensorGetThresholds: getHysteresis(156, 22, true) returned cc = 203
SAMPLEHOST0052 [netlogon] Looking for a DC in domain 'SMPL.samplecompanyGROUP.NET', site '<null>' with flags 100
SAMPLEHOST0052 [netlogon] Looking for a DC in domain 'SMPL.samplecompanygroup.net', site '<null>' with flags 100
SAMPLEHOST0052 [netlogon] Looking for a DC in domain 'SMPL.samplecompanygroup.net', site '<null>' with flags 140
SAMPLEHOST0052 [netlogon] Looking for a DC in domain 'AUTOMIS', site '<null>' with flags 100
SAMPLEHOST0052 [netlogon] Looking for a DC in domain '<null>', site '<null>' with flags 140
SAMPLEHOST0052 [netlogon] Looking for a DC in domain 'consignia.com', site '<null>' with flags 100
SAMPLEHOST0052 [netlogon] Looking for a DC in domain 'consignia.com', site '<null>' with flags 140
SAMPLEHOST0052 [netlogon] Looking for a DC in domain 'uk.consignia.com', site '<null>' with flags 100
SAMPLEHOST0052 [netlogon] Looking for a DC in domain 'consignia.com', site '<null>' with flags 140
SAMPLEHOST0052 [netlogon] Looking for a DC in domain 'ukdev.uk.consignia.com', site '<null>' with flags 100
SAMPLEHOST0052 [netlogon] Looking for a DC in domain 'consignia.com', site '<null>' with flags 140
SAMPLEHOST0052 [netlogon] Looking for a DC in domain 'SMPL.samplecompanyGROUP.NET', site '<null>' with flags 0
SAMPLEHOST0053 IpmiIfcSelGetInfo: IPMI_CMD_GET_SEL_INFO cc=0xff
SAMPLEHOST0053 IpmiIfcSelGetInfo: IPMI_CMD_GET_SEL_INFO cc=0xff
SAMPLEHOST0053 warning hostd[15540B70] [Originator@6876 sub=VigorStatsProvider(356534680)] AddVirtualMachine: VM '12' already registered
SAMPLEHOST0053 warning hostd[15540B70] [Originator@6876 sub=VigorStatsProvider(356534680)] AddVirtualMachine: VM '14' already registered
SAMPLEHOST0053 warning hostd[15540B70] [Originator@6876 sub=VigorStatsProvider(356534680)] AddVirtualMachine: VM '15' already registered
SAMPLEHOST0054.sample.com IpmiIfcSensorGetThresholds: getHysteresis(232, 21, true) returned cc = 203
SAMPLEHOST0054.sample.com IpmiIfcSensorGetThresholds: getHysteresis(232, 21, true) returned cc = 203
SAMPLEHOST0054.sample.com IpmiIfcSensorGetThresholds: getHysteresis(232, 21, true) returned cc = 203
SAMPLEHOST0054.sample.com IpmiIfcSensorGetThresholds: getHysteresis(232, 21, true) returned cc = 203
SAMPLEHOST0054.sample.com IpmiIfcSensorGetThresholds: getHysteresis(232, 21, true) returned cc = 203
SAMPLEHOST0054.sample.com IpmiIfcSensorGetThresholds: getHysteresis(232, 21, true) returned cc = 203
SAMPLEHOST0054.sample.com IpmiIfcSensorGetThresholds: getHysteresis(232, 21, true) returned cc = 203
SAMPLEHOST0054.sample.com IpmiIfcSensorGetThresholds: getHysteresis(232, 21, true) returned cc = 203
SAMPLEHOST0054.sample.com IpmiIfcSensorGetThresholds: getHysteresis(232, 21, true) returned cc = 203
SAMPLEHOST0054.sample.com IpmiIfcSensorGetThresholds: getHysteresis(232, 21, true) returned cc = 203
SAMPLEHOST0055 IpmiIfcSensorGetThresholds: getHysteresis(35, 21, true) returned cc = 203
SAMPLEHOST0055 IpmiIfcSensorGetThresholds: getHysteresis(35, 21, true) returned cc = 203
SAMPLEHOST0055 IpmiIfcSensorGetThresholds: getHysteresis(35, 21, true) returned cc = 203
SAMPLEHOST0055 IpmiIfcSensorGetThresholds: getHysteresis(35, 21, true) returned cc = 203
SAMPLEHOST0055 IpmiIfcSensorGetThresholds: getHysteresis(35, 21, true) returned cc = 203
SAMPLEHOST0055 IpmiIfcSensorGetThresholds: getHysteresis(35, 21, true) returned cc = 203
SAMPLEHOST0055 IpmiIfcSensorGetThresholds: getHysteresis(35, 21, true) returned cc = 203
SAMPLEHOST0055 IpmiIfcSensorGetThresholds: getHysteresis(35, 21, true) returned cc = 203
SAMPLEHOST0055 IpmiIfcSensorGetThresholds: getHysteresis(35, 21, true) returned cc = 203
SAMPLEHOST0055 IpmiIfcSensorGetThresholds: getHysteresis(35, 21, true) returned cc = 203
SAMPLEHOST0055 IpmiIfcSensorGetThresholds: getHysteresis(35, 21, true) returned cc = 203
SAMPLEHOST0055 IpmiIfcSensorGetThresholds: getHysteresis(35, 21, true) returned cc = 203
SAMPLEHOST0055 IpmiIfcSensorGetThresholds: getHysteresis(35, 21, true) returned cc = 203
SAMPLEHOST0055 IpmiIfcSensorGetThresholds: getHysteresis(35, 21, true) returned cc = 203
SAMPLEHOST0057 IpmiIfcSensorGetThresholds: getHysteresis(184, 24, true) returned cc = 203
SAMPLEHOST0057 IpmiIfcSensorGetThresholds: getHysteresis(184, 24, true) returned cc = 203
SAMPLEHOST0057 IpmiIfcSensorGetThresholds: getHysteresis(184, 24, true) returned cc = 203
SAMPLEHOST0057 IpmiIfcSensorGetThresholds: getHysteresis(184, 24, true) returned cc = 203
SAMPLEHOST0057 IpmiIfcSensorGetThresholds: getHysteresis(184, 24, true) returned cc = 203
SAMPLEHOST0057 IpmiIfcSensorGetThresholds: getHysteresis(184, 24, true) returned cc = 203
SAMPLEHOST0057 IpmiIfcSensorGetThresholds: getHysteresis(184, 24, true) returned cc = 203
SAMPLEHOST0057 IpmiIfcSensorGetThresholds: getHysteresis(184, 24, true) returned cc = 203
SAMPLEHOST0057 IpmiIfcSensorGetThresholds: getHysteresis(184, 24, true) returned cc = 203
SAMPLEHOST0057 IpmiIfcSensorGetThresholds: getHysteresis(184, 24, true) returned cc = 203
SAMPLEHOST0057 IpmiIfcSensorGetThresholds: getHysteresis(184, 24, true) returned cc = 203
SAMPLEHOST0057 IpmiIfcSensorGetThresholds: getHysteresis(184, 24, true) returned cc = 203
SAMPLEHOST0057 IpmiIfcSensorGetThresholds: getHysteresis(184, 24, true) returned cc = 203
SAMPLEHOST0057 IpmiIfcSensorGetThresholds: getHysteresis(184, 24, true) returned cc = 203
SAMPLEHOST0057 IpmiIfcSensorGetThresholds: getHysteresis(184, 24, true) returned cc = 203
SAMPLEHOST0057 IpmiIfcSensorGetThresholds: getHysteresis(184, 24, true) returned cc = 203
SAMPLEHOST0057 IpmiIfcSensorGetThresholds: getHysteresis(184, 24, true) returned cc = 203
SAMPLEHOST0057 IpmiIfcSensorGetThresholds: getHysteresis(184, 24, true) returned cc = 203